#
# A fatal error has been detected by the Java Runtime Environment:
#
#  SIGSEGV (0xb) at pc=0x00007fff98013097, pid=784, tid=3335
#
# JRE version: Java(TM) SE Runtime Environment (8.0_40-b19) (build 1.8.0_40-ea-b19)
# Java VM: Java HotSpot(TM) 64-Bit Server VM (25.40-b23 mixed mode bsd-amd64 compressed oops)
# Problematic frame:
# C  [libobjc.A.dylib+0x5097]  objc_msgSend+0x17
#
# Failed to write core dump. Core dumps have been disabled. To enable core dumping, try "ulimit -c unlimited" before starting Java again
#
# If you would like to submit a bug report, please visit:
#   http://bugreport.java.com/bugreport/crash.jsp
# The crash happened outside the Java Virtual Machine in native code.
# See problematic frame for where to report the bug.
#

---------------  T H R E A D  ---------------

Current thread (0x00007ff21d8b5000):  JavaThread "AppKit Thread" daemon [_thread_in_native, id=3335, stack(0x00007fff58eb9000,0x00007fff596b9000)]

siginfo: si_signo: 11 (SIGSEGV), si_code: 0 (unknown), si_addr: 0x0000000000000000

Registers:
RAX=0x00007ff21bf5d8a0, RBX=0x00000000000f42f3, RCX=0x0000000000000000, RDX=0x00007ff21bc17650
RSP=0x00007fff596b45f8, RBP=0x00007fff596b4600, RSI=0x00007fff9430db9f, RDI=0x00007ff21bf5d8a0
R8 =0x0000000000000040, R9 =0x00007fff596b4500, R10=0x00007fff9430db9f, R11=0x500007ff21bf5d3d
R12=0x00000000000f42f3, R13=0x00007fff596b47c8, R14=0x00007ff22133eb10, R15=0x00007fff596b4728
RIP=0x00007fff98013097, EFLAGS=0x0000000000010246, ERR=0x0000000000000000
  TRAPNO=0x000000000000000d

Top of Stack: (sp=0x00007fff596b45f8)
0x00007fff596b45f8:   00007fff996ebe0c 00007fff596b4960
0x00007fff596b4608:   00007fff995df82d 0000000000000003
0x00007fff596b4618:   0000000106568600 00007fff596b4660
0x00007fff596b4628:   00007fff8f5d0272 00000000000007e0
0x00007fff596b4638:   00000000000f42f5 0000000000000002
0x00007fff596b4648:   00007ff21bc21cb0 00007ff21bc21620
0x00007fff596b4658:   00007ff21be02ff0 00007ff21bc17650
0x00007fff596b4668:   00007fff596b4720 0000000000000000
0x00007fff596b4678:   00000000000f42f3 0000000000000054
0x00007fff596b4688:   00007fff596b47a0 0000000000000000
0x00007fff596b4698:   0000000000000001 00007ff21be02fe0
0x00007fff596b46a8:   000000000000004f 000000000001338e
0x00007fff596b46b8:   0000010000000000 00007fff7ea1ba60
0x00007fff596b46c8:   0000206000c716ea 00007fff596b4820
0x00007fff596b46d8:   0000000000000000 00007fff596b47b8
0x00007fff596b46e8:   00007fff596b4798 00007fff7ea1ba48
0x00007fff596b46f8:   0000000000000000 000000000000000f
0x00007fff596b4708:   00007fff97c716ea 00007fff7ddfbd38
0x00007fff596b4718:   0000000000000000 00007ff21bc21d30
0x00007fff596b4728:   00007ff22133eb10 00007fff95b60b08
0x00007fff596b4738:   0000000000000000 00007fff596b4800
0x00007fff596b4748:   00007fff992d5dde 00007fff7e18f0d0
0x00007fff596b4758:   0000000042000000 00007fff992de1d1
0x00007fff596b4768:   00007fff7e9f7b40 00007fff596b4868
0x00007fff596b4778:   00007fff596b4798 00007fff596b47b8
0x00007fff596b4788:   0000000000000000 0000000106561001
0x00007fff596b4798:   0000000000000000 000000000000004d
0x00007fff596b47a8:   0000000000000000 00000000000f42df
0x00007fff596b47b8:   000000000000004f 0000000000000000
0x00007fff596b47c8:   00000000000f42f3 00000001596b4870
0x00007fff596b47d8:   00007fff97c72261 00007fff7e68f748
0x00007fff596b47e8:   00007fff7e68f74c 000000007e68b1b8 

Instructions: (pc=0x00007fff98013097)
0x00007fff98013077:   90 90 90 90 90 90 90 90 90 48 85 ff 2e 74 72 40
0x00007fff98013087:   f6 c7 01 2e 0f 85 7e 00 00 00 4c 8b 1f 49 89 f2
0x00007fff98013097:   45 23 53 18 49 c1 e2 04 4d 03 53 10 49 3b 32 75
0x00007fff980130a7:   04 41 ff 62 08 49 83 3a 00 74 74 4d 3b 53 10 74 

Register to memory mapping:

RAX=0x00007ff21bf5d8a0 is an unknown value
RBX=0x00000000000f42f3 is an unknown value
RCX=0x0000000000000000 is an unknown value
RDX=0x00007ff21bc17650 is an unknown value
RSP=0x00007fff596b45f8 is pointing into the stack for thread: 0x00007ff21d8b5000
RBP=0x00007fff596b4600 is pointing into the stack for thread: 0x00007ff21d8b5000
RSI=0x00007fff9430db9f: NSAppKitVersionNumber+0x5358f in /System/Library/Frameworks/AppKit.framework/Versions/C/AppKit at 0x00007fff9386a000
RDI=0x00007ff21bf5d8a0 is an unknown value
R8 =0x0000000000000040 is an unknown value
R9 =0x00007fff596b4500 is pointing into the stack for thread: 0x00007ff21d8b5000
R10=0x00007fff9430db9f: NSAppKitVersionNumber+0x5358f in /System/Library/Frameworks/AppKit.framework/Versions/C/AppKit at 0x00007fff9386a000
R11=0x500007ff21bf5d3d is an unknown value
R12=0x00000000000f42f3 is an unknown value
R13=0x00007fff596b47c8 is pointing into the stack for thread: 0x00007ff21d8b5000
R14=0x00007ff22133eb10 is an unknown value
R15=0x00007fff596b4728 is pointing into the stack for thread: 0x00007ff21d8b5000


Stack: [0x00007fff58eb9000,0x00007fff596b9000],  sp=0x00007fff596b45f8,  free space=8173k
Native frames: (J=compiled Java code, j=interpreted, Vv=VM code, C=native code)
C  [libobjc.A.dylib+0x5097]  objc_msgSend+0x17
C  [CoreFoundation+0x1082d]  _CFXNotificationPost+0xb4d
C  [Foundation+0x27ba]  -[NSNotificationCenter postNotificationName:object:userInfo:]+0x44
C  [AppKit+0x10f5a9]  -[NSSurface _disposeSurface]+0x98
C  [AppKit+0x10f045]  -[NSSurface setWindow:]+0x46
C  [AppKit+0x3af27]  -[NSView _setWindow:]+0x8ea
C  [AppKit+0x3bf7a]  -[NSView removeFromSuperview]+0x15e
C  [AppKit+0x986e9]  -[NSView removeFromSuperviewWithoutNeedingDisplay]+0x26
C  [liblwjgl.jnilib+0x9c3e]  +[MacOSXKeyableWindow destroyWindow]+0xde
C  [Foundation+0x6313e]  __NSThreadPerformPerform+0xe5
C  [CoreFoundation+0x7f5b1]  __CFRUNLOOP_IS_CALLING_OUT_TO_A_SOURCE0_PERFORM_FUNCTION__+0x11
C  [CoreFoundation+0x70c62]  __CFRunLoopDoSources0+0xf2
C  [CoreFoundation+0x703ef]  __CFRunLoopRun+0x33f
C  [CoreFoundation+0x6fe75]  CFRunLoopRunSpecific+0x135
C  [HIToolbox+0x2ea0d]  RunCurrentEventLoopInMode+0xe2
C  [HIToolbox+0x2e7b7]  ReceiveNextEventCommon+0x1df
C  [HIToolbox+0x2e5bc]  _BlockUntilNextEventMatchingListInModeWithFilter+0x41
C  [AppKit+0x2424e]  _DPSNextEvent+0x59a
C  [AppKit+0x2389b]  -[NSApplication nextEventMatchingMask:untilDate:inMode:dequeue:]+0x7a
C  [libosxapp.dylib+0x242a]  -[NSApplicationAWT nextEventMatchingMask:untilDate:inMode:dequeue:]+0x7c
C  [AppKit+0x1799c]  -[NSApplication run]+0x229
C  [libosxapp.dylib+0x223e]  +[NSApplicationAWT runAWTLoopWithApp:]+0x9c
C  [libawt_lwawt.dylib+0x4463b]  -[AWTStarter starter:]+0x389
C  [Foundation+0x6313e]  __NSThreadPerformPerform+0xe5
C  [CoreFoundation+0x7f5b1]  __CFRUNLOOP_IS_CALLING_OUT_TO_A_SOURCE0_PERFORM_FUNCTION__+0x11
C  [CoreFoundation+0x70c62]  __CFRunLoopDoSources0+0xf2
C  [CoreFoundation+0x703ef]  __CFRunLoopRun+0x33f
C  [CoreFoundation+0x6fe75]  CFRunLoopRunSpecific+0x135
C  [java+0x6480]  CreateExecutionEnvironment+0x367
C  [java+0x220c]  JLI_Launch+0x7a0
C  [java+0x84dd]  main+0x65
C  [java+0x1a64]  start+0x34
C  0x0000000000000006


---------------  P R O C E S S  ---------------

Java Threads: ( => current thread )
  0x00007ff21d097000 JavaThread "AWT-Shutdown" [_thread_blocked, id=34059, stack(0x0000000121b84000,0x0000000121c84000)]
=>0x00007ff21d8b5000 JavaThread "AppKit Thread" daemon [_thread_in_native, id=3335, stack(0x00007fff58eb9000,0x00007fff596b9000)]
  0x00007ff21d002800 JavaThread "Service Thread" daemon [_thread_blocked, id=22275, stack(0x000000011fe7d000,0x000000011ff7d000)]
  0x00007ff21c00b800 JavaThread "C1 CompilerThread3" daemon [_thread_blocked, id=21763, stack(0x000000011fd7a000,0x000000011fe7a000)]
  0x00007ff21d02d000 JavaThread "C2 CompilerThread2" daemon [_thread_blocked, id=21251, stack(0x000000011fc77000,0x000000011fd77000)]
  0x00007ff21d022000 JavaThread "C2 CompilerThread1" daemon [_thread_blocked, id=20739, stack(0x000000011fb74000,0x000000011fc74000)]
  0x00007ff21d020800 JavaThread "C2 CompilerThread0" daemon [_thread_blocked, id=20227, stack(0x000000011fa71000,0x000000011fb71000)]
  0x00007ff21d004000 JavaThread "Signal Dispatcher" daemon [_thread_blocked, id=19715, stack(0x000000011f96e000,0x000000011fa6e000)]
  0x00007ff21c80b800 JavaThread "Finalizer" daemon [_thread_blocked, id=14595, stack(0x000000011f71f000,0x000000011f81f000)]
  0x00007ff21e803000 JavaThread "Reference Handler" daemon [_thread_blocked, id=14083, stack(0x000000011f61c000,0x000000011f71c000)]
  0x00007ff21d801000 JavaThread "main" [_thread_in_native, id=6403, stack(0x000000010665d000,0x000000010675d000)]

Other Threads:
  0x00007ff21d85c800 VMThread [stack: 0x000000011f519000,0x000000011f619000] [id=13571]
  0x00007ff21d87f000 WatcherThread [stack: 0x000000011ff80000,0x0000000120080000] [id=22787]

VM state:not at safepoint (normal execution)

VM Mutex/Monitor currently owned by a thread: None

Heap:
 PSYoungGen      total 687104K, used 672729K [0x0000000795580000, 0x00000007c0000000, 0x00000007c0000000)
  eden space 678400K, 97% used [0x0000000795580000,0x00000007bddf67a8,0x00000007bec00000)
  from space 8704K, 100% used [0x00000007bec00000,0x00000007bf480000,0x00000007bf480000)
  to   space 10240K, 0% used [0x00000007bf600000,0x00000007bf600000,0x00000007c0000000)
 ParOldGen       total 87552K, used 25147K [0x0000000740000000, 0x0000000745580000, 0x0000000795580000)
  object space 87552K, 28% used [0x0000000740000000,0x000000074188eeb8,0x0000000745580000)
 Metaspace       used 8708K, capacity 8933K, committed 9088K, reserved 1056768K
  class space    used 800K, capacity 869K, committed 896K, reserved 1048576K

Card table byte_map: [0x0000000117b28000,0x0000000117f29000] byte_map_base: 0x0000000114128000

Marking Bits: (ParMarkBitMap*) 0x00000001080c26c0
 Begin Bits: [0x00000001189ec000, 0x000000011a9ec000)
 End Bits:   [0x000000011a9ec000, 0x000000011c9ec000)

Polling page: 0x00000001067a2000

CodeCache: size=245760Kb used=7451Kb max_used=7458Kb free=238308Kb
 bounds [0x0000000108768000, 0x0000000108eb8000, 0x0000000117768000]
 total_blobs=1788 nmethods=1344 adapters=358
 compilation: enabled

Compilation events (10 events):
Event: 12.813 Thread 0x00007ff21d022000 1340       4       java.lang.Math::random (7 bytes)
Event: 12.814 Thread 0x00007ff21d022000 nmethod 1340 0x0000000108e8e090 code [0x0000000108e8e200, 0x0000000108e8e338]
Event: 12.973 Thread 0x00007ff21d020800 1341       4       java.nio.DirectIntBufferU::get (16 bytes)
Event: 12.974 Thread 0x00007ff21d020800 nmethod 1341 0x0000000108e8ef90 code [0x0000000108e8f0e0, 0x0000000108e8f198]
Event: 13.841 Thread 0x00007ff21c00b800 1342       3       java.lang.Short::valueOf (33 bytes)
Event: 13.841 Thread 0x00007ff21c00b800 nmethod 1342 0x0000000108e8e8d0 code [0x0000000108e8ea60, 0x0000000108e8edb0]
Event: 13.841 Thread 0x00007ff21c00b800 1343       3       java.lang.Short::hashCode (8 bytes)
Event: 13.842 Thread 0x00007ff21c00b800 nmethod 1343 0x0000000108e8e4d0 code [0x0000000108e8e640, 0x0000000108e8e7f0]
Event: 14.164 Thread 0x00007ff21c00b800 1344       3       java.lang.Math::toDegrees (10 bytes)
Event: 14.164 Thread 0x00007ff21c00b800 nmethod 1344 0x0000000108eb6690 code [0x0000000108eb6820, 0x0000000108eb6970]

GC Heap History (10 events):
Event: 5.980 GC heap before
{Heap before GC invocations=9 (full 0):
 PSYoungGen      total 271360K, used 269120K [0x0000000795580000, 0x00000007a6480000, 0x00000007c0000000)
  eden space 265216K, 100% used [0x0000000795580000,0x00000007a5880000,0x00000007a5880000)
  from space 6144K, 63% used [0x00000007a5e80000,0x00000007a6250000,0x00000007a6480000)
  to   space 6144K, 0% used [0x00000007a5880000,0x00000007a5880000,0x00000007a5e80000)
 ParOldGen       total 87552K, used 21547K [0x0000000740000000, 0x0000000745580000, 0x0000000795580000)
  object space 87552K, 24% used [0x0000000740000000,0x000000074150aeb8,0x0000000745580000)
 Metaspace       used 8619K, capacity 8869K, committed 9088K, reserved 1056768K
  class space    used 799K, capacity 869K, committed 896K, reserved 1048576K
Event: 5.999 GC heap after
Heap after GC invocations=9 (full 0):
 PSYoungGen      total 271360K, used 6144K [0x0000000795580000, 0x00000007b0200000, 0x00000007c0000000)
  eden space 265216K, 0% used [0x0000000795580000,0x0000000795580000,0x00000007a5880000)
  from space 6144K, 100% used [0x00000007a5880000,0x00000007a5e80000,0x00000007a5e80000)
  to   space 7168K, 0% used [0x00000007afb00000,0x00000007afb00000,0x00000007b0200000)
 ParOldGen       total 87552K, used 22883K [0x0000000740000000, 0x0000000745580000, 0x0000000795580000)
  object space 87552K, 26% used [0x0000000740000000,0x0000000741658eb8,0x0000000745580000)
 Metaspace       used 8619K, capacity 8869K, committed 9088K, reserved 1056768K
  class space    used 799K, capacity 869K, committed 896K, reserved 1048576K
}
Event: 7.458 GC heap before
{Heap before GC invocations=10 (full 0):
 PSYoungGen      total 271360K, used 271360K [0x0000000795580000, 0x00000007b0200000, 0x00000007c0000000)
  eden space 265216K, 100% used [0x0000000795580000,0x00000007a5880000,0x00000007a5880000)
  from space 6144K, 100% used [0x00000007a5880000,0x00000007a5e80000,0x00000007a5e80000)
  to   space 7168K, 0% used [0x00000007afb00000,0x00000007afb00000,0x00000007b0200000)
 ParOldGen       total 87552K, used 22883K [0x0000000740000000, 0x0000000745580000, 0x0000000795580000)
  object space 87552K, 26% used [0x0000000740000000,0x0000000741658eb8,0x0000000745580000)
 Metaspace       used 8669K, capacity 8869K, committed 9088K, reserved 1056768K
  class space    used 799K, capacity 869K, committed 896K, reserved 1048576K
Event: 7.477 GC heap after
Heap after GC invocations=10 (full 0):
 PSYoungGen      total 431104K, used 6944K [0x0000000795580000, 0x00000007b0300000, 0x00000007c0000000)
  eden space 423936K, 0% used [0x0000000795580000,0x0000000795580000,0x00000007af380000)
  from space 7168K, 96% used [0x00000007afb00000,0x00000007b01c8000,0x00000007b0200000)
  to   space 7680K, 0% used [0x00000007af380000,0x00000007af380000,0x00000007afb00000)
 ParOldGen       total 87552K, used 22915K [0x0000000740000000, 0x0000000745580000, 0x0000000795580000)
  object space 87552K, 26% used [0x0000000740000000,0x0000000741660eb8,0x0000000745580000)
 Metaspace       used 8669K, capacity 8869K, committed 9088K, reserved 1056768K
  class space    used 799K, capacity 869K, committed 896K, reserved 1048576K
}
Event: 9.315 GC heap before
{Heap before GC invocations=11 (full 0):
 PSYoungGen      total 431104K, used 430880K [0x0000000795580000, 0x00000007b0300000, 0x00000007c0000000)
  eden space 423936K, 100% used [0x0000000795580000,0x00000007af380000,0x00000007af380000)
  from space 7168K, 96% used [0x00000007afb00000,0x00000007b01c8000,0x00000007b0200000)
  to   space 7680K, 0% used [0x00000007af380000,0x00000007af380000,0x00000007afb00000)
 ParOldGen       total 87552K, used 22915K [0x0000000740000000, 0x0000000745580000, 0x0000000795580000)
  object space 87552K, 26% used [0x0000000740000000,0x0000000741660eb8,0x0000000745580000)
 Metaspace       used 8684K, capacity 8869K, committed 9088K, reserved 1056768K
  class space    used 799K, capacity 869K, committed 896K, reserved 1048576K
Event: 9.337 GC heap after
Heap after GC invocations=11 (full 0):
 PSYoungGen      total 431616K, used 7680K [0x0000000795580000, 0x00000007bfd00000, 0x00000007c0000000)
  eden space 423936K, 0% used [0x0000000795580000,0x0000000795580000,0x00000007af380000)
  from space 7680K, 100% used [0x00000007af380000,0x00000007afb00000,0x00000007afb00000)
  to   space 8704K, 0% used [0x00000007bf480000,0x00000007bf480000,0x00000007bfd00000)
 ParOldGen       total 87552K, used 23683K [0x0000000740000000, 0x0000000745580000, 0x0000000795580000)
  object space 87552K, 27% used [0x0000000740000000,0x0000000741720eb8,0x0000000745580000)
 Metaspace       used 8684K, capacity 8869K, committed 9088K, reserved 1056768K
  class space    used 799K, capacity 869K, committed 896K, reserved 1048576K
}
Event: 10.760 GC heap before
{Heap before GC invocations=12 (full 0):
 PSYoungGen      total 431616K, used 431616K [0x0000000795580000, 0x00000007bfd00000, 0x00000007c0000000)
  eden space 423936K, 100% used [0x0000000795580000,0x00000007af380000,0x00000007af380000)
  from space 7680K, 100% used [0x00000007af380000,0x00000007afb00000,0x00000007afb00000)
  to   space 8704K, 0% used [0x00000007bf480000,0x00000007bf480000,0x00000007bfd00000)
 ParOldGen       total 87552K, used 23683K [0x0000000740000000, 0x0000000745580000, 0x0000000795580000)
  object space 87552K, 27% used [0x0000000740000000,0x0000000741720eb8,0x0000000745580000)
 Metaspace       used 8700K, capacity 8869K, committed 9088K, reserved 1056768K
  class space    used 799K, capacity 869K, committed 896K, reserved 1048576K
Event: 10.778 GC heap after
Heap after GC invocations=12 (full 0):
 PSYoungGen      total 687104K, used 6208K [0x0000000795580000, 0x00000007bfd00000, 0x00000007c0000000)
  eden space 678400K, 0% used [0x0000000795580000,0x0000000795580000,0x00000007bec00000)
  from space 8704K, 71% used [0x00000007bf480000,0x00000007bfa90000,0x00000007bfd00000)
  to   space 8704K, 0% used [0x00000007bec00000,0x00000007bec00000,0x00000007bf480000)
 ParOldGen       total 87552K, used 23803K [0x0000000740000000, 0x0000000745580000, 0x0000000795580000)
  object space 87552K, 27% used [0x0000000740000000,0x000000074173eeb8,0x0000000745580000)
 Metaspace       used 8700K, capacity 8869K, committed 9088K, reserved 1056768K
  class space    used 799K, capacity 869K, committed 896K, reserved 1048576K
}
Event: 13.177 GC heap before
{Heap before GC invocations=13 (full 0):
 PSYoungGen      total 687104K, used 684608K [0x0000000795580000, 0x00000007bfd00000, 0x00000007c0000000)
  eden space 678400K, 100% used [0x0000000795580000,0x00000007bec00000,0x00000007bec00000)
  from space 8704K, 71% used [0x00000007bf480000,0x00000007bfa90000,0x00000007bfd00000)
  to   space 8704K, 0% used [0x00000007bec00000,0x00000007bec00000,0x00000007bf480000)
 ParOldGen       total 87552K, used 23803K [0x0000000740000000, 0x0000000745580000, 0x0000000795580000)
  object space 87552K, 27% used [0x0000000740000000,0x000000074173eeb8,0x0000000745580000)
 Metaspace       used 8701K, capacity 8869K, committed 9088K, reserved 1056768K
  class space    used 799K, capacity 869K, committed 896K, reserved 1048576K
Event: 13.202 GC heap after
Heap after GC invocations=13 (full 0):
 PSYoungGen      total 687104K, used 8704K [0x0000000795580000, 0x00000007c0000000, 0x00000007c0000000)
  eden space 678400K, 0% used [0x0000000795580000,0x0000000795580000,0x00000007bec00000)
  from space 8704K, 100% used [0x00000007bec00000,0x00000007bf480000,0x00000007bf480000)
  to   space 10240K, 0% used [0x00000007bf600000,0x00000007bf600000,0x00000007c0000000)
 ParOldGen       total 87552K, used 25147K [0x0000000740000000, 0x0000000745580000, 0x0000000795580000)
  object space 87552K, 28% used [0x0000000740000000,0x000000074188eeb8,0x0000000745580000)
 Metaspace       used 8701K, capacity 8869K, committed 9088K, reserved 1056768K
  class space    used 799K, capacity 869K, committed 896K, reserved 1048576K
}

Deoptimization events (10 events):
Event: 3.009 Thread 0x00007ff21d801000 Uncommon trap: reason=unstable_if action=reinterpret pc=0x0000000108c05f60 method=luebkeTJ.Main.checkCollision(LluebkeTJ/CollisionPacket;LluebkeTJ/Vector;LluebkeTJ/Vector;LluebkeTJ/Vector;LluebkeTJ/Data;)V @ 1158
Event: 5.692 Thread 0x00007ff21d801000 Uncommon trap: reason=unstable_if action=reinterpret pc=0x0000000108c53148 method=luebkeTJ.Main.collideWithWorld()V @ 1354
Event: 6.546 Thread 0x00007ff21d801000 Uncommon trap: reason=unstable_if action=reinterpret pc=0x0000000108b1c0b4 method=luebkeTJ.Main.draw3DQuad(LluebkeTJ/Data;I)V @ 195
Event: 7.164 Thread 0x00007ff21d801000 Uncommon trap: reason=unstable_if action=reinterpret pc=0x0000000108d3c1b0 method=luebkeTJ.Main.editor()V @ 1485
Event: 9.843 Thread 0x00007ff21d801000 Uncommon trap: reason=unstable_if action=reinterpret pc=0x0000000108e40e88 method=luebkeTJ.Main.collideCamera()Z @ 562
Event: 9.843 Thread 0x00007ff21d801000 Uncommon trap: reason=unstable_if action=reinterpret pc=0x0000000108c35a88 method=luebkeTJ.Main.checkCollision(LluebkeTJ/CollisionPacket;LluebkeTJ/Vector;LluebkeTJ/Vector;LluebkeTJ/Vector;LluebkeTJ/Data;)V @ 627
Event: 9.861 Thread 0x00007ff21d801000 Uncommon trap: reason=unstable_if action=reinterpret pc=0x0000000108e4c1c0 method=luebkeTJ.Main.collideCamera()Z @ 562
Event: 10.043 Thread 0x00007ff21d801000 Uncommon trap: reason=unstable_if action=reinterpret pc=0x0000000108e62048 method=luebkeTJ.Main.checkCollision(LluebkeTJ/CollisionPacket;LluebkeTJ/Vector;LluebkeTJ/Vector;LluebkeTJ/Vector;LluebkeTJ/Data;)V @ 686
Event: 11.595 Thread 0x00007ff21d801000 Uncommon trap: reason=unstable_if action=reinterpret pc=0x0000000108e92f68 method=luebkeTJ.Main.CPU()V @ 4933
Event: 11.761 Thread 0x00007ff21d801000 Uncommon trap: reason=unstable_if action=reinterpret pc=0x0000000108e869f8 method=luebkeTJ.Main.CPU()V @ 4933

Internal exceptions (10 events):
Event: 0.473 Thread 0x00007ff21d801000 Exception <a 'java/lang/UnsatisfiedLinkError'> (0x0000000795d34ac0) thrown at [/Users/java_re/workspace/8-2-build-macosx-x86_64/jdk8u40/2379.nc/hotspot/src/share/vm/prims/jvm.cpp, line 1386]
Event: 0.502 Thread 0x00007ff21d8b5000 Exception <a 'java/lang/NoSuchFieldError': method resolution failed> (0x0000000795e5dda0) thrown at [/Users/java_re/workspace/8-2-build-macosx-x86_64/jdk8u40/2379.nc/hotspot/src/share/vm/prims/methodHandles.cpp, line 1125]
Event: 0.504 Thread 0x00007ff21d8b5000 Exception <a 'java/lang/NoSuchFieldError': method resolution failed> (0x0000000795e6c410) thrown at [/Users/java_re/workspace/8-2-build-macosx-x86_64/jdk8u40/2379.nc/hotspot/src/share/vm/prims/methodHandles.cpp, line 1125]
Event: 0.700 Thread 0x00007ff21d801000 Exception <a 'java/lang/ArrayIndexOutOfBoundsException': 7> (0x000000079633b250) thrown at [/Users/java_re/workspace/8-2-build-macosx-x86_64/jdk8u40/2379.nc/hotspot/src/share/vm/interpreter/interpreterRuntime.cpp, line 366]
Event: 0.794 Thread 0x00007ff21d801000 Exception <a 'java/security/PrivilegedActionException'> (0x0000000796542430) thrown at [/Users/java_re/workspace/8-2-build-macosx-x86_64/jdk8u40/2379.nc/hotspot/src/share/vm/prims/jvm.cpp, line 1382]
Event: 0.794 Thread 0x00007ff21d801000 Exception <a 'java/security/PrivilegedActionException'> (0x0000000796543f68) thrown at [/Users/java_re/workspace/8-2-build-macosx-x86_64/jdk8u40/2379.nc/hotspot/src/share/vm/prims/jvm.cpp, line 1382]
Event: 0.794 Thread 0x00007ff21d801000 Exception <a 'java/security/PrivilegedActionException'> (0x0000000796544fd8) thrown at [/Users/java_re/workspace/8-2-build-macosx-x86_64/jdk8u40/2379.nc/hotspot/src/share/vm/prims/jvm.cpp, line 1382]
Event: 0.794 Thread 0x00007ff21d801000 Exception <a 'java/security/PrivilegedActionException'> (0x0000000796549f88) thrown at [/Users/java_re/workspace/8-2-build-macosx-x86_64/jdk8u40/2379.nc/hotspot/src/share/vm/prims/jvm.cpp, line 1382]
Event: 0.794 Thread 0x00007ff21d801000 Exception <a 'java/security/PrivilegedActionException'> (0x000000079654ab30) thrown at [/Users/java_re/workspace/8-2-build-macosx-x86_64/jdk8u40/2379.nc/hotspot/src/share/vm/prims/jvm.cpp, line 1382]
Event: 0.794 Thread 0x00007ff21d801000 Exception <a 'java/security/PrivilegedActionException'> (0x000000079654b6a8) thrown at [/Users/java_re/workspace/8-2-build-macosx-x86_64/jdk8u40/2379.nc/hotspot/src/share/vm/prims/jvm.cpp, line 1382]

Events (10 events):
Event: 11.595 Thread 0x00007ff21d801000 Uncommon trap: trap_request=0xffffff65 fr.pc=0x0000000108e92f68
Event: 11.595 Thread 0x00007ff21d801000 DEOPT PACKING pc=0x0000000108e92f68 sp=0x000000010675ba20
Event: 11.595 Thread 0x00007ff21d801000 DEOPT UNPACKING pc=0x000000010876d229 sp=0x000000010675b9f0 mode 2
Event: 11.761 Thread 0x00007ff21d801000 Uncommon trap: trap_request=0xffffff65 fr.pc=0x0000000108e869f8
Event: 11.761 Thread 0x00007ff21d801000 DEOPT PACKING pc=0x0000000108e869f8 sp=0x000000010675ba10
Event: 11.761 Thread 0x00007ff21d801000 DEOPT UNPACKING pc=0x000000010876d229 sp=0x000000010675b9f0 mode 2
Event: 13.176 Executing VM operation: ParallelGCFailedAllocation
Event: 13.202 Executing VM operation: ParallelGCFailedAllocation done
Event: 15.503 loading class org/lwjgl/opengl/CallbackUtil
Event: 15.503 loading class org/lwjgl/opengl/CallbackUtil done


Dynamic libraries:
0x000000000c3cb000 	/System/Library/Frameworks/Cocoa.framework/Versions/A/Cocoa
0x000000000c3cb000 	/System/Library/Frameworks/Security.framework/Versions/A/Security
0x000000000c3cb000 	/System/Library/Frameworks/ApplicationServices.framework/Versions/A/ApplicationServices
0x000000000c3cb000 	/usr/lib/libz.1.dylib
0x000000000c3cb000 	/usr/lib/libSystem.B.dylib
0x000000000c3cb000 	/usr/lib/libobjc.A.dylib
0x000000000c3cb000 	/System/Library/Frameworks/CoreFoundation.framework/Versions/A/CoreFoundation
0x000000000c3cb000 	/System/Library/Frameworks/Foundation.framework/Versions/C/Foundation
0x000000000c3cb000 	/System/Library/Frameworks/AppKit.framework/Versions/C/AppKit
0x000000000c3cb000 	/System/Library/Frameworks/CoreData.framework/Versions/A/CoreData
0x000000000c3cb000 	/System/Library/PrivateFrameworks/RemoteViewServices.framework/Versions/A/RemoteViewServices
0x000000000c3cb000 	/System/Library/Frameworks/AudioToolbox.framework/Versions/A/AudioToolbox
0x000000000c3cb000 	/System/Library/Frameworks/AudioUnit.framework/Versions/A/AudioUnit
0x000000000c3cb000 	/System/Library/PrivateFrameworks/DataDetectorsCore.framework/Versions/A/DataDetectorsCore
0x000000000c3cb000 	/System/Library/PrivateFrameworks/DesktopServicesPriv.framework/Versions/A/DesktopServicesPriv
0x000000000c3cb000 	/System/Library/Frameworks/Carbon.framework/Versions/A/Frameworks/HIToolbox.framework/Versions/A/HIToolbox
0x000000000c3cb000 	/System/Library/Frameworks/QuartzCore.framework/Versions/A/QuartzCore
0x000000000c3cb000 	/System/Library/Frameworks/Carbon.framework/Versions/A/Frameworks/SpeechRecognition.framework/Versions/A/SpeechRecognition
0x000000000c3cb000 	/usr/lib/libauto.dylib
0x000000000c3cb000 	/usr/lib/libicucore.A.dylib
0x000000000c3cb000 	/usr/lib/libxml2.2.dylib
0x000000000c3cb000 	/System/Library/PrivateFrameworks/CoreUI.framework/Versions/A/CoreUI
0x000000000c3cb000 	/System/Library/Frameworks/CoreAudio.framework/Versions/A/CoreAudio
0x000000000c3cb000 	/System/Library/Frameworks/DiskArbitration.framework/Versions/A/DiskArbitration
0x000000000c3cb000 	/usr/lib/liblangid.dylib
0x000000000c3cb000 	/System/Library/PrivateFrameworks/MultitouchSupport.framework/Versions/A/MultitouchSupport
0x000000000c3cb000 	/System/Library/Frameworks/IOKit.framework/Versions/A/IOKit
0x000000000c3cb000 	/usr/lib/libDiagnosticMessagesClient.dylib
0x000000000c3cb000 	/System/Library/Frameworks/CoreServices.framework/Versions/A/CoreServices
0x000000000c3cb000 	/System/Library/PrivateFrameworks/PerformanceAnalysis.framework/Versions/A/PerformanceAnalysis
0x000000000c3cb000 	/System/Library/PrivateFrameworks/GenerationalStorage.framework/Versions/A/GenerationalStorage
0x000000000c3cb000 	/System/Library/Frameworks/OpenGL.framework/Versions/A/OpenGL
0x000000000c3cb000 	/System/Library/PrivateFrameworks/Sharing.framework/Versions/A/Sharing
0x000000000c3cb000 	/System/Library/Frameworks/ImageIO.framework/Versions/A/ImageIO
0x000000000c3cb000 	/System/Library/Frameworks/CoreText.framework/Versions/A/CoreText
0x000000000c3cb000 	/System/Library/Frameworks/CoreGraphics.framework/Versions/A/CoreGraphics
0x000000000c3cb000 	/System/Library/PrivateFrameworks/Backup.framework/Versions/A/Backup
0x000000000c3cb000 	/System/Library/Frameworks/CFNetwork.framework/Versions/A/CFNetwork
0x000000000c3cb000 	/System/Library/Frameworks/SystemConfiguration.framework/Versions/A/SystemConfiguration
0x000000000c3cb000 	/usr/lib/libCRFSuite.dylib
0x000000000c3cb000 	/usr/lib/libc++.1.dylib
0x000000000c3cb000 	/usr/lib/libc++abi.dylib
0x000000000c3cb000 	/usr/lib/system/libcache.dylib
0x000000000c3cb000 	/usr/lib/system/libcommonCrypto.dylib
0x000000000c3cb000 	/usr/lib/system/libcompiler_rt.dylib
0x000000000c3cb000 	/usr/lib/system/libcopyfile.dylib
0x000000000c3cb000 	/usr/lib/system/libcorecrypto.dylib
0x000000000c3cb000 	/usr/lib/system/libdispatch.dylib
0x000000000c3cb000 	/usr/lib/system/libdyld.dylib
0x000000000c3cb000 	/usr/lib/system/libkeymgr.dylib
0x000000000c3cb000 	/usr/lib/system/liblaunch.dylib
0x000000000c3cb000 	/usr/lib/system/libmacho.dylib
0x000000000c3cb000 	/usr/lib/system/libquarantine.dylib
0x000000000c3cb000 	/usr/lib/system/libremovefile.dylib
0x000000000c3cb000 	/usr/lib/system/libsystem_asl.dylib
0x000000000c3cb000 	/usr/lib/system/libsystem_blocks.dylib
0x000000000c3cb000 	/usr/lib/system/libsystem_c.dylib
0x000000000c3cb000 	/usr/lib/system/libsystem_configuration.dylib
0x000000000c3cb000 	/usr/lib/system/libsystem_dnssd.dylib
0x000000000c3cb000 	/usr/lib/system/libsystem_info.dylib
0x000000000c3cb000 	/usr/lib/system/libsystem_kernel.dylib
0x000000000c3cb000 	/usr/lib/system/libsystem_m.dylib
0x000000000c3cb000 	/usr/lib/system/libsystem_malloc.dylib
0x000000000c3cb000 	/usr/lib/system/libsystem_network.dylib
0x000000000c3cb000 	/usr/lib/system/libsystem_notify.dylib
0x000000000c3cb000 	/usr/lib/system/libsystem_platform.dylib
0x000000000c3cb000 	/usr/lib/system/libsystem_pthread.dylib
0x000000000c3cb000 	/usr/lib/system/libsystem_sandbox.dylib
0x000000000c3cb000 	/usr/lib/system/libsystem_stats.dylib
0x000000000c3cb000 	/usr/lib/system/libunc.dylib
0x000000000c3cb000 	/usr/lib/system/libunwind.dylib
0x000000000c3cb000 	/usr/lib/system/libxpc.dylib
0x000000000c3cb000 	/usr/lib/libbsm.0.dylib
0x000000000c3cb000 	/usr/lib/libsqlite3.dylib
0x000000000c3cb000 	/usr/lib/libxar.1.dylib
0x000000000c3cb000 	/usr/lib/libpam.2.dylib
0x000000000c3cb000 	/usr/lib/libOpenScriptingUtil.dylib
0x000000000c3cb000 	/usr/lib/libbz2.1.0.dylib
0x000000000c3cb000 	/System/Library/Frameworks/CoreServices.framework/Versions/A/Frameworks/CarbonCore.framework/Versions/A/CarbonCore
0x000000000c3cb000 	/System/Library/Frameworks/CoreServices.framework/Versions/A/Frameworks/Metadata.framework/Versions/A/Metadata
0x000000000c3cb000 	/System/Library/Frameworks/CoreServices.framework/Versions/A/Frameworks/OSServices.framework/Versions/A/OSServices
0x000000000c3cb000 	/System/Library/Frameworks/CoreServices.framework/Versions/A/Frameworks/SearchKit.framework/Versions/A/SearchKit
0x000000000c3cb000 	/System/Library/Frameworks/CoreServices.framework/Versions/A/Frameworks/AE.framework/Versions/A/AE
0x000000000c3cb000 	/System/Library/Frameworks/CoreServices.framework/Versions/A/Frameworks/LaunchServices.framework/Versions/A/LaunchServices
0x000000000c3cb000 	/System/Library/Frameworks/CoreServices.framework/Versions/A/Frameworks/DictionaryServices.framework/Versions/A/DictionaryServices
0x000000000c3cb000 	/System/Library/Frameworks/NetFS.framework/Versions/A/NetFS
0x000000000c3cb000 	/usr/lib/system/libkxld.dylib
0x000000000c3cb000 	/System/Library/PrivateFrameworks/NetAuth.framework/Versions/A/NetAuth
0x000000000c3cb000 	/System/Library/PrivateFrameworks/TCC.framework/Versions/A/TCC
0x000000000c3cb000 	/System/Library/Frameworks/OpenDirectory.framework/Versions/A/Frameworks/CFOpenDirectory.framework/Versions/A/CFOpenDirectory
0x000000000c3cb000 	/System/Library/Frameworks/ServiceManagement.framework/Versions/A/ServiceManagement
0x000000000c3cb000 	/usr/lib/libxslt.1.dylib
0x000000000c3cb000 	/System/Library/Frameworks/Carbon.framework/Versions/A/Frameworks/Ink.framework/Versions/A/Ink
0x000000000c3cb000 	/System/Library/Frameworks/ApplicationServices.framework/Versions/A/Frameworks/ATS.framework/Versions/A/ATS
0x000000000c3cb000 	/System/Library/Frameworks/ApplicationServices.framework/Versions/A/Frameworks/ColorSync.framework/Versions/A/ColorSync
0x000000000c3cb000 	/System/Library/Frameworks/ApplicationServices.framework/Versions/A/Frameworks/HIServices.framework/Versions/A/HIServices
0x000000000c3cb000 	/System/Library/Frameworks/ApplicationServices.framework/Versions/A/Frameworks/LangAnalysis.framework/Versions/A/LangAnalysis
0x000000000c3cb000 	/System/Library/Frameworks/ApplicationServices.framework/Versions/A/Frameworks/PrintCore.framework/Versions/A/PrintCore
0x000000000c3cb000 	/System/Library/Frameworks/ApplicationServices.framework/Versions/A/Frameworks/QD.framework/Versions/A/QD
0x000000000c3cb000 	/System/Library/Frameworks/ApplicationServices.framework/Versions/A/Frameworks/SpeechSynthesis.framework/Versions/A/SpeechSynthesis
0x000000000c3cb000 	/System/Library/Frameworks/IOSurface.framework/Versions/A/IOSurface
0x000000000c3cb000 	/System/Library/Frameworks/Accelerate.framework/Versions/A/Accelerate
0x000000000c3cb000 	/System/Library/Frameworks/Accelerate.framework/Versions/A/Frameworks/vImage.framework/Versions/A/vImage
0x000000000c3cb000 	/System/Library/Frameworks/Accelerate.framework/Versions/A/Frameworks/vecLib.framework/Versions/A/vecLib
0x000000000c3cb000 	/System/Library/Frameworks/Accelerate.framework/Versions/A/Frameworks/vecLib.framework/Versions/A/libvDSP.dylib
0x000000000c3cb000 	/System/Library/Frameworks/Accelerate.framework/Versions/A/Frameworks/vecLib.framework/Versions/A/libvMisc.dylib
0x000000000c3cb000 	/System/Library/Frameworks/Accelerate.framework/Versions/A/Frameworks/vecLib.framework/Versions/A/libLAPACK.dylib
0x000000000c3cb000 	/System/Library/Frameworks/Accelerate.framework/Versions/A/Frameworks/vecLib.framework/Versions/A/libBLAS.dylib
0x000000000c3cb000 	/System/Library/Frameworks/ApplicationServices.framework/Versions/A/Frameworks/ATS.framework/Versions/A/Resources/libFontParser.dylib
0x000000000c3cb000 	/System/Library/Frameworks/ApplicationServices.framework/Versions/A/Frameworks/ATS.framework/Versions/A/Resources/libFontRegistry.dylib
0x000000000c3cb000 	/System/Library/Frameworks/ImageIO.framework/Versions/A/Resources/libJPEG.dylib
0x000000000c3cb000 	/System/Library/Frameworks/ImageIO.framework/Versions/A/Resources/libTIFF.dylib
0x000000000c3cb000 	/System/Library/Frameworks/ImageIO.framework/Versions/A/Resources/libPng.dylib
0x000000000c3cb000 	/System/Library/Frameworks/ImageIO.framework/Versions/A/Resources/libGIF.dylib
0x000000000c3cb000 	/System/Library/Frameworks/ImageIO.framework/Versions/A/Resources/libJP2.dylib
0x000000000c3cb000 	/System/Library/Frameworks/ImageIO.framework/Versions/A/Resources/libRadiance.dylib
0x000000000c3cb000 	/usr/lib/libcups.2.dylib
0x000000000c3cb000 	/System/Library/Frameworks/Kerberos.framework/Versions/A/Kerberos
0x000000000c3cb000 	/System/Library/Frameworks/GSS.framework/Versions/A/GSS
0x000000000c3cb000 	/usr/lib/libresolv.9.dylib
0x000000000c3cb000 	/usr/lib/libiconv.2.dylib
0x000000000c3cb000 	/System/Library/PrivateFrameworks/Heimdal.framework/Versions/A/Heimdal
0x000000000c3cb000 	/System/Library/PrivateFrameworks/TrustEvaluationAgent.framework/Versions/A/TrustEvaluationAgent
0x000000000c3cb000 	/usr/lib/libheimdal-asn1.dylib
0x000000000c3cb000 	/System/Library/Frameworks/OpenDirectory.framework/Versions/A/OpenDirectory
0x000000000c3cb000 	/System/Library/PrivateFrameworks/CommonAuth.framework/Versions/A/CommonAuth
0x000000000c3cb000 	/System/Library/Frameworks/SecurityFoundation.framework/Versions/A/SecurityFoundation
0x000000000c3cb000 	/System/Library/PrivateFrameworks/Bom.framework/Versions/A/Bom
0x000000000c3cb000 	/System/Library/Frameworks/CoreVideo.framework/Versions/A/CoreVideo
0x000000000c3cb000 	/System/Library/Frameworks/QuartzCore.framework/Versions/A/Frameworks/CoreImage.framework/Versions/A/CoreImage
0x000000000c3cb000 	/System/Library/Frameworks/QuartzCore.framework/Versions/A/Frameworks/ScalableUserInterface.framework/Versions/A/ScalableUserInterface
0x000000000c3cb000 	/System/Library/Frameworks/OpenGL.framework/Versions/A/Libraries/libGLU.dylib
0x000000000c3cb000 	/System/Library/Frameworks/OpenGL.framework/Versions/A/Libraries/libGFXShared.dylib
0x000000000c3cb000 	/System/Library/Frameworks/OpenGL.framework/Versions/A/Libraries/libGL.dylib
0x000000000c3cb000 	/System/Library/Frameworks/OpenGL.framework/Versions/A/Libraries/libGLImage.dylib
0x000000000c3cb000 	/System/Library/Frameworks/OpenGL.framework/Versions/A/Libraries/libCVMSPluginSupport.dylib
0x000000000c3cb000 	/System/Library/Frameworks/OpenGL.framework/Versions/A/Libraries/libCoreVMClient.dylib
0x000000000c3cb000 	/System/Library/PrivateFrameworks/FaceCore.framework/Versions/A/FaceCore
0x000000000c3cb000 	/System/Library/PrivateFrameworks/CrashReporterSupport.framework/Versions/A/CrashReporterSupport
0x000000000c3cb000 	/System/Library/Frameworks/OpenCL.framework/Versions/A/OpenCL
0x000000000c3cb000 	/System/Library/PrivateFrameworks/AppleFSCompression.framework/Versions/A/AppleFSCompression
0x000000000c3cb000 	/System/Library/PrivateFrameworks/Ubiquity.framework/Versions/A/Ubiquity
0x000000000c3cb000 	/System/Library/PrivateFrameworks/IconServices.framework/Versions/A/IconServices
0x000000000c3cb000 	/System/Library/PrivateFrameworks/ChunkingLibrary.framework/Versions/A/ChunkingLibrary
0x000000000c3cb000 	/System/Library/PrivateFrameworks/CoreSymbolication.framework/Versions/A/CoreSymbolication
0x000000000c3cb000 	/System/Library/PrivateFrameworks/Symbolication.framework/Versions/A/Symbolication
0x000000000c3cb000 	/System/Library/PrivateFrameworks/DebugSymbols.framework/Versions/A/DebugSymbols
0x0000000107800000 	/Library/Java/JavaVirtualMachines/jdk1.8.0_40.jdk/Contents/Home/jre/lib/server/libjvm.dylib
0x000000000c3cb000 	/usr/lib/libstdc++.6.dylib
0x000000010675f000 	/Library/Java/JavaVirtualMachines/jdk1.8.0_40.jdk/Contents/Home/jre/lib/libverify.dylib
0x000000010676d000 	/Library/Java/JavaVirtualMachines/jdk1.8.0_40.jdk/Contents/Home/jre/lib/libjava.dylib
0x00000001067ac000 	/Library/Java/JavaVirtualMachines/jdk1.8.0_40.jdk/Contents/Home/jre/lib/libzip.dylib
0x000000011f821000 	/System/Library/Frameworks/JavaVM.framework/Frameworks/JavaRuntimeSupport.framework/JavaRuntimeSupport
0x000000011f839000 	/System/Library/Frameworks/JavaVM.framework/Versions/A/Frameworks/JavaNativeFoundation.framework/Versions/A/JavaNativeFoundation
0x000000011f84e000 	/System/Library/Frameworks/JavaVM.framework/Versions/A/JavaVM
0x000000000c3cb000 	/System/Library/Frameworks/Carbon.framework/Versions/A/Carbon
0x000000011f85b000 	/System/Library/PrivateFrameworks/JavaLaunching.framework/Versions/A/JavaLaunching
0x000000000c3cb000 	/System/Library/Frameworks/Carbon.framework/Versions/A/Frameworks/CommonPanels.framework/Versions/A/CommonPanels
0x000000000c3cb000 	/System/Library/Frameworks/Carbon.framework/Versions/A/Frameworks/Help.framework/Versions/A/Help
0x000000000c3cb000 	/System/Library/Frameworks/Carbon.framework/Versions/A/Frameworks/ImageCapture.framework/Versions/A/ImageCapture
0x000000000c3cb000 	/System/Library/Frameworks/Carbon.framework/Versions/A/Frameworks/OpenScripting.framework/Versions/A/OpenScripting
0x000000000c3cb000 	/System/Library/Frameworks/Carbon.framework/Versions/A/Frameworks/Print.framework/Versions/A/Print
0x000000000c3cb000 	/System/Library/Frameworks/Carbon.framework/Versions/A/Frameworks/SecurityHI.framework/Versions/A/SecurityHI
0x0000000120125000 	/Users/tjluebke/Documents/workspace/BallRoll/lib/natives-mac/libjinput-osx.jnilib
0x000000000c3cb000 	/System/Library/PrivateFrameworks/CoreServicesInternal.framework/Versions/A/CoreServicesInternal
0x000000012012a000 	/System/Library/Extensions/IOHIDFamily.kext/Contents/PlugIns/IOHIDLib.plugin/Contents/MacOS/IOHIDLib
0x0000000120149000 	/Library/Java/JavaVirtualMachines/jdk1.8.0_40.jdk/Contents/Home/jre/lib/libawt.dylib
0x000000012022e000 	/Library/Java/JavaVirtualMachines/jdk1.8.0_40.jdk/Contents/Home/jre/lib/./libmlib_image.dylib
0x00000001202fa000 	/Library/Java/JavaVirtualMachines/jdk1.8.0_40.jdk/Contents/Home/jre/lib/libawt_lwawt.dylib
0x00000001203ae000 	/Library/Java/JavaVirtualMachines/jdk1.8.0_40.jdk/Contents/Home/jre/lib/./libosxapp.dylib
0x000000000c3cb000 	/System/Library/Frameworks/ExceptionHandling.framework/Versions/A/ExceptionHandling
0x000000000c3cb000 	/System/Library/PrivateFrameworks/Librarian.framework/Versions/A/Librarian
0x000000000c3cb000 	/System/Library/Frameworks/CoreGraphics.framework/Versions/A/Resources/libCGCMS.A.dylib
0x000000000c3cb000 	/System/Library/Frameworks/CoreGraphics.framework/Versions/A/Resources/libRIP.A.dylib
0x000000000c3cb000 	/System/Library/Frameworks/CoreGraphics.framework/Versions/A/Resources/libCGXType.A.dylib
0x000000000c3cb000 	/System/Library/PrivateFrameworks/FamilyControls.framework/Versions/A/FamilyControls
0x000000000c3cb000 	/System/Library/PrivateFrameworks/CommerceKit.framework/Versions/A/Frameworks/CommerceCore.framework/Versions/A/CommerceCore
0x000000000c3cb000 	/System/Library/PrivateFrameworks/SystemAdministration.framework/Versions/A/SystemAdministration
0x000000000c3cb000 	/System/Library/Frameworks/DirectoryService.framework/Versions/A/DirectoryService
0x000000000c3cb000 	/System/Library/PrivateFrameworks/DiskImages.framework/Versions/A/DiskImages
0x000000000c3cb000 	/System/Library/PrivateFrameworks/LoginUIKit.framework/Versions/A/Frameworks/LoginUICore.framework/Versions/A/LoginUICore
0x000000000c3cb000 	/usr/lib/libCoreStorage.dylib
0x000000000c3cb000 	/usr/lib/libcsfde.dylib
0x000000000c3cb000 	/usr/lib/libodfde.dylib
0x000000000c3cb000 	/System/Library/Frameworks/DiscRecording.framework/Versions/A/DiscRecording
0x000000000c3cb000 	/usr/lib/libcurl.4.dylib
0x000000000c3cb000 	/System/Library/PrivateFrameworks/MediaKit.framework/Versions/A/MediaKit
0x000000000c3cb000 	/System/Library/PrivateFrameworks/EFILogin.framework/Versions/A/EFILogin
0x000000000c3cb000 	/usr/lib/libutil.dylib
0x000000000c3cb000 	/System/Library/PrivateFrameworks/AOSNotification.framework/Versions/A/AOSNotification
0x000000000c3cb000 	/System/Library/Frameworks/LDAP.framework/Versions/A/LDAP
0x000000000c3cb000 	/usr/lib/libsasl2.2.dylib
0x000000000c3cb000 	/usr/lib/libcrypto.0.9.8.dylib
0x000000000c3cb000 	/usr/lib/libssl.0.9.8.dylib
0x0000000124561000 	/Library/Java/JavaVirtualMachines/jdk1.8.0_40.jdk/Contents/Home/jre/lib/libfontmanager.dylib
0x00000001245c8000 	/Users/tjluebke/Documents/workspace/BallRoll/lib/natives-mac/liblwjgl.jnilib
0x0000000121ca6000 	/Library/Java/JavaVirtualMachines/jdk1.8.0_40.jdk/Contents/Home/jre/lib/libjawt.dylib
0x000000000c3cb000 	/System/Library/Frameworks/OpenGL.framework/Versions/A/Resources/GLEngine.bundle/GLEngine
0x000000000c3cb000 	/System/Library/Frameworks/OpenGL.framework/Versions/A/Libraries/libGLProgrammability.dylib
0x0000000000000000 	/System/Library/Extensions/GeForceGLDriver.bundle/Contents/MacOS/GeForceGLDriver
0x000000000c3cb000 	/System/Library/PrivateFrameworks/IOAccelerator.framework/Versions/A/IOAccelerator
0x000000000c3cb000 	/System/Library/PrivateFrameworks/GPUSupport.framework/Versions/A/Libraries/libGPUSupportMercury.dylib
0x000000000c3cb000 	/System/Library/Extensions/GeForceGLDriver.bundle/Contents/MacOS/libclh.dylib
0x000000000c3cb000 	/System/Library/Frameworks/OpenGL.framework/Versions/A/Resources/GLRendererFloat.bundle/GLRendererFloat
0x000000000c3cb000 	/System/Library/Frameworks/OpenCL.framework/Versions/A/Libraries/libcldcpuengine.dylib
0x0000000128a67000 	/Users/tjluebke/Documents/workspace/BallRoll/lib/natives-mac/openal.dylib
0x0000000128aea000 	/System/Library/Components/CoreAudio.component/Contents/MacOS/CoreAudio
0x0000000128d66000 	/System/Library/Extensions/AppleHDA.kext/Contents/PlugIns/AppleHDAHALPlugIn.bundle/Contents/MacOS/AppleHDAHALPlugIn
0x0000000125528000 	cl_kernels
0x00000001292e1000 	/System/Library/Frameworks/OpenCL.framework/Versions/A/Libraries/ImageFormats/unorm8_bgra.dylib
0x0000000125887000 	cl_kernels

VM Arguments:
jvm_args: -Djava.library.path=/Users/tjluebke/Documents/workspace/BallRoll/lib/natives-mac -Dfile.encoding=UTF-8 
java_command: luebkeTJ.Main
java_class_path (initial): /Users/tjluebke/Documents/workspace/Buffering BallRoll/bin:/Users/tjluebke/Documents/workspace/BallRoll/lib/jars/lwjgl_util.jar:/Users/tjluebke/Documents/workspace/BallRoll/lib/jars/lwjgl.jar:/Users/tjluebke/Documents/workspace/BallRoll/lib/jars/slick-util.jar:/Users/tjluebke/Documents/workspace/Buffering BallRoll/lib/jars/jinput.jar
Launcher Type: SUN_STANDARD

Environment Variables:
PATH=/usr/bin:/bin:/usr/sbin:/sbin
SHELL=/bin/bash

Signal Handlers:
SIGSEGV: [libjvm.dylib+0x58f13d], sa_mask[0]=11111111011111110111111111111111, sa_flags=SA_ONSTACK|SA_RESTART|SA_SIGINFO
SIGBUS: [libjvm.dylib+0x58f13d], sa_mask[0]=11111111011111110111111111111111, sa_flags=SA_RESTART|SA_SIGINFO
SIGFPE: [libjvm.dylib+0x46c854], sa_mask[0]=11111111011111110111111111111111, sa_flags=SA_RESTART|SA_SIGINFO
SIGPIPE: [libjvm.dylib+0x46c854], sa_mask[0]=11111111011111110111111111111111, sa_flags=SA_RESTART|SA_SIGINFO
SIGXFSZ: [libjvm.dylib+0x46c854], sa_mask[0]=11111111011111110111111111111111, sa_flags=SA_RESTART|SA_SIGINFO
SIGILL: [libjvm.dylib+0x46c854], sa_mask[0]=11111111011111110111111111111111, sa_flags=SA_RESTART|SA_SIGINFO
SIGUSR1: SIG_DFL, sa_mask[0]=00000000000000000000000000000000, sa_flags=SA_RESTART
SIGUSR2: [libjvm.dylib+0x46c372], sa_mask[0]=00100000000000000000000000000000, sa_flags=SA_RESTART|SA_SIGINFO
SIGHUP: [libjvm.dylib+0x46a945], sa_mask[0]=11111111011111110111111111111111, sa_flags=SA_RESTART|SA_SIGINFO
SIGINT: [libjvm.dylib+0x46a945], sa_mask[0]=11111111011111110111111111111111, sa_flags=SA_RESTART|SA_SIGINFO
SIGTERM: [libjvm.dylib+0x46a945], sa_mask[0]=11111111011111110111111111111111, sa_flags=SA_RESTART|SA_SIGINFO
SIGQUIT: [libjvm.dylib+0x46a945], sa_mask[0]=11111111011111110111111111111111, sa_flags=SA_RESTART|SA_SIGINFO


---------------  S Y S T E M  ---------------

OS:Bsduname:Darwin 13.3.0 Darwin Kernel Version 13.3.0: Tue Jun  3 21:27:35 PDT 2014; root:xnu-2422.110.17~1/RELEASE_X86_64 x86_64
rlimit: STACK 8192k, CORE 0k, NPROC 709, NOFILE 10240, AS infinity
load average:1.64 1.58 1.59

CPU:total 8 (4 cores per cpu, 2 threads per core) family 6 model 60 stepping 3, cmov, cx8, fxsr, mmx, sse, sse2, sse3, ssse3, sse4.1, sse4.2, popcnt, avx, avx2, aes, clmul, erms, rtm, lzcnt, ht, tsc, tscinvbit, bmi1, bmi2

Memory: 4k page, physical 8388608k(3117000k free)

/proc/meminfo:


vm_info: Java HotSpot(TM) 64-Bit Server VM (25.40-b23) for bsd-amd64 JRE (1.8.0_40-ea-b19), built on Dec 16 2014 18:34:50 by "java_re" with gcc 4.2.1 (Based on Apple Inc. build 5658) (LLVM build 2336.11.00)

time: Thu Mar 12 17:37:18 2015
elapsed time: 15 seconds (0d 0h 0m 15s)

