#
# A fatal error has been detected by the Java Runtime Environment:
#
#  SIGSEGV (0xb) at pc=0x00007fff86ad6d1c, pid=1489, tid=6403
#
# JRE version: Java(TM) SE Runtime Environment (8.0_40-b19) (build 1.8.0_40-ea-b19)
# Java VM: Java HotSpot(TM) 64-Bit Server VM (25.40-b23 mixed mode bsd-amd64 compressed oops)
# Problematic frame:
# C  [GLEngine+0x13fd1c]  gleRunVertexSubmitImmediate+0x231c
#
# Failed to write core dump. Core dumps have been disabled. To enable core dumping, try "ulimit -c unlimited" before starting Java again
#
# If you would like to submit a bug report, please visit:
#   http://bugreport.java.com/bugreport/crash.jsp
# The crash happened outside the Java Virtual Machine in native code.
# See problematic frame for where to report the bug.
#

---------------  T H R E A D  ---------------

Current thread (0x00007f959d001000):  JavaThread "main" [_thread_in_native, id=6403, stack(0x0000000102369000,0x0000000102469000)]

siginfo: si_signo: 11 (SIGSEGV), si_code: 1 (SEGV_MAPERR), si_addr: 0x0000000000000000

Registers:
RAX=0x00007fff86ad6d1c, RBX=0x0000000000000006, RCX=0x0000000000000000, RDX=0x00007fff86ad7768
RSP=0x00000001024682c0, RBP=0x0000000102468510, RSI=0x0000000000000000, RDI=0x0000000001005003
R8 =0x0000000001005003, R9 =0x00007f95a1000000, R10=0x00007f959bf94890, R11=0x00007f95a1000000
R12=0x0000000000000003, R13=0x0000000000009006, R14=0x00007f95a1000000, R15=0x0000000000000002
RIP=0x00007fff86ad6d1c, EFLAGS=0x0000000000010203, ERR=0x0000000000000004
  TRAPNO=0x000000000000000e

Top of Stack: (sp=0x00000001024682c0)
0x00000001024682c0:   100000f800000000 000000011b847000
0x00000001024682d0:   0000000000000001 000000011b848b01
0x00000001024682e0:   0000000102468340 00001234401d68df
0x00000001024682f0:   00000000000000cf 0000000000000000
0x0000000102468300:   0000000000000000 0000000000000000
0x0000000102468310:   af00d7e5abf188d3 0000000000000000
0x0000000102468320:   00007f959c0eb848 000000011ee23000
0x0000000102468330:   0000000000000001 00000000000c3003
0x0000000102468340:   0280000000000000 0000000000000010
0x0000000102468350:   0000000102468440 0000123440305d42
0x0000000102468360:   0000000000000000 000000011ee23000
0x0000000102468370:   000000050000007f 000000011b847000
0x0000000102468380:   00007f959d252200 00007f95a102ce68
0x0000000102468390:   00007f95a1000150 00007f95a1000180
0x00000001024683a0:   00007f95a1000160 00007f95a1000190
0x00000001024683b0:   00007f95a1000170 00007f95a10001b0
0x00000001024683c0:   0000000000000000 0000000000000000
0x00000001024683d0:   fffffffe00000003 0000000000000000
0x00000001024683e0:   000000000000200a 0000000000000002
0x00000001024683f0:   ffffffff00000000 0000000000000002
0x0000000102468400:   00007f95a10001a0 0000000000000006
0x0000000102468410:   0000000000000000 00007f95a1000000
0x0000000102468420:   0000003300000000 0000000000009006
0x0000000102468430:   000000000401400c 0000000000000000
0x0000000102468440:   00000001024684bc 00007f959bf94814
0x0000000102468450:   00000000000f7a6b 000001001b847000
0x0000000102468460:   0000000000000000 0000000000000000
0x0000000102468470:   0000000000000000 0000000000000000
0x0000000102468480:   0000000000000003 0000000000000000
0x0000000102468490:   000000004100cb91 00000000c0ff9802
0x00000001024684a0:   0000000000000000 000000011ed23000
0x00000001024684b0:   000000011ed2306c 0000000000000000 

Instructions: (pc=0x00007fff86ad6d1c)
0x00007fff86ad6cfc:   0f 10 01 e9 84 03 00 00 f3 0f 10 01 f3 0f 11 45
0x00007fff86ad6d0c:   80 f3 0f 10 41 04 f3 0f 11 45 84 e9 84 07 00 00
0x00007fff86ad6d1c:   f3 0f 10 01 f3 0f 11 45 80 f3 0f 10 41 04 f3 0f
0x00007fff86ad6d2c:   11 45 84 f3 0f 10 41 08 f3 0f 11 45 88 e9 62 07 

Register to memory mapping:

RAX=0x00007fff86ad6d1c: gleRunVertexSubmitImmediate+0x231c in /System/Library/Frameworks/OpenGL.framework/Versions/A/Resources/GLEngine.bundle/GLEngine at 0x00007fff86997000
RBX=0x0000000000000006 is an unknown value
RCX=0x0000000000000000 is an unknown value
RDX=0x00007fff86ad7768: gleRunVertexSubmitImmediate+0x2d68 in /System/Library/Frameworks/OpenGL.framework/Versions/A/Resources/GLEngine.bundle/GLEngine at 0x00007fff86997000
RSP=0x00000001024682c0 is pointing into the stack for thread: 0x00007f959d001000
RBP=0x0000000102468510 is pointing into the stack for thread: 0x00007f959d001000
RSI=0x0000000000000000 is an unknown value
RDI=0x0000000001005003 is an unknown value
R8 =0x0000000001005003 is an unknown value
R9 =0x00007f95a1000000 is an unknown value
R10=0x00007f959bf94890 is an unknown value
R11=0x00007f95a1000000 is an unknown value
R12=0x0000000000000003 is an unknown value
R13=0x0000000000009006 is an unknown value
R14=0x00007f95a1000000 is an unknown value
R15=0x0000000000000002 is an unknown value


Stack: [0x0000000102369000,0x0000000102469000],  sp=0x00000001024682c0,  free space=1020k
Native frames: (J=compiled Java code, j=interpreted, Vv=VM code, C=native code)
C  [GLEngine+0x13fd1c]  gleRunVertexSubmitImmediate+0x231c
C  [GLEngine+0x1fdfe]  glDrawArrays_Exec+0x272
j  org.lwjgl.opengl.GL11.nglDrawArrays(IIIJ)V+0
j  org.lwjgl.opengl.GL11.glDrawArrays(III)V+20
j  luebkeTJ.Main.drawVBOTri(LluebkeTJ/Data;)V+319
j  luebkeTJ.Main.renderSort()V+34
j  luebkeTJ.Main.intro()V+1733
j  luebkeTJ.Main.start()V+888
j  luebkeTJ.Main.main([Ljava/lang/String;)V+9
v  ~StubRoutines::call_stub
V  [libjvm.dylib+0x2e091a]
V  [libjvm.dylib+0x317192]
V  [libjvm.dylib+0x30ff0c]
C  [java+0x399e]  JavaMain+0x9b1
C  [libsystem_pthread.dylib+0x1899]  _pthread_body+0x8a
C  [libsystem_pthread.dylib+0x172a]  _pthread_struct_init+0x0
C  [libsystem_pthread.dylib+0x5fc9]  thread_start+0xd
C  0x0000000000000000

Java frames: (J=compiled Java code, j=interpreted, Vv=VM code)
j  org.lwjgl.opengl.GL11.nglDrawArrays(IIIJ)V+0
j  org.lwjgl.opengl.GL11.glDrawArrays(III)V+20
j  luebkeTJ.Main.drawVBOTri(LluebkeTJ/Data;)V+319
j  luebkeTJ.Main.renderSort()V+34
j  luebkeTJ.Main.intro()V+1733
j  luebkeTJ.Main.start()V+888
j  luebkeTJ.Main.main([Ljava/lang/String;)V+9
v  ~StubRoutines::call_stub

---------------  P R O C E S S  ---------------

Java Threads: ( => current thread )
  0x00007f959c083000 JavaThread "AWT-Shutdown" [_thread_blocked, id=30987, stack(0x000000011ba05000,0x000000011bb05000)]
  0x00007f959c88f800 JavaThread "AppKit Thread" daemon [_thread_in_native, id=3335, stack(0x00007fff5f19f000,0x00007fff5f99f000)]
  0x00007f959f81c000 JavaThread "Service Thread" daemon [_thread_blocked, id=22275, stack(0x0000000119ba0000,0x0000000119ca0000)]
  0x00007f959d00d800 JavaThread "C1 CompilerThread3" daemon [_thread_blocked, id=21763, stack(0x0000000119a9d000,0x0000000119b9d000)]
  0x00007f959c03a800 JavaThread "C2 CompilerThread2" daemon [_thread_in_native, id=21251, stack(0x000000011999a000,0x0000000119a9a000)]
  0x00007f959f801000 JavaThread "C2 CompilerThread1" daemon [_thread_in_native, id=20739, stack(0x0000000119897000,0x0000000119997000)]
  0x00007f959c81b000 JavaThread "C2 CompilerThread0" daemon [_thread_blocked, id=20227, stack(0x0000000119794000,0x0000000119894000)]
  0x00007f959c828000 JavaThread "Signal Dispatcher" daemon [_thread_blocked, id=19715, stack(0x0000000119691000,0x0000000119791000)]
  0x00007f959c802000 JavaThread "Finalizer" daemon [_thread_blocked, id=14595, stack(0x0000000119442000,0x0000000119542000)]
  0x00007f959c068000 JavaThread "Reference Handler" daemon [_thread_blocked, id=14083, stack(0x000000011933f000,0x000000011943f000)]
=>0x00007f959d001000 JavaThread "main" [_thread_in_native, id=6403, stack(0x0000000102369000,0x0000000102469000)]

Other Threads:
  0x00007f959c065800 VMThread [stack: 0x000000011923c000,0x000000011933c000] [id=13571]
  0x00007f959c829000 WatcherThread [stack: 0x0000000119ca3000,0x0000000119da3000] [id=22787]

VM state:not at safepoint (normal execution)

VM Mutex/Monitor currently owned by a thread: None

Heap:
 PSYoungGen      total 38400K, used 16872K [0x0000000795580000, 0x000000079a080000, 0x00000007c0000000)
  eden space 33280K, 41% used [0x0000000795580000,0x00000007962f6370,0x0000000797600000)
  from space 5120K, 60% used [0x0000000797600000,0x0000000797904010,0x0000000797b00000)
  to   space 5120K, 0% used [0x0000000799b80000,0x0000000799b80000,0x000000079a080000)
 ParOldGen       total 87552K, used 32K [0x0000000740000000, 0x0000000745580000, 0x0000000795580000)
  object space 87552K, 0% used [0x0000000740000000,0x0000000740008000,0x0000000745580000)
 Metaspace       used 7786K, capacity 7927K, committed 8064K, reserved 1056768K
  class space    used 740K, capacity 804K, committed 896K, reserved 1048576K

Card table byte_map: [0x000000011182b000,0x0000000111c2c000] byte_map_base: 0x000000010de2b000

Marking Bits: (ParMarkBitMap*) 0x0000000101cc26c0
 Begin Bits: [0x00000001126ef000, 0x00000001146ef000)
 End Bits:   [0x00000001146ef000, 0x00000001166ef000)

Polling page: 0x00000001003b9000

CodeCache: size=245760Kb used=3365Kb max_used=3377Kb free=242394Kb
 bounds [0x000000010246b000, 0x00000001027bb000, 0x000000011146b000]
 total_blobs=1224 nmethods=798 adapters=340
 compilation: enabled

Compilation events (10 events):
Event: 3.830 Thread 0x00007f959d00d800 nmethod 791 0x00000001027a87d0 code [0x00000001027a89e0, 0x00000001027a9258]
Event: 3.830 Thread 0x00007f959f801000  794       4       luebkeTJ.Map::deCode (426 bytes)
Event: 3.832 Thread 0x00007f959c03a800  795   !   4       sun.misc.FloatingDecimal::readJavaFormatString (794 bytes)
Event: 3.832 Thread 0x00007f959d00d800  796       3       sun.misc.FDBigInteger::multAddMe (126 bytes)
Event: 3.833 Thread 0x00007f959d00d800 nmethod 796 0x00000001027a9690 code [0x00000001027a9800, 0x00000001027a9b10]
Event: 3.837 Thread 0x00007f959d00d800  798       3       java.time.LocalDate::ofEpochDay (228 bytes)
Event: 3.838 Thread 0x00007f959d00d800 nmethod 798 0x00000001027adad0 code [0x00000001027adce0, 0x00000001027aec88]
Event: 3.838 Thread 0x00007f959d00d800  799       3       java.time.temporal.ChronoField::checkValidIntValue (10 bytes)
Event: 3.838 Thread 0x00007f959c81b000 nmethod 763 0x00000001027af610 code [0x00000001027afe40, 0x00000001027b2d10]
Event: 3.838 Thread 0x00007f959c81b000  797       4       sun.misc.FDBigInteger::trimLeadingZeros (57 bytes)

GC Heap History (6 events):
Event: 2.171 GC heap before
{Heap before GC invocations=1 (full 0):
 PSYoungGen      total 38400K, used 33280K [0x0000000795580000, 0x0000000798000000, 0x00000007c0000000)
  eden space 33280K, 100% used [0x0000000795580000,0x0000000797600000,0x0000000797600000)
  from space 5120K, 0% used [0x0000000797b00000,0x0000000797b00000,0x0000000798000000)
  to   space 5120K, 0% used [0x0000000797600000,0x0000000797600000,0x0000000797b00000)
 ParOldGen       total 87552K, used 0K [0x0000000740000000, 0x0000000745580000, 0x0000000795580000)
  object space 87552K, 0% used [0x0000000740000000,0x0000000740000000,0x0000000745580000)
 Metaspace       used 6971K, capacity 7147K, committed 7168K, reserved 1056768K
  class space    used 677K, capacity 758K, committed 768K, reserved 1048576K
Event: 2.174 GC heap after
Heap after GC invocations=1 (full 0):
 PSYoungGen      total 38400K, used 3343K [0x0000000795580000, 0x0000000798000000, 0x00000007c0000000)
  eden space 33280K, 0% used [0x0000000795580000,0x0000000795580000,0x0000000797600000)
  from space 5120K, 65% used [0x0000000797600000,0x0000000797943d10,0x0000000797b00000)
  to   space 5120K, 0% used [0x0000000797b00000,0x0000000797b00000,0x0000000798000000)
 ParOldGen       total 87552K, used 16K [0x0000000740000000, 0x0000000745580000, 0x0000000795580000)
  object space 87552K, 0% used [0x0000000740000000,0x0000000740004000,0x0000000745580000)
 Metaspace       used 6971K, capacity 7147K, committed 7168K, reserved 1056768K
  class space    used 677K, capacity 758K, committed 768K, reserved 1048576K
}
Event: 2.358 GC heap before
{Heap before GC invocations=2 (full 0):
 PSYoungGen      total 38400K, used 36623K [0x0000000795580000, 0x0000000798000000, 0x00000007c0000000)
  eden space 33280K, 100% used [0x0000000795580000,0x0000000797600000,0x0000000797600000)
  from space 5120K, 65% used [0x0000000797600000,0x0000000797943d10,0x0000000797b00000)
  to   space 5120K, 0% used [0x0000000797b00000,0x0000000797b00000,0x0000000798000000)
 ParOldGen       total 87552K, used 16K [0x0000000740000000, 0x0000000745580000, 0x0000000795580000)
  object space 87552K, 0% used [0x0000000740000000,0x0000000740004000,0x0000000745580000)
 Metaspace       used 7012K, capacity 7147K, committed 7168K, reserved 1056768K
  class space    used 677K, capacity 758K, committed 768K, reserved 1048576K
Event: 2.362 GC heap after
Heap after GC invocations=2 (full 0):
 PSYoungGen      total 38400K, used 2848K [0x0000000795580000, 0x000000079a080000, 0x00000007c0000000)
  eden space 33280K, 0% used [0x0000000795580000,0x0000000795580000,0x0000000797600000)
  from space 5120K, 55% used [0x0000000797b00000,0x0000000797dc8000,0x0000000798000000)
  to   space 5120K, 0% used [0x0000000797600000,0x0000000797600000,0x0000000797b00000)
 ParOldGen       total 87552K, used 24K [0x0000000740000000, 0x0000000745580000, 0x0000000795580000)
  object space 87552K, 0% used [0x0000000740000000,0x0000000740006000,0x0000000745580000)
 Metaspace       used 7012K, capacity 7147K, committed 7168K, reserved 1056768K
  class space    used 677K, capacity 758K, committed 768K, reserved 1048576K
}
Event: 2.555 GC heap before
{Heap before GC invocations=3 (full 0):
 PSYoungGen      total 38400K, used 36128K [0x0000000795580000, 0x000000079a080000, 0x00000007c0000000)
  eden space 33280K, 100% used [0x0000000795580000,0x0000000797600000,0x0000000797600000)
  from space 5120K, 55% used [0x0000000797b00000,0x0000000797dc8000,0x0000000798000000)
  to   space 5120K, 0% used [0x0000000797600000,0x0000000797600000,0x0000000797b00000)
 ParOldGen       total 87552K, used 24K [0x0000000740000000, 0x0000000745580000, 0x0000000795580000)
  object space 87552K, 0% used [0x0000000740000000,0x0000000740006000,0x0000000745580000)
 Metaspace       used 7415K, capacity 7563K, committed 7808K, reserved 1056768K
  class space    used 711K, capacity 790K, committed 896K, reserved 1048576K
Event: 2.557 GC heap after
Heap after GC invocations=3 (full 0):
 PSYoungGen      total 38400K, used 3088K [0x0000000795580000, 0x000000079a080000, 0x00000007c0000000)
  eden space 33280K, 0% used [0x0000000795580000,0x0000000795580000,0x0000000797600000)
  from space 5120K, 60% used [0x0000000797600000,0x0000000797904010,0x0000000797b00000)
  to   space 5120K, 0% used [0x0000000799b80000,0x0000000799b80000,0x000000079a080000)
 ParOldGen       total 87552K, used 32K [0x0000000740000000, 0x0000000745580000, 0x0000000795580000)
  object space 87552K, 0% used [0x0000000740000000,0x0000000740008000,0x0000000745580000)
 Metaspace       used 7415K, capacity 7563K, committed 7808K, reserved 1056768K
  class space    used 711K, capacity 790K, committed 896K, reserved 1048576K
}

Deoptimization events (3 events):
Event: 1.927 Thread 0x00007f959d001000 Uncommon trap: reason=unstable_if action=reinterpret pc=0x0000000102658af8 method=luebkeTJ.Vector.equals(LluebkeTJ/Vector;)Z @ 33
Event: 1.978 Thread 0x00007f959d001000 Uncommon trap: reason=unstable_if action=reinterpret pc=0x000000010261be9c method=java.lang.String.replace(CC)Ljava/lang/String; @ 26
Event: 2.915 Thread 0x00007f959d001000 Uncommon trap: reason=unstable_if action=reinterpret pc=0x00000001027320f4 method=org.newdawn.slick.opengl.TextureImpl.bind()V @ 4

Internal exceptions (10 events):
Event: 1.790 Thread 0x00007f959d001000 Exception <a 'java/io/FileNotFoundException'> (0x0000000795933f08) thrown at [/Users/java_re/workspace/8-2-build-macosx-x86_64/jdk8u40/2379.nc/hotspot/src/share/vm/prims/jni.cpp, line 709]
Event: 1.795 Thread 0x00007f959d001000 Exception <a 'java/lang/UnsatisfiedLinkError'> (0x0000000795940d90) thrown at [/Users/java_re/workspace/8-2-build-macosx-x86_64/jdk8u40/2379.nc/hotspot/src/share/vm/prims/jvm.cpp, line 1386]
Event: 1.822 Thread 0x00007f959c88f800 Exception <a 'java/lang/NoSuchFieldError': method resolution failed> (0x0000000795a62f88) thrown at [/Users/java_re/workspace/8-2-build-macosx-x86_64/jdk8u40/2379.nc/hotspot/src/share/vm/prims/methodHandles.cpp, line 1125]
Event: 1.823 Thread 0x00007f959c88f800 Exception <a 'java/lang/NoSuchFieldError': method resolution failed> (0x0000000795a71628) thrown at [/Users/java_re/workspace/8-2-build-macosx-x86_64/jdk8u40/2379.nc/hotspot/src/share/vm/prims/methodHandles.cpp, line 1125]
Event: 2.057 Thread 0x00007f959d001000 Exception <a 'java/security/PrivilegedActionException'> (0x00000007960c09e0) thrown at [/Users/java_re/workspace/8-2-build-macosx-x86_64/jdk8u40/2379.nc/hotspot/src/share/vm/prims/jvm.cpp, line 1382]
Event: 2.057 Thread 0x00007f959d001000 Exception <a 'java/security/PrivilegedActionException'> (0x00000007960c2518) thrown at [/Users/java_re/workspace/8-2-build-macosx-x86_64/jdk8u40/2379.nc/hotspot/src/share/vm/prims/jvm.cpp, line 1382]
Event: 2.057 Thread 0x00007f959d001000 Exception <a 'java/security/PrivilegedActionException'> (0x00000007960c3588) thrown at [/Users/java_re/workspace/8-2-build-macosx-x86_64/jdk8u40/2379.nc/hotspot/src/share/vm/prims/jvm.cpp, line 1382]
Event: 2.057 Thread 0x00007f959d001000 Exception <a 'java/security/PrivilegedActionException'> (0x00000007960c8538) thrown at [/Users/java_re/workspace/8-2-build-macosx-x86_64/jdk8u40/2379.nc/hotspot/src/share/vm/prims/jvm.cpp, line 1382]
Event: 2.057 Thread 0x00007f959d001000 Exception <a 'java/security/PrivilegedActionException'> (0x00000007960c90e0) thrown at [/Users/java_re/workspace/8-2-build-macosx-x86_64/jdk8u40/2379.nc/hotspot/src/share/vm/prims/jvm.cpp, line 1382]
Event: 2.057 Thread 0x00007f959d001000 Exception <a 'java/security/PrivilegedActionException'> (0x00000007960c9c58) thrown at [/Users/java_re/workspace/8-2-build-macosx-x86_64/jdk8u40/2379.nc/hotspot/src/share/vm/prims/jvm.cpp, line 1382]

Events (10 events):
Event: 2.764 loading class java/nio/DirectByteBuffer$1 done
Event: 2.915 Thread 0x00007f959d001000 Uncommon trap: trap_request=0xffffff65 fr.pc=0x00000001027320f4
Event: 2.915 Thread 0x00007f959d001000 DEOPT PACKING pc=0x00000001027320f4 sp=0x0000000102468520
Event: 2.915 Thread 0x00007f959d001000 DEOPT UNPACKING pc=0x0000000102470229 sp=0x00000001024684e0 mode 2
Event: 3.814 loading class sun/misc/FloatingDecimal$ASCIIToBinaryBuffer
Event: 3.815 loading class sun/misc/FloatingDecimal$ASCIIToBinaryBuffer done
Event: 3.835 loading class org/lwjgl/input/Cursor
Event: 3.835 loading class org/lwjgl/input/Cursor done
Event: 3.837 loading class luebkeTJ/Plane
Event: 3.837 loading class luebkeTJ/Plane done


Dynamic libraries:
0x0000000003c75000 	/System/Library/Frameworks/Cocoa.framework/Versions/A/Cocoa
0x0000000003c75000 	/System/Library/Frameworks/Security.framework/Versions/A/Security
0x0000000003c75000 	/System/Library/Frameworks/ApplicationServices.framework/Versions/A/ApplicationServices
0x0000000003c75000 	/usr/lib/libz.1.dylib
0x0000000003c75000 	/usr/lib/libSystem.B.dylib
0x0000000003c75000 	/usr/lib/libobjc.A.dylib
0x0000000003c75000 	/System/Library/Frameworks/CoreFoundation.framework/Versions/A/CoreFoundation
0x0000000003c75000 	/System/Library/Frameworks/Foundation.framework/Versions/C/Foundation
0x0000000003c75000 	/System/Library/Frameworks/AppKit.framework/Versions/C/AppKit
0x0000000003c75000 	/System/Library/Frameworks/CoreData.framework/Versions/A/CoreData
0x0000000003c75000 	/System/Library/PrivateFrameworks/RemoteViewServices.framework/Versions/A/RemoteViewServices
0x0000000003c75000 	/System/Library/Frameworks/AudioToolbox.framework/Versions/A/AudioToolbox
0x0000000003c75000 	/System/Library/Frameworks/AudioUnit.framework/Versions/A/AudioUnit
0x0000000003c75000 	/System/Library/PrivateFrameworks/DataDetectorsCore.framework/Versions/A/DataDetectorsCore
0x0000000003c75000 	/System/Library/PrivateFrameworks/DesktopServicesPriv.framework/Versions/A/DesktopServicesPriv
0x0000000003c75000 	/System/Library/Frameworks/Carbon.framework/Versions/A/Frameworks/HIToolbox.framework/Versions/A/HIToolbox
0x0000000003c75000 	/System/Library/Frameworks/QuartzCore.framework/Versions/A/QuartzCore
0x0000000003c75000 	/System/Library/Frameworks/Carbon.framework/Versions/A/Frameworks/SpeechRecognition.framework/Versions/A/SpeechRecognition
0x0000000003c75000 	/usr/lib/libauto.dylib
0x0000000003c75000 	/usr/lib/libicucore.A.dylib
0x0000000003c75000 	/usr/lib/libxml2.2.dylib
0x0000000003c75000 	/System/Library/PrivateFrameworks/CoreUI.framework/Versions/A/CoreUI
0x0000000003c75000 	/System/Library/Frameworks/CoreAudio.framework/Versions/A/CoreAudio
0x0000000003c75000 	/System/Library/Frameworks/DiskArbitration.framework/Versions/A/DiskArbitration
0x0000000003c75000 	/usr/lib/liblangid.dylib
0x0000000003c75000 	/System/Library/PrivateFrameworks/MultitouchSupport.framework/Versions/A/MultitouchSupport
0x0000000003c75000 	/System/Library/Frameworks/IOKit.framework/Versions/A/IOKit
0x0000000003c75000 	/usr/lib/libDiagnosticMessagesClient.dylib
0x0000000003c75000 	/System/Library/Frameworks/CoreServices.framework/Versions/A/CoreServices
0x0000000003c75000 	/System/Library/PrivateFrameworks/PerformanceAnalysis.framework/Versions/A/PerformanceAnalysis
0x0000000003c75000 	/System/Library/PrivateFrameworks/GenerationalStorage.framework/Versions/A/GenerationalStorage
0x0000000003c75000 	/System/Library/Frameworks/OpenGL.framework/Versions/A/OpenGL
0x0000000003c75000 	/System/Library/PrivateFrameworks/Sharing.framework/Versions/A/Sharing
0x0000000003c75000 	/System/Library/Frameworks/ImageIO.framework/Versions/A/ImageIO
0x0000000003c75000 	/System/Library/Frameworks/CoreText.framework/Versions/A/CoreText
0x0000000003c75000 	/System/Library/Frameworks/CoreGraphics.framework/Versions/A/CoreGraphics
0x0000000003c75000 	/System/Library/PrivateFrameworks/Backup.framework/Versions/A/Backup
0x0000000003c75000 	/System/Library/Frameworks/CFNetwork.framework/Versions/A/CFNetwork
0x0000000003c75000 	/System/Library/Frameworks/SystemConfiguration.framework/Versions/A/SystemConfiguration
0x0000000003c75000 	/usr/lib/libCRFSuite.dylib
0x0000000003c75000 	/usr/lib/libc++.1.dylib
0x0000000003c75000 	/usr/lib/libc++abi.dylib
0x0000000003c75000 	/usr/lib/system/libcache.dylib
0x0000000003c75000 	/usr/lib/system/libcommonCrypto.dylib
0x0000000003c75000 	/usr/lib/system/libcompiler_rt.dylib
0x0000000003c75000 	/usr/lib/system/libcopyfile.dylib
0x0000000003c75000 	/usr/lib/system/libcorecrypto.dylib
0x0000000003c75000 	/usr/lib/system/libdispatch.dylib
0x0000000003c75000 	/usr/lib/system/libdyld.dylib
0x0000000003c75000 	/usr/lib/system/libkeymgr.dylib
0x0000000003c75000 	/usr/lib/system/liblaunch.dylib
0x0000000003c75000 	/usr/lib/system/libmacho.dylib
0x0000000003c75000 	/usr/lib/system/libquarantine.dylib
0x0000000003c75000 	/usr/lib/system/libremovefile.dylib
0x0000000003c75000 	/usr/lib/system/libsystem_asl.dylib
0x0000000003c75000 	/usr/lib/system/libsystem_blocks.dylib
0x0000000003c75000 	/usr/lib/system/libsystem_c.dylib
0x0000000003c75000 	/usr/lib/system/libsystem_configuration.dylib
0x0000000003c75000 	/usr/lib/system/libsystem_dnssd.dylib
0x0000000003c75000 	/usr/lib/system/libsystem_info.dylib
0x0000000003c75000 	/usr/lib/system/libsystem_kernel.dylib
0x0000000003c75000 	/usr/lib/system/libsystem_m.dylib
0x0000000003c75000 	/usr/lib/system/libsystem_malloc.dylib
0x0000000003c75000 	/usr/lib/system/libsystem_network.dylib
0x0000000003c75000 	/usr/lib/system/libsystem_notify.dylib
0x0000000003c75000 	/usr/lib/system/libsystem_platform.dylib
0x0000000003c75000 	/usr/lib/system/libsystem_pthread.dylib
0x0000000003c75000 	/usr/lib/system/libsystem_sandbox.dylib
0x0000000003c75000 	/usr/lib/system/libsystem_stats.dylib
0x0000000003c75000 	/usr/lib/system/libunc.dylib
0x0000000003c75000 	/usr/lib/system/libunwind.dylib
0x0000000003c75000 	/usr/lib/system/libxpc.dylib
0x0000000003c75000 	/usr/lib/libbsm.0.dylib
0x0000000003c75000 	/usr/lib/libsqlite3.dylib
0x0000000003c75000 	/usr/lib/libxar.1.dylib
0x0000000003c75000 	/usr/lib/libpam.2.dylib
0x0000000003c75000 	/usr/lib/libOpenScriptingUtil.dylib
0x0000000003c75000 	/usr/lib/libbz2.1.0.dylib
0x0000000003c75000 	/System/Library/Frameworks/CoreServices.framework/Versions/A/Frameworks/CarbonCore.framework/Versions/A/CarbonCore
0x0000000003c75000 	/System/Library/Frameworks/CoreServices.framework/Versions/A/Frameworks/Metadata.framework/Versions/A/Metadata
0x0000000003c75000 	/System/Library/Frameworks/CoreServices.framework/Versions/A/Frameworks/OSServices.framework/Versions/A/OSServices
0x0000000003c75000 	/System/Library/Frameworks/CoreServices.framework/Versions/A/Frameworks/SearchKit.framework/Versions/A/SearchKit
0x0000000003c75000 	/System/Library/Frameworks/CoreServices.framework/Versions/A/Frameworks/AE.framework/Versions/A/AE
0x0000000003c75000 	/System/Library/Frameworks/CoreServices.framework/Versions/A/Frameworks/LaunchServices.framework/Versions/A/LaunchServices
0x0000000003c75000 	/System/Library/Frameworks/CoreServices.framework/Versions/A/Frameworks/DictionaryServices.framework/Versions/A/DictionaryServices
0x0000000003c75000 	/System/Library/Frameworks/NetFS.framework/Versions/A/NetFS
0x0000000003c75000 	/usr/lib/system/libkxld.dylib
0x0000000003c75000 	/System/Library/PrivateFrameworks/NetAuth.framework/Versions/A/NetAuth
0x0000000003c75000 	/System/Library/PrivateFrameworks/TCC.framework/Versions/A/TCC
0x0000000003c75000 	/System/Library/Frameworks/OpenDirectory.framework/Versions/A/Frameworks/CFOpenDirectory.framework/Versions/A/CFOpenDirectory
0x0000000003c75000 	/System/Library/Frameworks/ServiceManagement.framework/Versions/A/ServiceManagement
0x0000000003c75000 	/usr/lib/libxslt.1.dylib
0x0000000003c75000 	/System/Library/Frameworks/Carbon.framework/Versions/A/Frameworks/Ink.framework/Versions/A/Ink
0x0000000003c75000 	/System/Library/Frameworks/ApplicationServices.framework/Versions/A/Frameworks/ATS.framework/Versions/A/ATS
0x0000000003c75000 	/System/Library/Frameworks/ApplicationServices.framework/Versions/A/Frameworks/ColorSync.framework/Versions/A/ColorSync
0x0000000003c75000 	/System/Library/Frameworks/ApplicationServices.framework/Versions/A/Frameworks/HIServices.framework/Versions/A/HIServices
0x0000000003c75000 	/System/Library/Frameworks/ApplicationServices.framework/Versions/A/Frameworks/LangAnalysis.framework/Versions/A/LangAnalysis
0x0000000003c75000 	/System/Library/Frameworks/ApplicationServices.framework/Versions/A/Frameworks/PrintCore.framework/Versions/A/PrintCore
0x0000000003c75000 	/System/Library/Frameworks/ApplicationServices.framework/Versions/A/Frameworks/QD.framework/Versions/A/QD
0x0000000003c75000 	/System/Library/Frameworks/ApplicationServices.framework/Versions/A/Frameworks/SpeechSynthesis.framework/Versions/A/SpeechSynthesis
0x0000000003c75000 	/System/Library/Frameworks/IOSurface.framework/Versions/A/IOSurface
0x0000000003c75000 	/System/Library/Frameworks/Accelerate.framework/Versions/A/Accelerate
0x0000000003c75000 	/System/Library/Frameworks/Accelerate.framework/Versions/A/Frameworks/vImage.framework/Versions/A/vImage
0x0000000003c75000 	/System/Library/Frameworks/Accelerate.framework/Versions/A/Frameworks/vecLib.framework/Versions/A/vecLib
0x0000000003c75000 	/System/Library/Frameworks/Accelerate.framework/Versions/A/Frameworks/vecLib.framework/Versions/A/libvDSP.dylib
0x0000000003c75000 	/System/Library/Frameworks/Accelerate.framework/Versions/A/Frameworks/vecLib.framework/Versions/A/libvMisc.dylib
0x0000000003c75000 	/System/Library/Frameworks/Accelerate.framework/Versions/A/Frameworks/vecLib.framework/Versions/A/libLAPACK.dylib
0x0000000003c75000 	/System/Library/Frameworks/Accelerate.framework/Versions/A/Frameworks/vecLib.framework/Versions/A/libBLAS.dylib
0x0000000003c75000 	/System/Library/Frameworks/ApplicationServices.framework/Versions/A/Frameworks/ATS.framework/Versions/A/Resources/libFontParser.dylib
0x0000000003c75000 	/System/Library/Frameworks/ApplicationServices.framework/Versions/A/Frameworks/ATS.framework/Versions/A/Resources/libFontRegistry.dylib
0x0000000003c75000 	/System/Library/Frameworks/ImageIO.framework/Versions/A/Resources/libJPEG.dylib
0x0000000003c75000 	/System/Library/Frameworks/ImageIO.framework/Versions/A/Resources/libTIFF.dylib
0x0000000003c75000 	/System/Library/Frameworks/ImageIO.framework/Versions/A/Resources/libPng.dylib
0x0000000003c75000 	/System/Library/Frameworks/ImageIO.framework/Versions/A/Resources/libGIF.dylib
0x0000000003c75000 	/System/Library/Frameworks/ImageIO.framework/Versions/A/Resources/libJP2.dylib
0x0000000003c75000 	/System/Library/Frameworks/ImageIO.framework/Versions/A/Resources/libRadiance.dylib
0x0000000003c75000 	/usr/lib/libcups.2.dylib
0x0000000003c75000 	/System/Library/Frameworks/Kerberos.framework/Versions/A/Kerberos
0x0000000003c75000 	/System/Library/Frameworks/GSS.framework/Versions/A/GSS
0x0000000003c75000 	/usr/lib/libresolv.9.dylib
0x0000000003c75000 	/usr/lib/libiconv.2.dylib
0x0000000003c75000 	/System/Library/PrivateFrameworks/Heimdal.framework/Versions/A/Heimdal
0x0000000003c75000 	/System/Library/PrivateFrameworks/TrustEvaluationAgent.framework/Versions/A/TrustEvaluationAgent
0x0000000003c75000 	/usr/lib/libheimdal-asn1.dylib
0x0000000003c75000 	/System/Library/Frameworks/OpenDirectory.framework/Versions/A/OpenDirectory
0x0000000003c75000 	/System/Library/PrivateFrameworks/CommonAuth.framework/Versions/A/CommonAuth
0x0000000003c75000 	/System/Library/Frameworks/SecurityFoundation.framework/Versions/A/SecurityFoundation
0x0000000003c75000 	/System/Library/PrivateFrameworks/Bom.framework/Versions/A/Bom
0x0000000003c75000 	/System/Library/Frameworks/CoreVideo.framework/Versions/A/CoreVideo
0x0000000003c75000 	/System/Library/Frameworks/QuartzCore.framework/Versions/A/Frameworks/CoreImage.framework/Versions/A/CoreImage
0x0000000003c75000 	/System/Library/Frameworks/QuartzCore.framework/Versions/A/Frameworks/ScalableUserInterface.framework/Versions/A/ScalableUserInterface
0x0000000003c75000 	/System/Library/Frameworks/OpenGL.framework/Versions/A/Libraries/libGLU.dylib
0x0000000003c75000 	/System/Library/Frameworks/OpenGL.framework/Versions/A/Libraries/libGFXShared.dylib
0x0000000003c75000 	/System/Library/Frameworks/OpenGL.framework/Versions/A/Libraries/libGL.dylib
0x0000000003c75000 	/System/Library/Frameworks/OpenGL.framework/Versions/A/Libraries/libGLImage.dylib
0x0000000003c75000 	/System/Library/Frameworks/OpenGL.framework/Versions/A/Libraries/libCVMSPluginSupport.dylib
0x0000000003c75000 	/System/Library/Frameworks/OpenGL.framework/Versions/A/Libraries/libCoreVMClient.dylib
0x0000000003c75000 	/System/Library/PrivateFrameworks/FaceCore.framework/Versions/A/FaceCore
0x0000000003c75000 	/System/Library/PrivateFrameworks/CrashReporterSupport.framework/Versions/A/CrashReporterSupport
0x0000000003c75000 	/System/Library/Frameworks/OpenCL.framework/Versions/A/OpenCL
0x0000000003c75000 	/System/Library/PrivateFrameworks/AppleFSCompression.framework/Versions/A/AppleFSCompression
0x0000000003c75000 	/System/Library/PrivateFrameworks/Ubiquity.framework/Versions/A/Ubiquity
0x0000000003c75000 	/System/Library/PrivateFrameworks/IconServices.framework/Versions/A/IconServices
0x0000000003c75000 	/System/Library/PrivateFrameworks/ChunkingLibrary.framework/Versions/A/ChunkingLibrary
0x0000000003c75000 	/System/Library/PrivateFrameworks/CoreSymbolication.framework/Versions/A/CoreSymbolication
0x0000000003c75000 	/System/Library/PrivateFrameworks/Symbolication.framework/Versions/A/Symbolication
0x0000000003c75000 	/System/Library/PrivateFrameworks/DebugSymbols.framework/Versions/A/DebugSymbols
0x0000000101400000 	/Library/Java/JavaVirtualMachines/jdk1.8.0_40.jdk/Contents/Home/jre/lib/server/libjvm.dylib
0x0000000003c75000 	/usr/lib/libstdc++.6.dylib
0x0000000100376000 	/Library/Java/JavaVirtualMachines/jdk1.8.0_40.jdk/Contents/Home/jre/lib/libverify.dylib
0x0000000100384000 	/Library/Java/JavaVirtualMachines/jdk1.8.0_40.jdk/Contents/Home/jre/lib/libjava.dylib
0x00000001003c3000 	/Library/Java/JavaVirtualMachines/jdk1.8.0_40.jdk/Contents/Home/jre/lib/libzip.dylib
0x0000000119544000 	/System/Library/Frameworks/JavaVM.framework/Frameworks/JavaRuntimeSupport.framework/JavaRuntimeSupport
0x000000011955c000 	/System/Library/Frameworks/JavaVM.framework/Versions/A/Frameworks/JavaNativeFoundation.framework/Versions/A/JavaNativeFoundation
0x0000000119571000 	/System/Library/Frameworks/JavaVM.framework/Versions/A/JavaVM
0x0000000003c75000 	/System/Library/Frameworks/Carbon.framework/Versions/A/Carbon
0x000000011957e000 	/System/Library/PrivateFrameworks/JavaLaunching.framework/Versions/A/JavaLaunching
0x0000000003c75000 	/System/Library/Frameworks/Carbon.framework/Versions/A/Frameworks/CommonPanels.framework/Versions/A/CommonPanels
0x0000000003c75000 	/System/Library/Frameworks/Carbon.framework/Versions/A/Frameworks/Help.framework/Versions/A/Help
0x0000000003c75000 	/System/Library/Frameworks/Carbon.framework/Versions/A/Frameworks/ImageCapture.framework/Versions/A/ImageCapture
0x0000000003c75000 	/System/Library/Frameworks/Carbon.framework/Versions/A/Frameworks/OpenScripting.framework/Versions/A/OpenScripting
0x0000000003c75000 	/System/Library/Frameworks/Carbon.framework/Versions/A/Frameworks/Print.framework/Versions/A/Print
0x0000000003c75000 	/System/Library/Frameworks/Carbon.framework/Versions/A/Frameworks/SecurityHI.framework/Versions/A/SecurityHI
0x0000000119e23000 	/Library/Java/JavaVirtualMachines/jdk1.8.0_40.jdk/Contents/Home/jre/lib/libawt.dylib
0x0000000119ecb000 	/Library/Java/JavaVirtualMachines/jdk1.8.0_40.jdk/Contents/Home/jre/lib/./libmlib_image.dylib
0x0000000119f97000 	/Library/Java/JavaVirtualMachines/jdk1.8.0_40.jdk/Contents/Home/jre/lib/libawt_lwawt.dylib
0x000000011a04b000 	/Library/Java/JavaVirtualMachines/jdk1.8.0_40.jdk/Contents/Home/jre/lib/./libosxapp.dylib
0x0000000003c75000 	/System/Library/Frameworks/ExceptionHandling.framework/Versions/A/ExceptionHandling
0x0000000003c75000 	/System/Library/PrivateFrameworks/CoreServicesInternal.framework/Versions/A/CoreServicesInternal
0x0000000003c75000 	/System/Library/PrivateFrameworks/Librarian.framework/Versions/A/Librarian
0x0000000003c75000 	/System/Library/Frameworks/CoreGraphics.framework/Versions/A/Resources/libCGCMS.A.dylib
0x0000000003c75000 	/System/Library/Frameworks/CoreGraphics.framework/Versions/A/Resources/libRIP.A.dylib
0x0000000003c75000 	/System/Library/Frameworks/CoreGraphics.framework/Versions/A/Resources/libCGXType.A.dylib
0x0000000003c75000 	/System/Library/PrivateFrameworks/FamilyControls.framework/Versions/A/FamilyControls
0x0000000003c75000 	/System/Library/PrivateFrameworks/CommerceKit.framework/Versions/A/Frameworks/CommerceCore.framework/Versions/A/CommerceCore
0x0000000003c75000 	/System/Library/PrivateFrameworks/SystemAdministration.framework/Versions/A/SystemAdministration
0x0000000003c75000 	/System/Library/Frameworks/DirectoryService.framework/Versions/A/DirectoryService
0x0000000003c75000 	/System/Library/PrivateFrameworks/DiskImages.framework/Versions/A/DiskImages
0x0000000003c75000 	/System/Library/PrivateFrameworks/LoginUIKit.framework/Versions/A/Frameworks/LoginUICore.framework/Versions/A/LoginUICore
0x0000000003c75000 	/usr/lib/libCoreStorage.dylib
0x0000000003c75000 	/usr/lib/libcsfde.dylib
0x0000000003c75000 	/usr/lib/libodfde.dylib
0x0000000003c75000 	/System/Library/Frameworks/DiscRecording.framework/Versions/A/DiscRecording
0x0000000003c75000 	/usr/lib/libcurl.4.dylib
0x0000000003c75000 	/System/Library/PrivateFrameworks/MediaKit.framework/Versions/A/MediaKit
0x0000000003c75000 	/System/Library/PrivateFrameworks/EFILogin.framework/Versions/A/EFILogin
0x0000000003c75000 	/usr/lib/libutil.dylib
0x0000000003c75000 	/System/Library/PrivateFrameworks/AOSNotification.framework/Versions/A/AOSNotification
0x0000000003c75000 	/System/Library/Frameworks/LDAP.framework/Versions/A/LDAP
0x0000000003c75000 	/usr/lib/libsasl2.2.dylib
0x0000000003c75000 	/usr/lib/libcrypto.0.9.8.dylib
0x0000000003c75000 	/usr/lib/libssl.0.9.8.dylib
0x000000011e83e000 	/Library/Java/JavaVirtualMachines/jdk1.8.0_40.jdk/Contents/Home/jre/lib/libfontmanager.dylib
0x000000011e8a5000 	/Users/tjluebke/Documents/workspace/BallRoll/lib/natives-mac/liblwjgl.jnilib
0x000000011c6d3000 	/Library/Java/JavaVirtualMachines/jdk1.8.0_40.jdk/Contents/Home/jre/lib/libjawt.dylib
0x0000000003c75000 	/System/Library/Frameworks/OpenGL.framework/Versions/A/Resources/GLEngine.bundle/GLEngine
0x0000000003c75000 	/System/Library/Frameworks/OpenGL.framework/Versions/A/Libraries/libGLProgrammability.dylib
0x0000000000000000 	/System/Library/Extensions/GeForceGLDriver.bundle/Contents/MacOS/GeForceGLDriver
0x0000000003c75000 	/System/Library/PrivateFrameworks/IOAccelerator.framework/Versions/A/IOAccelerator
0x0000000003c75000 	/System/Library/PrivateFrameworks/GPUSupport.framework/Versions/A/Libraries/libGPUSupportMercury.dylib
0x0000000003c75000 	/System/Library/Extensions/GeForceGLDriver.bundle/Contents/MacOS/libclh.dylib
0x0000000003c75000 	/System/Library/Frameworks/OpenGL.framework/Versions/A/Resources/GLRendererFloat.bundle/GLRendererFloat
0x0000000003c75000 	/System/Library/Frameworks/OpenCL.framework/Versions/A/Libraries/libcldcpuengine.dylib
0x00000001225d3000 	/Users/tjluebke/Documents/workspace/BallRoll/lib/natives-mac/openal.dylib
0x0000000122657000 	/System/Library/Components/CoreAudio.component/Contents/MacOS/CoreAudio
0x00000001228d3000 	/System/Library/Extensions/AppleHDA.kext/Contents/PlugIns/AppleHDAHALPlugIn.bundle/Contents/MacOS/AppleHDAHALPlugIn
0x000000011f6b7000 	cl_kernels
0x00000001263ea000 	/System/Library/Frameworks/OpenCL.framework/Versions/A/Libraries/ImageFormats/unorm8_bgra.dylib
0x000000011f6a8000 	cl_kernels

VM Arguments:
jvm_args: -Djava.library.path=/Users/tjluebke/Documents/workspace/BallRoll/lib/natives-mac -Dfile.encoding=UTF-8 
java_command: luebkeTJ.Main
java_class_path (initial): /Users/tjluebke/Documents/workspace/Buffering BallRoll/bin:/Users/tjluebke/Documents/workspace/BallRoll/lib/jars/lwjgl_util.jar:/Users/tjluebke/Documents/workspace/BallRoll/lib/jars/lwjgl.jar:/Users/tjluebke/Documents/workspace/BallRoll/lib/jars/slick-util.jar
Launcher Type: SUN_STANDARD

Environment Variables:
PATH=/usr/bin:/bin:/usr/sbin:/sbin
SHELL=/bin/bash

Signal Handlers:
SIGSEGV: [libjvm.dylib+0x58f13d], sa_mask[0]=11111111011111110111111111111111, sa_flags=SA_ONSTACK|SA_RESTART|SA_SIGINFO
SIGBUS: [libjvm.dylib+0x58f13d], sa_mask[0]=11111111011111110111111111111111, sa_flags=SA_RESTART|SA_SIGINFO
SIGFPE: [libjvm.dylib+0x46c854], sa_mask[0]=11111111011111110111111111111111, sa_flags=SA_RESTART|SA_SIGINFO
SIGPIPE: [libjvm.dylib+0x46c854], sa_mask[0]=11111111011111110111111111111111, sa_flags=SA_RESTART|SA_SIGINFO
SIGXFSZ: [libjvm.dylib+0x46c854], sa_mask[0]=11111111011111110111111111111111, sa_flags=SA_RESTART|SA_SIGINFO
SIGILL: [libjvm.dylib+0x46c854], sa_mask[0]=11111111011111110111111111111111, sa_flags=SA_RESTART|SA_SIGINFO
SIGUSR1: SIG_DFL, sa_mask[0]=00000000000000000000000000000000, sa_flags=SA_RESTART
SIGUSR2: [libjvm.dylib+0x46c372], sa_mask[0]=00100000000000000000000000000000, sa_flags=SA_RESTART|SA_SIGINFO
SIGHUP: [libjvm.dylib+0x46a945], sa_mask[0]=11111111011111110111111111111111, sa_flags=SA_RESTART|SA_SIGINFO
SIGINT: [libjvm.dylib+0x46a945], sa_mask[0]=11111111011111110111111111111111, sa_flags=SA_RESTART|SA_SIGINFO
SIGTERM: [libjvm.dylib+0x46a945], sa_mask[0]=11111111011111110111111111111111, sa_flags=SA_RESTART|SA_SIGINFO
SIGQUIT: [libjvm.dylib+0x46a945], sa_mask[0]=11111111011111110111111111111111, sa_flags=SA_RESTART|SA_SIGINFO


---------------  S Y S T E M  ---------------

OS:Bsduname:Darwin 13.3.0 Darwin Kernel Version 13.3.0: Tue Jun  3 21:27:35 PDT 2014; root:xnu-2422.110.17~1/RELEASE_X86_64 x86_64
rlimit: STACK 8192k, CORE 0k, NPROC 709, NOFILE 10240, AS infinity
load average:1.70 1.63 1.60

CPU:total 8 (4 cores per cpu, 2 threads per core) family 6 model 60 stepping 3, cmov, cx8, fxsr, mmx, sse, sse2, sse3, ssse3, sse4.1, sse4.2, popcnt, avx, avx2, aes, clmul, erms, rtm, lzcnt, ht, tsc, tscinvbit, bmi1, bmi2

Memory: 4k page, physical 8388608k(3478436k free)

/proc/meminfo:


vm_info: Java HotSpot(TM) 64-Bit Server VM (25.40-b23) for bsd-amd64 JRE (1.8.0_40-ea-b19), built on Dec 16 2014 18:34:50 by "java_re" with gcc 4.2.1 (Based on Apple Inc. build 5658) (LLVM build 2336.11.00)

time: Fri Jan  9 17:05:07 2015
elapsed time: 3 seconds (0d 0h 0m 3s)

