#
# A fatal error has been detected by the Java Runtime Environment:
#
#  SIGSEGV (0xb) at pc=0x00007fff901bf097, pid=588, tid=3335
#
# JRE version: Java(TM) SE Runtime Environment (8.0_40-b19) (build 1.8.0_40-ea-b19)
# Java VM: Java HotSpot(TM) 64-Bit Server VM (25.40-b23 mixed mode bsd-amd64 compressed oops)
# Problematic frame:
# C  [libobjc.A.dylib+0x5097]  objc_msgSend+0x17
#
# Failed to write core dump. Core dumps have been disabled. To enable core dumping, try "ulimit -c unlimited" before starting Java again
#
# If you would like to submit a bug report, please visit:
#   http://bugreport.java.com/bugreport/crash.jsp
# The crash happened outside the Java Virtual Machine in native code.
# See problematic frame for where to report the bug.
#

---------------  T H R E A D  ---------------

Current thread (0x00007fbccd029000):  JavaThread "AppKit Thread" daemon [_thread_in_native, id=3335, stack(0x00007fff52883000,0x00007fff53083000)]

siginfo: si_signo: 11 (SIGSEGV), si_code: 0 (unknown), si_addr: 0x0000000000000000

Registers:
RAX=0x00007fff8c46fb82, RBX=0x00007fff5307d368, RCX=0x0000000000000013, RDX=0x00007fff5307d31f
RSP=0x00007fff5307d198, RBP=0x00007fff5307d1a0, RSI=0x00007fff8c46fb82, RDI=0x00007fbcccb62440
R8 =0x000000000000003f, R9 =0xffff80432eaf3cbf, R10=0x00007fff8c46fb82, R11=0xf00007fbcccb6237
R12=0x00007fbcccb75ca0, R13=0x000000000000001f, R14=0x00007fbcccb62440, R15=0x000000000000000b
RIP=0x00007fff901bf097, EFLAGS=0x0000000000010246, ERR=0x0000000000000000
  TRAPNO=0x000000000000000d

Top of Stack: (sp=0x00007fff5307d198)
0x00007fff5307d198:   00007fff8bb768d4 00007fff5307d1c0
0x00007fff5307d1a8:   00007fff91820f64 00007fff5307d368
0x00007fff5307d1b8:   0000000000000001 00007fff5307d350
0x00007fff5307d1c8:   00007fff91820ed9 0000000000001007
0x00007fff5307d1d8:   00007fbccb0090c8 00007fbcd150c340
0x00007fff5307d1e8:   00007fbcccb62440 00007fbcd144e4f0
0x00007fff5307d1f8:   00007fbccac18880 00007fbccadbb3b0
0x00007fff5307d208:   00007fbccac1ced0 00007fbcccb65520
0x00007fff5307d218:   00007fbcd1458400 00007fbccc97ad50
0x00007fff5307d228:   00007fbcccb3ef40 00007fbcd14581a0
0x00007fff5307d238:   00007fbcd1457f70 00007fbcd16dd8e0
0x00007fff5307d248:   00007fbccae35f00 00007fbccad0b910
0x00007fff5307d258:   00007fbcd1371e70 0000000000000029
0x00007fff5307d268:   00007fff5307d1e0 00007fbcccb75cb8
0x00007fff5307d278:   0000000000000000 0000000000000000
0x00007fff5307d288:   0000000000000000 0000000000000000
0x00007fff5307d298:   0000000000000000 00007fff5307d2c0
0x00007fff5307d2a8:   00007fff917815af 0000000000000000
0x00007fff5307d2b8:   0000000000000000 00007fff5307d340
0x00007fff5307d2c8:   00007fff917b0b8f 00007fff5307d480
0x00007fff5307d2d8:   00007fff9179a043 00007fbccac0b100
0x00007fff5307d2e8:   0000000000000000 00000000917eaf20
0x00007fff5307d2f8:   0000000000000000 00007fff901c7c2b
0x00007fff5307d308:   0000000000000000 00007fff5307d340
0x00007fff5307d318:   0000000000000000 200007a3e480ec01
0x00007fff5307d328:   0000000000000000 00007fff75feb370
0x00007fff5307d338:   00007fff901bf080 00007fbcccb75ca0
0x00007fff5307d348:   00007fbccac0b100 00007fff5307d3d0
0x00007fff5307d358:   00007fff91820b97 0000000000000000
0x00007fff5307d368:   00007fff7633b0d0 0000000042000000
0x00007fff5307d378:   00007fff91820f50 00007fff76bf3050
0x00007fff5307d388:   00007fff75feb370 00007fbccac0b100 

Instructions: (pc=0x00007fff901bf097)
0x00007fff901bf077:   90 90 90 90 90 90 90 90 90 48 85 ff 2e 74 72 40
0x00007fff901bf087:   f6 c7 01 2e 0f 85 7e 00 00 00 4c 8b 1f 49 89 f2
0x00007fff901bf097:   45 23 53 18 49 c1 e2 04 4d 03 53 10 49 3b 32 75
0x00007fff901bf0a7:   04 41 ff 62 08 49 83 3a 00 74 74 4d 3b 53 10 74 

Register to memory mapping:

RAX=0x00007fff8c46fb82: NSAppKitVersionNumber+0x9572 in /System/Library/Frameworks/AppKit.framework/Versions/C/AppKit at 0x00007fff8ba16000
RBX=0x00007fff5307d368 is pointing into the stack for thread: 0x00007fbccd029000
RCX=0x0000000000000013 is an unknown value
RDX=0x00007fff5307d31f is pointing into the stack for thread: 0x00007fbccd029000
RSP=0x00007fff5307d198 is pointing into the stack for thread: 0x00007fbccd029000
RBP=0x00007fff5307d1a0 is pointing into the stack for thread: 0x00007fbccd029000
RSI=0x00007fff8c46fb82: NSAppKitVersionNumber+0x9572 in /System/Library/Frameworks/AppKit.framework/Versions/C/AppKit at 0x00007fff8ba16000
RDI=0x00007fbcccb62440 is an unknown value
R8 =0x000000000000003f is an unknown value
R9 =0xffff80432eaf3cbf is an unknown value
R10=0x00007fff8c46fb82: NSAppKitVersionNumber+0x9572 in /System/Library/Frameworks/AppKit.framework/Versions/C/AppKit at 0x00007fff8ba16000
R11=0xf00007fbcccb6237 is an unknown value
R12=0x00007fbcccb75ca0 is an unknown value
R13=0x000000000000001f is an unknown value
R14=0x00007fbcccb62440 is an unknown value
R15=0x000000000000000b is an unknown value


Stack: [0x00007fff52883000,0x00007fff53083000],  sp=0x00007fff5307d198,  free space=8168k
Native frames: (J=compiled Java code, j=interpreted, Vv=VM code, C=native code)
C  [libobjc.A.dylib+0x5097]  objc_msgSend+0x17
C  [CoreFoundation+0xa5f64]  __40-[NSSet objectsWithOptions:passingTest:]_block_invoke+0x14
C  [CoreFoundation+0xa5ed9]  __NSSetEnumerate+0x2b9
C  [CoreFoundation+0xa5b97]  -[NSSet objectsWithOptions:passingTest:]+0xa7
C  [AppKit+0x60d92]  -[NSView(NSInternal) _uninstallRemovedTrackingAreas]+0x13a
C  [AppKit+0x3aa46]  -[NSView _setWindow:]+0x409
C  [AppKit+0x4cde5]  -[NSControl _setWindow:]+0x9a
C  [AppKit+0x4cc9e]  -[NSButton _setWindow:]+0x30
C  [CoreFoundation+0x822f9]  __53-[__NSArrayM enumerateObjectsWithOptions:usingBlock:]_block_invoke+0x89
C  [CoreFoundation+0x81a9f]  -[__NSArrayM enumerateObjectsWithOptions:usingBlock:]+0x13f
C  [AppKit+0x77ec72]  __21-[NSView _setWindow:]_block_invoke712+0xe7
C  [AppKit+0x3b15f]  -[NSView _setWindow:]+0xb22
C  [AppKit+0x440ed]  -[NSThemeFrame _setWindow:]+0x6f
C  [AppKit+0x291ed9]  -[NSWindow dealloc]+0x48b
C  [AppKit+0x435ea]  -[NSWindow release]+0xc1
C  [Foundation+0x638f3]  _timerRelease+0x4a
C  [CoreFoundation+0xb4f6e]  __CFRunLoopDoTimer+0x4ce
C  [CoreFoundation+0x1265aa]  __CFRunLoopDoTimers+0x12a
C  [CoreFoundation+0x706a5]  __CFRunLoopRun+0x5f5
C  [CoreFoundation+0x6fe75]  CFRunLoopRunSpecific+0x135
C  [HIToolbox+0x2ea0d]  RunCurrentEventLoopInMode+0xe2
C  [HIToolbox+0x2e7b7]  ReceiveNextEventCommon+0x1df
C  [HIToolbox+0x2e5bc]  _BlockUntilNextEventMatchingListInModeWithFilter+0x41
C  [AppKit+0x2424e]  _DPSNextEvent+0x59a
C  [AppKit+0x2389b]  -[NSApplication nextEventMatchingMask:untilDate:inMode:dequeue:]+0x7a
C  [libosxapp.dylib+0x242a]  -[NSApplicationAWT nextEventMatchingMask:untilDate:inMode:dequeue:]+0x7c
C  [AppKit+0x1799c]  -[NSApplication run]+0x229
C  [libosxapp.dylib+0x223e]  +[NSApplicationAWT runAWTLoopWithApp:]+0x9c
C  [libawt_lwawt.dylib+0x4463b]  -[AWTStarter starter:]+0x389
C  [Foundation+0x6313e]  __NSThreadPerformPerform+0xe5
C  [CoreFoundation+0x7f5b1]  __CFRUNLOOP_IS_CALLING_OUT_TO_A_SOURCE0_PERFORM_FUNCTION__+0x11
C  [CoreFoundation+0x70c62]  __CFRunLoopDoSources0+0xf2
C  [CoreFoundation+0x703ef]  __CFRunLoopRun+0x33f
C  [CoreFoundation+0x6fe75]  CFRunLoopRunSpecific+0x135
C  [java+0x6480]  CreateExecutionEnvironment+0x367
C  [java+0x220c]  JLI_Launch+0x7a0
C  [java+0x84dd]  main+0x65
C  [java+0x1a64]  start+0x34
C  0x0000000000000006


---------------  P R O C E S S  ---------------

Java Threads: ( => current thread )
  0x00007fbcd2952800 JavaThread "AWT-Shutdown" [_thread_blocked, id=40243, stack(0x000000012c06f000,0x000000012c16f000)]
=>0x00007fbccd029000 JavaThread "AppKit Thread" daemon [_thread_in_native, id=3335, stack(0x00007fff52883000,0x00007fff53083000)]
  0x00007fbcce01c000 JavaThread "Service Thread" daemon [_thread_blocked, id=22275, stack(0x00000001264b8000,0x00000001265b8000)]
  0x00007fbcce801000 JavaThread "C1 CompilerThread3" daemon [_thread_blocked, id=21763, stack(0x00000001263b5000,0x00000001264b5000)]
  0x00007fbccb81a800 JavaThread "C2 CompilerThread2" daemon [_thread_blocked, id=21251, stack(0x00000001262b2000,0x00000001263b2000)]
  0x00007fbccb819800 JavaThread "C2 CompilerThread1" daemon [_thread_blocked, id=20739, stack(0x00000001261af000,0x00000001262af000)]
  0x00007fbcce800000 JavaThread "C2 CompilerThread0" daemon [_thread_blocked, id=20227, stack(0x00000001260ac000,0x00000001261ac000)]
  0x00007fbcce01b000 JavaThread "Signal Dispatcher" daemon [_thread_blocked, id=19715, stack(0x0000000125fa9000,0x00000001260a9000)]
  0x00007fbccb811000 JavaThread "Finalizer" daemon [_thread_blocked, id=14595, stack(0x0000000125d67000,0x0000000125e67000)]
  0x00007fbccb810800 JavaThread "Reference Handler" daemon [_thread_blocked, id=14083, stack(0x0000000125c64000,0x0000000125d64000)]
  0x00007fbccd000000 JavaThread "main" [_thread_in_native, id=6403, stack(0x000000010cc93000,0x000000010cd93000)]

Other Threads:
  0x00007fbccd84d800 VMThread [stack: 0x0000000125b61000,0x0000000125c61000] [id=13571]
  0x00007fbcce004800 WatcherThread [stack: 0x00000001265bb000,0x00000001266bb000] [id=22787]

VM state:not at safepoint (normal execution)

VM Mutex/Monitor currently owned by a thread: None

Heap:
 PSYoungGen      total 668160K, used 653684K [0x0000000795580000, 0x00000007c0000000, 0x00000007c0000000)
  eden space 637440K, 98% used [0x0000000795580000,0x00000007bb78d370,0x00000007bc400000)
  from space 30720K, 94% used [0x00000007be200000,0x00000007bfe50000,0x00000007c0000000)
  to   space 30720K, 0% used [0x00000007bc400000,0x00000007bc400000,0x00000007be200000)
 ParOldGen       total 87552K, used 73098K [0x0000000740000000, 0x0000000745580000, 0x0000000795580000)
  object space 87552K, 83% used [0x0000000740000000,0x0000000744762a38,0x0000000745580000)
 Metaspace       used 8476K, capacity 8707K, committed 8832K, reserved 1056768K
  class space    used 790K, capacity 870K, committed 896K, reserved 1048576K

Card table byte_map: [0x000000011e128000,0x000000011e529000] byte_map_base: 0x000000011a728000

Marking Bits: (ParMarkBitMap*) 0x000000010e6c26c0
 Begin Bits: [0x000000011efec000, 0x0000000120fec000)
 End Bits:   [0x0000000120fec000, 0x0000000122fec000)

Polling page: 0x000000010cdd8000

CodeCache: size=245760Kb used=7014Kb max_used=8381Kb free=238745Kb
 bounds [0x000000010ed68000, 0x000000010f5f8000, 0x000000011dd68000]
 total_blobs=1568 nmethods=1131 adapters=351
 compilation: enabled

Compilation events (10 events):
Event: 167.109 Thread 0x00007fbccb819800 1390       4       luebkeTJ.Main::collideWithWorld (568 bytes)
Event: 167.129 Thread 0x00007fbccb819800 nmethod 1390 0x000000010f0c2c90 code [0x000000010f0c2f40, 0x000000010f0c41e0]
Event: 167.752 Thread 0x00007fbcce801000 1391       3       luebkeTJ.Main::drawSubString (1092 bytes)
Event: 167.757 Thread 0x00007fbcce801000 nmethod 1391 0x000000010f409510 code [0x000000010f40a640, 0x000000010f413478]
Event: 174.223 Thread 0x00007fbccb81a800 1392       4       luebkeTJ.Main::drawSubString (1092 bytes)
Event: 174.329 Thread 0x00007fbccb81a800 nmethod 1392 0x000000010f3fd7d0 code [0x000000010f3fe020, 0x000000010f400db0]
Event: 175.716 Thread 0x00007fbcce801000 1393       3       java.util.Vector::elementData (7 bytes)
Event: 175.716 Thread 0x00007fbcce801000 nmethod 1393 0x000000010eeafed0 code [0x000000010eeb0040, 0x000000010eeb01d0]
Event: 175.721 Thread 0x00007fbcce801000 1394  s    3       java.util.Vector::addElement (38 bytes)
Event: 175.721 Thread 0x00007fbcce801000 nmethod 1394 0x000000010eea2550 code [0x000000010eea26e0, 0x000000010eea2c08]

GC Heap History (10 events):
Event: 168.193 GC heap before
{Heap before GC invocations=136 (full 0):
 PSYoungGen      total 668160K, used 665728K [0x0000000795580000, 0x00000007c0000000, 0x00000007c0000000)
  eden space 638464K, 100% used [0x0000000795580000,0x00000007bc500000,0x00000007bc500000)
  from space 29696K, 91% used [0x00000007bc500000,0x00000007bdfa0000,0x00000007be200000)
  to   space 29696K, 0% used [0x00000007be300000,0x00000007be300000,0x00000007c0000000)
 ParOldGen       total 87552K, used 73090K [0x0000000740000000, 0x0000000745580000, 0x0000000795580000)
  object space 87552K, 83% used [0x0000000740000000,0x0000000744760a38,0x0000000745580000)
 Metaspace       used 8469K, capacity 8707K, committed 8832K, reserved 1056768K
  class space    used 789K, capacity 870K, committed 896K, reserved 1048576K
Event: 168.269 GC heap after
Heap after GC invocations=136 (full 0):
 PSYoungGen      total 669184K, used 28032K [0x0000000795580000, 0x00000007c0000000, 0x00000007c0000000)
  eden space 639488K, 0% used [0x0000000795580000,0x0000000795580000,0x00000007bc600000)
  from space 29696K, 94% used [0x00000007be300000,0x00000007bfe60000,0x00000007c0000000)
  to   space 29696K, 0% used [0x00000007bc600000,0x00000007bc600000,0x00000007be300000)
 ParOldGen       total 87552K, used 73090K [0x0000000740000000, 0x0000000745580000, 0x0000000795580000)
  object space 87552K, 83% used [0x0000000740000000,0x0000000744760a38,0x0000000745580000)
 Metaspace       used 8469K, capacity 8707K, committed 8832K, reserved 1056768K
  class space    used 789K, capacity 870K, committed 896K, reserved 1048576K
}
Event: 169.701 GC heap before
{Heap before GC invocations=137 (full 0):
 PSYoungGen      total 669184K, used 667520K [0x0000000795580000, 0x00000007c0000000, 0x00000007c0000000)
  eden space 639488K, 100% used [0x0000000795580000,0x00000007bc600000,0x00000007bc600000)
  from space 29696K, 94% used [0x00000007be300000,0x00000007bfe60000,0x00000007c0000000)
  to   space 29696K, 0% used [0x00000007bc600000,0x00000007bc600000,0x00000007be300000)
 ParOldGen       total 87552K, used 73090K [0x0000000740000000, 0x0000000745580000, 0x0000000795580000)
  object space 87552K, 83% used [0x0000000740000000,0x0000000744760a38,0x0000000745580000)
 Metaspace       used 8469K, capacity 8707K, committed 8832K, reserved 1056768K
  class space    used 789K, capacity 870K, committed 896K, reserved 1048576K
Event: 169.777 GC heap after
Heap after GC invocations=137 (full 0):
 PSYoungGen      total 668672K, used 28960K [0x0000000795580000, 0x00000007c0000000, 0x00000007c0000000)
  eden space 639488K, 0% used [0x0000000795580000,0x0000000795580000,0x00000007bc600000)
  from space 29184K, 99% used [0x00000007bc600000,0x00000007be248000,0x00000007be280000)
  to   space 30208K, 0% used [0x00000007be280000,0x00000007be280000,0x00000007c0000000)
 ParOldGen       total 87552K, used 73090K [0x0000000740000000, 0x0000000745580000, 0x0000000795580000)
  object space 87552K, 83% used [0x0000000740000000,0x0000000744760a38,0x0000000745580000)
 Metaspace       used 8469K, capacity 8707K, committed 8832K, reserved 1056768K
  class space    used 789K, capacity 870K, committed 896K, reserved 1048576K
}
Event: 171.216 GC heap before
{Heap before GC invocations=138 (full 0):
 PSYoungGen      total 668672K, used 668448K [0x0000000795580000, 0x00000007c0000000, 0x00000007c0000000)
  eden space 639488K, 100% used [0x0000000795580000,0x00000007bc600000,0x00000007bc600000)
  from space 29184K, 99% used [0x00000007bc600000,0x00000007be248000,0x00000007be280000)
  to   space 30208K, 0% used [0x00000007be280000,0x00000007be280000,0x00000007c0000000)
 ParOldGen       total 87552K, used 73090K [0x0000000740000000, 0x0000000745580000, 0x0000000795580000)
  object space 87552K, 83% used [0x0000000740000000,0x0000000744760a38,0x0000000745580000)
 Metaspace       used 8469K, capacity 8707K, committed 8832K, reserved 1056768K
  class space    used 789K, capacity 870K, committed 896K, reserved 1048576K
Event: 171.304 GC heap after
Heap after GC invocations=138 (full 0):
 PSYoungGen      total 668672K, used 28960K [0x0000000795580000, 0x00000007c0000000, 0x00000007c0000000)
  eden space 638464K, 0% used [0x0000000795580000,0x0000000795580000,0x00000007bc500000)
  from space 30208K, 95% used [0x00000007be280000,0x00000007bfec8000,0x00000007c0000000)
  to   space 30208K, 0% used [0x00000007bc500000,0x00000007bc500000,0x00000007be280000)
 ParOldGen       total 87552K, used 73090K [0x0000000740000000, 0x0000000745580000, 0x0000000795580000)
  object space 87552K, 83% used [0x0000000740000000,0x0000000744760a38,0x0000000745580000)
 Metaspace       used 8469K, capacity 8707K, committed 8832K, reserved 1056768K
  class space    used 789K, capacity 870K, committed 896K, reserved 1048576K
}
Event: 172.734 GC heap before
{Heap before GC invocations=139 (full 0):
 PSYoungGen      total 668672K, used 667424K [0x0000000795580000, 0x00000007c0000000, 0x00000007c0000000)
  eden space 638464K, 100% used [0x0000000795580000,0x00000007bc500000,0x00000007bc500000)
  from space 30208K, 95% used [0x00000007be280000,0x00000007bfec8000,0x00000007c0000000)
  to   space 30208K, 0% used [0x00000007bc500000,0x00000007bc500000,0x00000007be280000)
 ParOldGen       total 87552K, used 73090K [0x0000000740000000, 0x0000000745580000, 0x0000000795580000)
  object space 87552K, 83% used [0x0000000740000000,0x0000000744760a38,0x0000000745580000)
 Metaspace       used 8469K, capacity 8707K, committed 8832K, reserved 1056768K
  class space    used 789K, capacity 870K, committed 896K, reserved 1048576K
Event: 172.811 GC heap after
Heap after GC invocations=139 (full 0):
 PSYoungGen      total 667648K, used 28896K [0x0000000795580000, 0x00000007c0000000, 0x00000007c0000000)
  eden space 638464K, 0% used [0x0000000795580000,0x0000000795580000,0x00000007bc500000)
  from space 29184K, 99% used [0x00000007bc500000,0x00000007be138000,0x00000007be180000)
  to   space 30720K, 0% used [0x00000007be200000,0x00000007be200000,0x00000007c0000000)
 ParOldGen       total 87552K, used 73090K [0x0000000740000000, 0x0000000745580000, 0x0000000795580000)
  object space 87552K, 83% used [0x0000000740000000,0x0000000744760a38,0x0000000745580000)
 Metaspace       used 8469K, capacity 8707K, committed 8832K, reserved 1056768K
  class space    used 789K, capacity 870K, committed 896K, reserved 1048576K
}
Event: 174.240 GC heap before
{Heap before GC invocations=140 (full 0):
 PSYoungGen      total 667648K, used 667360K [0x0000000795580000, 0x00000007c0000000, 0x00000007c0000000)
  eden space 638464K, 100% used [0x0000000795580000,0x00000007bc500000,0x00000007bc500000)
  from space 29184K, 99% used [0x00000007bc500000,0x00000007be138000,0x00000007be180000)
  to   space 30720K, 0% used [0x00000007be200000,0x00000007be200000,0x00000007c0000000)
 ParOldGen       total 87552K, used 73090K [0x0000000740000000, 0x0000000745580000, 0x0000000795580000)
  object space 87552K, 83% used [0x0000000740000000,0x0000000744760a38,0x0000000745580000)
 Metaspace       used 8469K, capacity 8707K, committed 8832K, reserved 1056768K
  class space    used 789K, capacity 870K, committed 896K, reserved 1048576K
Event: 174.327 GC heap after
Heap after GC invocations=140 (full 0):
 PSYoungGen      total 668160K, used 28992K [0x0000000795580000, 0x00000007c0000000, 0x00000007c0000000)
  eden space 637440K, 0% used [0x0000000795580000,0x0000000795580000,0x00000007bc400000)
  from space 30720K, 94% used [0x00000007be200000,0x00000007bfe50000,0x00000007c0000000)
  to   space 30720K, 0% used [0x00000007bc400000,0x00000007bc400000,0x00000007be200000)
 ParOldGen       total 87552K, used 73098K [0x0000000740000000, 0x0000000745580000, 0x0000000795580000)
  object space 87552K, 83% used [0x0000000740000000,0x0000000744762a38,0x0000000745580000)
 Metaspace       used 8469K, capacity 8707K, committed 8832K, reserved 1056768K
  class space    used 789K, capacity 870K, committed 896K, reserved 1048576K
}

Deoptimization events (10 events):
Event: 72.123 Thread 0x00007fbccd000000 Uncommon trap: reason=unstable_if action=reinterpret pc=0x000000010f201758 method=luebkeTJ.Main.draw3DTriangle(LluebkeTJ/Data;)V @ 237
Event: 73.648 Thread 0x00007fbccd000000 Uncommon trap: reason=unstable_if action=reinterpret pc=0x000000010f521210 method=luebkeTJ.Main.Make3D()V @ 371
Event: 77.057 Thread 0x00007fbccd000000 Uncommon trap: reason=unstable_if action=reinterpret pc=0x000000010efa19d0 method=luebkeTJ.Main.particles()V @ 886
Event: 78.238 Thread 0x00007fbccd000000 Uncommon trap: reason=unstable_if action=reinterpret pc=0x000000010eea6770 method=luebkeTJ.Main.particleCollide(LluebkeTJ/Particle;)Z @ 109
Event: 117.234 Thread 0x00007fbccd000000 Uncommon trap: reason=unstable_if action=reinterpret pc=0x000000010f52879c method=luebkeTJ.Main.collideWithWorld(LluebkeTJ/Vector;LluebkeTJ/Vector;)LluebkeTJ/Vector; @ 543
Event: 117.239 Thread 0x00007fbccd000000 Uncommon trap: reason=unstable_if action=reinterpret pc=0x000000010f061bb8 method=luebkeTJ.Main.Grapple()V @ 432
Event: 122.947 Thread 0x00007fbccd000000 Uncommon trap: reason=unstable_if action=reinterpret pc=0x000000010f17d088 method=luebkeTJ.Main.particles()V @ 498
Event: 145.493 Thread 0x00007fbccd000000 Uncommon trap: reason=unstable_if action=reinterpret pc=0x000000010f2304f8 method=luebkeTJ.Main.story()V @ 5619
Event: 149.056 Thread 0x00007fbccd000000 Uncommon trap: reason=unstable_if action=reinterpret pc=0x000000010f4c9330 method=luebkeTJ.Main.drawSubString(Ljava/lang/String;DDIDDD)V @ 513
Event: 167.617 Thread 0x00007fbccd000000 Uncommon trap: reason=unstable_if action=reinterpret pc=0x000000010f4227ac method=luebkeTJ.Main.drawSubString(Ljava/lang/String;DDIDDD)V @ 813

Internal exceptions (10 events):
Event: 0.274 Thread 0x00007fbccd000000 Exception <a 'java/lang/UnsatisfiedLinkError'> (0x0000000795b6cac8) thrown at [/Users/java_re/workspace/8-2-build-macosx-x86_64/jdk8u40/2379.nc/hotspot/src/share/vm/prims/jvm.cpp, line 1386]
Event: 0.300 Thread 0x00007fbccd029000 Exception <a 'java/lang/NoSuchFieldError': method resolution failed> (0x0000000795d03b28) thrown at [/Users/java_re/workspace/8-2-build-macosx-x86_64/jdk8u40/2379.nc/hotspot/src/share/vm/prims/methodHandles.cpp, line 1125]
Event: 0.301 Thread 0x00007fbccd029000 Exception <a 'java/lang/NoSuchFieldError': method resolution failed> (0x0000000795d12198) thrown at [/Users/java_re/workspace/8-2-build-macosx-x86_64/jdk8u40/2379.nc/hotspot/src/share/vm/prims/methodHandles.cpp, line 1125]
Event: 0.568 Thread 0x00007fbccd000000 Exception <a 'java/security/PrivilegedActionException'> (0x0000000796389448) thrown at [/Users/java_re/workspace/8-2-build-macosx-x86_64/jdk8u40/2379.nc/hotspot/src/share/vm/prims/jvm.cpp, line 1382]
Event: 0.569 Thread 0x00007fbccd000000 Exception <a 'java/security/PrivilegedActionException'> (0x000000079638af80) thrown at [/Users/java_re/workspace/8-2-build-macosx-x86_64/jdk8u40/2379.nc/hotspot/src/share/vm/prims/jvm.cpp, line 1382]
Event: 0.569 Thread 0x00007fbccd000000 Exception <a 'java/security/PrivilegedActionException'> (0x000000079638bff0) thrown at [/Users/java_re/workspace/8-2-build-macosx-x86_64/jdk8u40/2379.nc/hotspot/src/share/vm/prims/jvm.cpp, line 1382]
Event: 0.569 Thread 0x00007fbccd000000 Exception <a 'java/security/PrivilegedActionException'> (0x0000000796390fa0) thrown at [/Users/java_re/workspace/8-2-build-macosx-x86_64/jdk8u40/2379.nc/hotspot/src/share/vm/prims/jvm.cpp, line 1382]
Event: 0.569 Thread 0x00007fbccd000000 Exception <a 'java/security/PrivilegedActionException'> (0x0000000796391b48) thrown at [/Users/java_re/workspace/8-2-build-macosx-x86_64/jdk8u40/2379.nc/hotspot/src/share/vm/prims/jvm.cpp, line 1382]
Event: 0.569 Thread 0x00007fbccd000000 Exception <a 'java/security/PrivilegedActionException'> (0x00000007963926c0) thrown at [/Users/java_re/workspace/8-2-build-macosx-x86_64/jdk8u40/2379.nc/hotspot/src/share/vm/prims/jvm.cpp, line 1382]
Event: 2.907 Thread 0x00007fbccb810800 Implicit null exception at 0x000000010f24e8d1 to 0x000000010f24efd5

Events (10 events):
Event: 171.304 Executing VM operation: ParallelGCFailedAllocation done
Event: 172.734 Executing VM operation: ParallelGCFailedAllocation
Event: 172.811 Executing VM operation: ParallelGCFailedAllocation done
Event: 174.191 Thread 0x00007fbcd2952800 Thread added: 0x00007fbcd2952800
Event: 174.239 Executing VM operation: ParallelGCFailedAllocation
Event: 174.327 Executing VM operation: ParallelGCFailedAllocation done
Event: 174.329 Thread 0x00007fbccb81a800 flushing nmethod 0x000000010f240c90
Event: 175.716 Thread 0x00007fbcce801000 flushing nmethod 0x000000010f2a6f50
Event: 175.721 loading class org/lwjgl/opengl/CallbackUtil
Event: 175.721 loading class org/lwjgl/opengl/CallbackUtil done


Dynamic libraries:
0x0000000004577000 	/System/Library/Frameworks/Cocoa.framework/Versions/A/Cocoa
0x0000000004577000 	/System/Library/Frameworks/Security.framework/Versions/A/Security
0x0000000004577000 	/System/Library/Frameworks/ApplicationServices.framework/Versions/A/ApplicationServices
0x0000000004577000 	/usr/lib/libz.1.dylib
0x0000000004577000 	/usr/lib/libSystem.B.dylib
0x0000000004577000 	/usr/lib/libobjc.A.dylib
0x0000000004577000 	/System/Library/Frameworks/CoreFoundation.framework/Versions/A/CoreFoundation
0x0000000004577000 	/System/Library/Frameworks/Foundation.framework/Versions/C/Foundation
0x0000000004577000 	/System/Library/Frameworks/AppKit.framework/Versions/C/AppKit
0x0000000004577000 	/System/Library/Frameworks/CoreData.framework/Versions/A/CoreData
0x0000000004577000 	/System/Library/PrivateFrameworks/RemoteViewServices.framework/Versions/A/RemoteViewServices
0x0000000004577000 	/System/Library/Frameworks/AudioToolbox.framework/Versions/A/AudioToolbox
0x0000000004577000 	/System/Library/Frameworks/AudioUnit.framework/Versions/A/AudioUnit
0x0000000004577000 	/System/Library/PrivateFrameworks/DataDetectorsCore.framework/Versions/A/DataDetectorsCore
0x0000000004577000 	/System/Library/PrivateFrameworks/DesktopServicesPriv.framework/Versions/A/DesktopServicesPriv
0x0000000004577000 	/System/Library/Frameworks/Carbon.framework/Versions/A/Frameworks/HIToolbox.framework/Versions/A/HIToolbox
0x0000000004577000 	/System/Library/Frameworks/QuartzCore.framework/Versions/A/QuartzCore
0x0000000004577000 	/System/Library/Frameworks/Carbon.framework/Versions/A/Frameworks/SpeechRecognition.framework/Versions/A/SpeechRecognition
0x0000000004577000 	/usr/lib/libauto.dylib
0x0000000004577000 	/usr/lib/libicucore.A.dylib
0x0000000004577000 	/usr/lib/libxml2.2.dylib
0x0000000004577000 	/System/Library/PrivateFrameworks/CoreUI.framework/Versions/A/CoreUI
0x0000000004577000 	/System/Library/Frameworks/CoreAudio.framework/Versions/A/CoreAudio
0x0000000004577000 	/System/Library/Frameworks/DiskArbitration.framework/Versions/A/DiskArbitration
0x0000000004577000 	/usr/lib/liblangid.dylib
0x0000000004577000 	/System/Library/PrivateFrameworks/MultitouchSupport.framework/Versions/A/MultitouchSupport
0x0000000004577000 	/System/Library/Frameworks/IOKit.framework/Versions/A/IOKit
0x0000000004577000 	/usr/lib/libDiagnosticMessagesClient.dylib
0x0000000004577000 	/System/Library/Frameworks/CoreServices.framework/Versions/A/CoreServices
0x0000000004577000 	/System/Library/PrivateFrameworks/PerformanceAnalysis.framework/Versions/A/PerformanceAnalysis
0x0000000004577000 	/System/Library/PrivateFrameworks/GenerationalStorage.framework/Versions/A/GenerationalStorage
0x0000000004577000 	/System/Library/Frameworks/OpenGL.framework/Versions/A/OpenGL
0x0000000004577000 	/System/Library/PrivateFrameworks/Sharing.framework/Versions/A/Sharing
0x0000000004577000 	/System/Library/Frameworks/ImageIO.framework/Versions/A/ImageIO
0x0000000004577000 	/System/Library/Frameworks/CoreText.framework/Versions/A/CoreText
0x0000000004577000 	/System/Library/Frameworks/CoreGraphics.framework/Versions/A/CoreGraphics
0x0000000004577000 	/System/Library/PrivateFrameworks/Backup.framework/Versions/A/Backup
0x0000000004577000 	/System/Library/Frameworks/CFNetwork.framework/Versions/A/CFNetwork
0x0000000004577000 	/System/Library/Frameworks/SystemConfiguration.framework/Versions/A/SystemConfiguration
0x0000000004577000 	/usr/lib/libCRFSuite.dylib
0x0000000004577000 	/usr/lib/libc++.1.dylib
0x0000000004577000 	/usr/lib/libc++abi.dylib
0x0000000004577000 	/usr/lib/system/libcache.dylib
0x0000000004577000 	/usr/lib/system/libcommonCrypto.dylib
0x0000000004577000 	/usr/lib/system/libcompiler_rt.dylib
0x0000000004577000 	/usr/lib/system/libcopyfile.dylib
0x0000000004577000 	/usr/lib/system/libcorecrypto.dylib
0x0000000004577000 	/usr/lib/system/libdispatch.dylib
0x0000000004577000 	/usr/lib/system/libdyld.dylib
0x0000000004577000 	/usr/lib/system/libkeymgr.dylib
0x0000000004577000 	/usr/lib/system/liblaunch.dylib
0x0000000004577000 	/usr/lib/system/libmacho.dylib
0x0000000004577000 	/usr/lib/system/libquarantine.dylib
0x0000000004577000 	/usr/lib/system/libremovefile.dylib
0x0000000004577000 	/usr/lib/system/libsystem_asl.dylib
0x0000000004577000 	/usr/lib/system/libsystem_blocks.dylib
0x0000000004577000 	/usr/lib/system/libsystem_c.dylib
0x0000000004577000 	/usr/lib/system/libsystem_configuration.dylib
0x0000000004577000 	/usr/lib/system/libsystem_dnssd.dylib
0x0000000004577000 	/usr/lib/system/libsystem_info.dylib
0x0000000004577000 	/usr/lib/system/libsystem_kernel.dylib
0x0000000004577000 	/usr/lib/system/libsystem_m.dylib
0x0000000004577000 	/usr/lib/system/libsystem_malloc.dylib
0x0000000004577000 	/usr/lib/system/libsystem_network.dylib
0x0000000004577000 	/usr/lib/system/libsystem_notify.dylib
0x0000000004577000 	/usr/lib/system/libsystem_platform.dylib
0x0000000004577000 	/usr/lib/system/libsystem_pthread.dylib
0x0000000004577000 	/usr/lib/system/libsystem_sandbox.dylib
0x0000000004577000 	/usr/lib/system/libsystem_stats.dylib
0x0000000004577000 	/usr/lib/system/libunc.dylib
0x0000000004577000 	/usr/lib/system/libunwind.dylib
0x0000000004577000 	/usr/lib/system/libxpc.dylib
0x0000000004577000 	/usr/lib/libbsm.0.dylib
0x0000000004577000 	/usr/lib/libsqlite3.dylib
0x0000000004577000 	/usr/lib/libxar.1.dylib
0x0000000004577000 	/usr/lib/libpam.2.dylib
0x0000000004577000 	/usr/lib/libOpenScriptingUtil.dylib
0x0000000004577000 	/usr/lib/libbz2.1.0.dylib
0x0000000004577000 	/System/Library/Frameworks/CoreServices.framework/Versions/A/Frameworks/CarbonCore.framework/Versions/A/CarbonCore
0x0000000004577000 	/System/Library/Frameworks/CoreServices.framework/Versions/A/Frameworks/Metadata.framework/Versions/A/Metadata
0x0000000004577000 	/System/Library/Frameworks/CoreServices.framework/Versions/A/Frameworks/OSServices.framework/Versions/A/OSServices
0x0000000004577000 	/System/Library/Frameworks/CoreServices.framework/Versions/A/Frameworks/SearchKit.framework/Versions/A/SearchKit
0x0000000004577000 	/System/Library/Frameworks/CoreServices.framework/Versions/A/Frameworks/AE.framework/Versions/A/AE
0x0000000004577000 	/System/Library/Frameworks/CoreServices.framework/Versions/A/Frameworks/LaunchServices.framework/Versions/A/LaunchServices
0x0000000004577000 	/System/Library/Frameworks/CoreServices.framework/Versions/A/Frameworks/DictionaryServices.framework/Versions/A/DictionaryServices
0x0000000004577000 	/System/Library/Frameworks/NetFS.framework/Versions/A/NetFS
0x0000000004577000 	/usr/lib/system/libkxld.dylib
0x0000000004577000 	/System/Library/PrivateFrameworks/NetAuth.framework/Versions/A/NetAuth
0x0000000004577000 	/System/Library/PrivateFrameworks/TCC.framework/Versions/A/TCC
0x0000000004577000 	/System/Library/Frameworks/OpenDirectory.framework/Versions/A/Frameworks/CFOpenDirectory.framework/Versions/A/CFOpenDirectory
0x0000000004577000 	/System/Library/Frameworks/ServiceManagement.framework/Versions/A/ServiceManagement
0x0000000004577000 	/usr/lib/libxslt.1.dylib
0x0000000004577000 	/System/Library/Frameworks/Carbon.framework/Versions/A/Frameworks/Ink.framework/Versions/A/Ink
0x0000000004577000 	/System/Library/Frameworks/ApplicationServices.framework/Versions/A/Frameworks/ATS.framework/Versions/A/ATS
0x0000000004577000 	/System/Library/Frameworks/ApplicationServices.framework/Versions/A/Frameworks/ColorSync.framework/Versions/A/ColorSync
0x0000000004577000 	/System/Library/Frameworks/ApplicationServices.framework/Versions/A/Frameworks/HIServices.framework/Versions/A/HIServices
0x0000000004577000 	/System/Library/Frameworks/ApplicationServices.framework/Versions/A/Frameworks/LangAnalysis.framework/Versions/A/LangAnalysis
0x0000000004577000 	/System/Library/Frameworks/ApplicationServices.framework/Versions/A/Frameworks/PrintCore.framework/Versions/A/PrintCore
0x0000000004577000 	/System/Library/Frameworks/ApplicationServices.framework/Versions/A/Frameworks/QD.framework/Versions/A/QD
0x0000000004577000 	/System/Library/Frameworks/ApplicationServices.framework/Versions/A/Frameworks/SpeechSynthesis.framework/Versions/A/SpeechSynthesis
0x0000000004577000 	/System/Library/Frameworks/IOSurface.framework/Versions/A/IOSurface
0x0000000004577000 	/System/Library/Frameworks/Accelerate.framework/Versions/A/Accelerate
0x0000000004577000 	/System/Library/Frameworks/Accelerate.framework/Versions/A/Frameworks/vImage.framework/Versions/A/vImage
0x0000000004577000 	/System/Library/Frameworks/Accelerate.framework/Versions/A/Frameworks/vecLib.framework/Versions/A/vecLib
0x0000000004577000 	/System/Library/Frameworks/Accelerate.framework/Versions/A/Frameworks/vecLib.framework/Versions/A/libvDSP.dylib
0x0000000004577000 	/System/Library/Frameworks/Accelerate.framework/Versions/A/Frameworks/vecLib.framework/Versions/A/libvMisc.dylib
0x0000000004577000 	/System/Library/Frameworks/Accelerate.framework/Versions/A/Frameworks/vecLib.framework/Versions/A/libLAPACK.dylib
0x0000000004577000 	/System/Library/Frameworks/Accelerate.framework/Versions/A/Frameworks/vecLib.framework/Versions/A/libBLAS.dylib
0x0000000004577000 	/System/Library/Frameworks/ApplicationServices.framework/Versions/A/Frameworks/ATS.framework/Versions/A/Resources/libFontParser.dylib
0x0000000004577000 	/System/Library/Frameworks/ApplicationServices.framework/Versions/A/Frameworks/ATS.framework/Versions/A/Resources/libFontRegistry.dylib
0x0000000004577000 	/System/Library/Frameworks/ImageIO.framework/Versions/A/Resources/libJPEG.dylib
0x0000000004577000 	/System/Library/Frameworks/ImageIO.framework/Versions/A/Resources/libTIFF.dylib
0x0000000004577000 	/System/Library/Frameworks/ImageIO.framework/Versions/A/Resources/libPng.dylib
0x0000000004577000 	/System/Library/Frameworks/ImageIO.framework/Versions/A/Resources/libGIF.dylib
0x0000000004577000 	/System/Library/Frameworks/ImageIO.framework/Versions/A/Resources/libJP2.dylib
0x0000000004577000 	/System/Library/Frameworks/ImageIO.framework/Versions/A/Resources/libRadiance.dylib
0x0000000004577000 	/usr/lib/libcups.2.dylib
0x0000000004577000 	/System/Library/Frameworks/Kerberos.framework/Versions/A/Kerberos
0x0000000004577000 	/System/Library/Frameworks/GSS.framework/Versions/A/GSS
0x0000000004577000 	/usr/lib/libresolv.9.dylib
0x0000000004577000 	/usr/lib/libiconv.2.dylib
0x0000000004577000 	/System/Library/PrivateFrameworks/Heimdal.framework/Versions/A/Heimdal
0x0000000004577000 	/System/Library/PrivateFrameworks/TrustEvaluationAgent.framework/Versions/A/TrustEvaluationAgent
0x0000000004577000 	/usr/lib/libheimdal-asn1.dylib
0x0000000004577000 	/System/Library/Frameworks/OpenDirectory.framework/Versions/A/OpenDirectory
0x0000000004577000 	/System/Library/PrivateFrameworks/CommonAuth.framework/Versions/A/CommonAuth
0x0000000004577000 	/System/Library/Frameworks/SecurityFoundation.framework/Versions/A/SecurityFoundation
0x0000000004577000 	/System/Library/PrivateFrameworks/Bom.framework/Versions/A/Bom
0x0000000004577000 	/System/Library/Frameworks/CoreVideo.framework/Versions/A/CoreVideo
0x0000000004577000 	/System/Library/Frameworks/QuartzCore.framework/Versions/A/Frameworks/CoreImage.framework/Versions/A/CoreImage
0x0000000004577000 	/System/Library/Frameworks/QuartzCore.framework/Versions/A/Frameworks/ScalableUserInterface.framework/Versions/A/ScalableUserInterface
0x0000000004577000 	/System/Library/Frameworks/OpenGL.framework/Versions/A/Libraries/libGLU.dylib
0x0000000004577000 	/System/Library/Frameworks/OpenGL.framework/Versions/A/Libraries/libGFXShared.dylib
0x0000000004577000 	/System/Library/Frameworks/OpenGL.framework/Versions/A/Libraries/libGL.dylib
0x0000000004577000 	/System/Library/Frameworks/OpenGL.framework/Versions/A/Libraries/libGLImage.dylib
0x0000000004577000 	/System/Library/Frameworks/OpenGL.framework/Versions/A/Libraries/libCVMSPluginSupport.dylib
0x0000000004577000 	/System/Library/Frameworks/OpenGL.framework/Versions/A/Libraries/libCoreVMClient.dylib
0x0000000004577000 	/System/Library/PrivateFrameworks/FaceCore.framework/Versions/A/FaceCore
0x0000000004577000 	/System/Library/PrivateFrameworks/CrashReporterSupport.framework/Versions/A/CrashReporterSupport
0x0000000004577000 	/System/Library/Frameworks/OpenCL.framework/Versions/A/OpenCL
0x0000000004577000 	/System/Library/PrivateFrameworks/AppleFSCompression.framework/Versions/A/AppleFSCompression
0x0000000004577000 	/System/Library/PrivateFrameworks/Ubiquity.framework/Versions/A/Ubiquity
0x0000000004577000 	/System/Library/PrivateFrameworks/IconServices.framework/Versions/A/IconServices
0x0000000004577000 	/System/Library/PrivateFrameworks/ChunkingLibrary.framework/Versions/A/ChunkingLibrary
0x0000000004577000 	/System/Library/PrivateFrameworks/CoreSymbolication.framework/Versions/A/CoreSymbolication
0x0000000004577000 	/System/Library/PrivateFrameworks/Symbolication.framework/Versions/A/Symbolication
0x0000000004577000 	/System/Library/PrivateFrameworks/DebugSymbols.framework/Versions/A/DebugSymbols
0x000000010de00000 	/Library/Java/JavaVirtualMachines/jdk1.8.0_40.jdk/Contents/Home/jre/lib/server/libjvm.dylib
0x0000000004577000 	/usr/lib/libstdc++.6.dylib
0x000000010cd95000 	/Library/Java/JavaVirtualMachines/jdk1.8.0_40.jdk/Contents/Home/jre/lib/libverify.dylib
0x000000010cda3000 	/Library/Java/JavaVirtualMachines/jdk1.8.0_40.jdk/Contents/Home/jre/lib/libjava.dylib
0x000000010cde2000 	/Library/Java/JavaVirtualMachines/jdk1.8.0_40.jdk/Contents/Home/jre/lib/libzip.dylib
0x0000000125e69000 	/System/Library/Frameworks/JavaVM.framework/Frameworks/JavaRuntimeSupport.framework/JavaRuntimeSupport
0x0000000125e81000 	/System/Library/Frameworks/JavaVM.framework/Versions/A/Frameworks/JavaNativeFoundation.framework/Versions/A/JavaNativeFoundation
0x000000010cdec000 	/System/Library/Frameworks/JavaVM.framework/Versions/A/JavaVM
0x0000000004577000 	/System/Library/Frameworks/Carbon.framework/Versions/A/Carbon
0x0000000125e96000 	/System/Library/PrivateFrameworks/JavaLaunching.framework/Versions/A/JavaLaunching
0x0000000004577000 	/System/Library/Frameworks/Carbon.framework/Versions/A/Frameworks/CommonPanels.framework/Versions/A/CommonPanels
0x0000000004577000 	/System/Library/Frameworks/Carbon.framework/Versions/A/Frameworks/Help.framework/Versions/A/Help
0x0000000004577000 	/System/Library/Frameworks/Carbon.framework/Versions/A/Frameworks/ImageCapture.framework/Versions/A/ImageCapture
0x0000000004577000 	/System/Library/Frameworks/Carbon.framework/Versions/A/Frameworks/OpenScripting.framework/Versions/A/OpenScripting
0x0000000004577000 	/System/Library/Frameworks/Carbon.framework/Versions/A/Frameworks/Print.framework/Versions/A/Print
0x0000000004577000 	/System/Library/Frameworks/Carbon.framework/Versions/A/Frameworks/SecurityHI.framework/Versions/A/SecurityHI
0x000000012674d000 	/Users/tjluebke/Documents/workspace/BallRoll/lib/natives-mac/libjinput-osx.jnilib
0x0000000004577000 	/System/Library/PrivateFrameworks/CoreServicesInternal.framework/Versions/A/CoreServicesInternal
0x0000000126752000 	/System/Library/Extensions/IOHIDFamily.kext/Contents/PlugIns/IOHIDLib.plugin/Contents/MacOS/IOHIDLib
0x0000000126771000 	/Library/Java/JavaVirtualMachines/jdk1.8.0_40.jdk/Contents/Home/jre/lib/libawt.dylib
0x0000000126819000 	/Library/Java/JavaVirtualMachines/jdk1.8.0_40.jdk/Contents/Home/jre/lib/./libmlib_image.dylib
0x00000001268e5000 	/Library/Java/JavaVirtualMachines/jdk1.8.0_40.jdk/Contents/Home/jre/lib/libawt_lwawt.dylib
0x0000000126999000 	/Library/Java/JavaVirtualMachines/jdk1.8.0_40.jdk/Contents/Home/jre/lib/./libosxapp.dylib
0x0000000004577000 	/System/Library/Frameworks/ExceptionHandling.framework/Versions/A/ExceptionHandling
0x0000000004577000 	/System/Library/PrivateFrameworks/Librarian.framework/Versions/A/Librarian
0x0000000004577000 	/System/Library/Frameworks/CoreGraphics.framework/Versions/A/Resources/libCGCMS.A.dylib
0x0000000004577000 	/System/Library/Frameworks/CoreGraphics.framework/Versions/A/Resources/libRIP.A.dylib
0x0000000004577000 	/System/Library/Frameworks/CoreGraphics.framework/Versions/A/Resources/libCGXType.A.dylib
0x0000000004577000 	/System/Library/PrivateFrameworks/FamilyControls.framework/Versions/A/FamilyControls
0x0000000004577000 	/System/Library/PrivateFrameworks/CommerceKit.framework/Versions/A/Frameworks/CommerceCore.framework/Versions/A/CommerceCore
0x0000000004577000 	/System/Library/PrivateFrameworks/SystemAdministration.framework/Versions/A/SystemAdministration
0x0000000004577000 	/System/Library/Frameworks/DirectoryService.framework/Versions/A/DirectoryService
0x0000000004577000 	/System/Library/PrivateFrameworks/DiskImages.framework/Versions/A/DiskImages
0x0000000004577000 	/System/Library/PrivateFrameworks/LoginUIKit.framework/Versions/A/Frameworks/LoginUICore.framework/Versions/A/LoginUICore
0x0000000004577000 	/usr/lib/libCoreStorage.dylib
0x0000000004577000 	/usr/lib/libcsfde.dylib
0x0000000004577000 	/usr/lib/libodfde.dylib
0x0000000004577000 	/System/Library/Frameworks/DiscRecording.framework/Versions/A/DiscRecording
0x0000000004577000 	/usr/lib/libcurl.4.dylib
0x0000000004577000 	/System/Library/PrivateFrameworks/MediaKit.framework/Versions/A/MediaKit
0x0000000004577000 	/System/Library/PrivateFrameworks/EFILogin.framework/Versions/A/EFILogin
0x0000000004577000 	/usr/lib/libutil.dylib
0x0000000004577000 	/System/Library/PrivateFrameworks/AOSNotification.framework/Versions/A/AOSNotification
0x0000000004577000 	/System/Library/Frameworks/LDAP.framework/Versions/A/LDAP
0x0000000004577000 	/usr/lib/libsasl2.2.dylib
0x0000000004577000 	/usr/lib/libcrypto.0.9.8.dylib
0x0000000004577000 	/usr/lib/libssl.0.9.8.dylib
0x000000012aa8c000 	/Library/Java/JavaVirtualMachines/jdk1.8.0_40.jdk/Contents/Home/jre/lib/libfontmanager.dylib
0x000000012aaf3000 	/Users/tjluebke/Documents/workspace/BallRoll/lib/natives-mac/liblwjgl.jnilib
0x00000001281dc000 	/Library/Java/JavaVirtualMachines/jdk1.8.0_40.jdk/Contents/Home/jre/lib/libjawt.dylib
0x0000000004577000 	/System/Library/Frameworks/OpenGL.framework/Versions/A/Resources/GLEngine.bundle/GLEngine
0x0000000004577000 	/System/Library/Frameworks/OpenGL.framework/Versions/A/Libraries/libGLProgrammability.dylib
0x0000000000000000 	/System/Library/Extensions/GeForceGLDriver.bundle/Contents/MacOS/GeForceGLDriver
0x0000000004577000 	/System/Library/PrivateFrameworks/IOAccelerator.framework/Versions/A/IOAccelerator
0x0000000004577000 	/System/Library/PrivateFrameworks/GPUSupport.framework/Versions/A/Libraries/libGPUSupportMercury.dylib
0x0000000004577000 	/System/Library/Extensions/GeForceGLDriver.bundle/Contents/MacOS/libclh.dylib
0x0000000004577000 	/System/Library/Frameworks/OpenGL.framework/Versions/A/Resources/GLRendererFloat.bundle/GLRendererFloat
0x0000000004577000 	/System/Library/Frameworks/OpenCL.framework/Versions/A/Libraries/libcldcpuengine.dylib
0x000000012ebad000 	/Users/tjluebke/Documents/workspace/BallRoll/lib/natives-mac/openal.dylib
0x000000012ec30000 	/System/Library/Components/CoreAudio.component/Contents/MacOS/CoreAudio
0x000000012eeac000 	/System/Library/Extensions/AppleHDA.kext/Contents/PlugIns/AppleHDAHALPlugIn.bundle/Contents/MacOS/AppleHDAHALPlugIn
0x000000012bd90000 	cl_kernels
0x00000001329c3000 	/System/Library/Frameworks/OpenCL.framework/Versions/A/Libraries/ImageFormats/unorm8_bgra.dylib
0x000000012bd81000 	cl_kernels

VM Arguments:
jvm_args: -Djava.library.path=/Users/tjluebke/Documents/workspace/BallRoll/lib/natives-mac -Dfile.encoding=UTF-8 
java_command: luebkeTJ.Main
java_class_path (initial): /Users/tjluebke/Documents/workspace/Buffering BallRoll/bin:/Users/tjluebke/Documents/workspace/BallRoll/lib/jars/lwjgl_util.jar:/Users/tjluebke/Documents/workspace/BallRoll/lib/jars/lwjgl.jar:/Users/tjluebke/Documents/workspace/BallRoll/lib/jars/slick-util.jar:/Users/tjluebke/Documents/workspace/Buffering BallRoll/lib/jars/jinput.jar
Launcher Type: SUN_STANDARD

Environment Variables:
PATH=/usr/bin:/bin:/usr/sbin:/sbin
SHELL=/bin/bash

Signal Handlers:
SIGSEGV: [libjvm.dylib+0x58f13d], sa_mask[0]=11111111011111110111111111111111, sa_flags=SA_ONSTACK|SA_RESTART|SA_SIGINFO
SIGBUS: [libjvm.dylib+0x58f13d], sa_mask[0]=11111111011111110111111111111111, sa_flags=SA_RESTART|SA_SIGINFO
SIGFPE: [libjvm.dylib+0x46c854], sa_mask[0]=11111111011111110111111111111111, sa_flags=SA_RESTART|SA_SIGINFO
SIGPIPE: [libjvm.dylib+0x46c854], sa_mask[0]=11111111011111110111111111111111, sa_flags=SA_RESTART|SA_SIGINFO
SIGXFSZ: [libjvm.dylib+0x46c854], sa_mask[0]=11111111011111110111111111111111, sa_flags=SA_RESTART|SA_SIGINFO
SIGILL: [libjvm.dylib+0x46c854], sa_mask[0]=11111111011111110111111111111111, sa_flags=SA_RESTART|SA_SIGINFO
SIGUSR1: SIG_DFL, sa_mask[0]=00000000000000000000000000000000, sa_flags=SA_RESTART
SIGUSR2: [libjvm.dylib+0x46c372], sa_mask[0]=00100000000000000000000000000000, sa_flags=SA_RESTART|SA_SIGINFO
SIGHUP: [libjvm.dylib+0x46a945], sa_mask[0]=11111111011111110111111111111111, sa_flags=SA_RESTART|SA_SIGINFO
SIGINT: [libjvm.dylib+0x46a945], sa_mask[0]=11111111011111110111111111111111, sa_flags=SA_RESTART|SA_SIGINFO
SIGTERM: [libjvm.dylib+0x46a945], sa_mask[0]=11111111011111110111111111111111, sa_flags=SA_RESTART|SA_SIGINFO
SIGQUIT: [libjvm.dylib+0x46a945], sa_mask[0]=11111111011111110111111111111111, sa_flags=SA_RESTART|SA_SIGINFO


---------------  S Y S T E M  ---------------

OS:Bsduname:Darwin 13.3.0 Darwin Kernel Version 13.3.0: Tue Jun  3 21:27:35 PDT 2014; root:xnu-2422.110.17~1/RELEASE_X86_64 x86_64
rlimit: STACK 8192k, CORE 0k, NPROC 709, NOFILE 10240, AS infinity
load average:2.11 1.90 1.81

CPU:total 8 (4 cores per cpu, 2 threads per core) family 6 model 60 stepping 3, cmov, cx8, fxsr, mmx, sse, sse2, sse3, ssse3, sse4.1, sse4.2, popcnt, avx, avx2, aes, clmul, erms, rtm, lzcnt, ht, tsc, tscinvbit, bmi1, bmi2

Memory: 4k page, physical 8388608k(3217548k free)

/proc/meminfo:


vm_info: Java HotSpot(TM) 64-Bit Server VM (25.40-b23) for bsd-amd64 JRE (1.8.0_40-ea-b19), built on Dec 16 2014 18:34:50 by "java_re" with gcc 4.2.1 (Based on Apple Inc. build 5658) (LLVM build 2336.11.00)

time: Thu Jan 15 16:41:36 2015
elapsed time: 175 seconds (0d 0h 2m 55s)

