#
# A fatal error has been detected by the Java Runtime Environment:
#
#  SIGSEGV (0xb) at pc=0x00007fff86ad6d1c, pid=1465, tid=6403
#
# JRE version: Java(TM) SE Runtime Environment (8.0_40-b19) (build 1.8.0_40-ea-b19)
# Java VM: Java HotSpot(TM) 64-Bit Server VM (25.40-b23 mixed mode bsd-amd64 compressed oops)
# Problematic frame:
# C  [GLEngine+0x13fd1c]  gleRunVertexSubmitImmediate+0x231c
#
# Failed to write core dump. Core dumps have been disabled. To enable core dumping, try "ulimit -c unlimited" before starting Java again
#
# If you would like to submit a bug report, please visit:
#   http://bugreport.java.com/bugreport/crash.jsp
# The crash happened outside the Java Virtual Machine in native code.
# See problematic frame for where to report the bug.
#

---------------  T H R E A D  ---------------

Current thread (0x00007fd911800800):  JavaThread "main" [_thread_in_native, id=6403, stack(0x0000000111b69000,0x0000000111c69000)]

siginfo: si_signo: 11 (SIGSEGV), si_code: 1 (SEGV_MAPERR), si_addr: 0x0000000000000000

Registers:
RAX=0x00007fff86ad6d1c, RBX=0x0000000000000006, RCX=0x0000000000000000, RDX=0x00007fff86ad7768
RSP=0x0000000111c682c0, RBP=0x0000000111c68510, RSI=0x0000000000000000, RDI=0x0000000001005003
R8 =0x0000000001005003, R9 =0x00007fd915800000, R10=0x00007fd91067f000, R11=0x00007fd915800000
R12=0x0000000000000003, R13=0x0000000000009006, R14=0x00007fd915800000, R15=0x0000000000000002
RIP=0x00007fff86ad6d1c, EFLAGS=0x0000000000010203, ERR=0x0000000000000004
  TRAPNO=0x000000000000000e

Top of Stack: (sp=0x0000000111c682c0)
0x0000000111c682c0:   100000f800000000 000000012b09f000
0x0000000111c682d0:   0000000000000001 000000012b0a0b01
0x0000000111c682e0:   0000000111c68340 00001234401d68df
0x0000000111c682f0:   00000000000000cf 0000000000000000
0x0000000111c68300:   0000000000000000 0000000000000000
0x0000000111c68310:   20000bb3b4d37431 0000000000000000
0x0000000111c68320:   00007fd914097048 000000012e406000
0x0000000111c68330:   0000000000000001 00000000000c3003
0x0000000111c68340:   0280000000000000 0000000000000010
0x0000000111c68350:   0000000111c68440 0000123440305d42
0x0000000111c68360:   0000000000000000 000000012e406000
0x0000000111c68370:   000000050000007f 000000012b09f000
0x0000000111c68380:   00007fd9110c3000 00007fd91601d068
0x0000000111c68390:   00007fd915800150 00007fd915800180
0x0000000111c683a0:   00007fd915800160 00007fd915800190
0x0000000111c683b0:   00007fd915800170 00007fd9158001b0
0x0000000111c683c0:   0000000000000000 0000000000000000
0x0000000111c683d0:   fffffffe00000003 0000000000000000
0x0000000111c683e0:   000000000000200a 0000000000000002
0x0000000111c683f0:   ffffffff00000000 0000000000000002
0x0000000111c68400:   00007fd9158001a0 0000000000000006
0x0000000111c68410:   0000000000000000 00007fd915800000
0x0000000111c68420:   0000003300000000 0000000000009006
0x0000000111c68430:   000000000401400c 0000000000000000
0x0000000111c68440:   0000000111c684bc 00007fd91067ef84
0x0000000111c68450:   00000000000f6525 000001002b09f000
0x0000000111c68460:   0000000000000000 0000000000000000
0x0000000111c68470:   0000000000000000 0000000000000000
0x0000000111c68480:   0000000000000003 0000000000000000
0x0000000111c68490:   000000004100cb91 00000000c0ff9802
0x0000000111c684a0:   0000000000000000 0000000130fb6000
0x0000000111c684b0:   0000000130fb606c 0000000000000000 

Instructions: (pc=0x00007fff86ad6d1c)
0x00007fff86ad6cfc:   0f 10 01 e9 84 03 00 00 f3 0f 10 01 f3 0f 11 45
0x00007fff86ad6d0c:   80 f3 0f 10 41 04 f3 0f 11 45 84 e9 84 07 00 00
0x00007fff86ad6d1c:   f3 0f 10 01 f3 0f 11 45 80 f3 0f 10 41 04 f3 0f
0x00007fff86ad6d2c:   11 45 84 f3 0f 10 41 08 f3 0f 11 45 88 e9 62 07 

Register to memory mapping:

RAX=0x00007fff86ad6d1c: gleRunVertexSubmitImmediate+0x231c in /System/Library/Frameworks/OpenGL.framework/Versions/A/Resources/GLEngine.bundle/GLEngine at 0x00007fff86997000
RBX=0x0000000000000006 is an unknown value
RCX=0x0000000000000000 is an unknown value
RDX=0x00007fff86ad7768: gleRunVertexSubmitImmediate+0x2d68 in /System/Library/Frameworks/OpenGL.framework/Versions/A/Resources/GLEngine.bundle/GLEngine at 0x00007fff86997000
RSP=0x0000000111c682c0 is pointing into the stack for thread: 0x00007fd911800800
RBP=0x0000000111c68510 is pointing into the stack for thread: 0x00007fd911800800
RSI=0x0000000000000000 is an unknown value
RDI=0x0000000001005003 is an unknown value
R8 =0x0000000001005003 is an unknown value
R9 =0x00007fd915800000 is an unknown value
R10=0x00007fd91067f000 is an unknown value
R11=0x00007fd915800000 is an unknown value
R12=0x0000000000000003 is an unknown value
R13=0x0000000000009006 is an unknown value
R14=0x00007fd915800000 is an unknown value
R15=0x0000000000000002 is an unknown value


Stack: [0x0000000111b69000,0x0000000111c69000],  sp=0x0000000111c682c0,  free space=1020k
Native frames: (J=compiled Java code, j=interpreted, Vv=VM code, C=native code)
C  [GLEngine+0x13fd1c]  gleRunVertexSubmitImmediate+0x231c
C  [GLEngine+0x1fdfe]  glDrawArrays_Exec+0x272
j  org.lwjgl.opengl.GL11.nglDrawArrays(IIIJ)V+0
j  org.lwjgl.opengl.GL11.glDrawArrays(III)V+20
j  luebkeTJ.Main.drawVBOTri(LluebkeTJ/Data;)V+319
j  luebkeTJ.Main.renderSort()V+34
j  luebkeTJ.Main.intro()V+1733
j  luebkeTJ.Main.start()V+888
j  luebkeTJ.Main.main([Ljava/lang/String;)V+9
v  ~StubRoutines::call_stub
V  [libjvm.dylib+0x2e091a]  JavaCalls::call_helper(JavaValue*, methodHandle*, JavaCallArguments*, Thread*)+0x6ae
V  [libjvm.dylib+0x317192]  jni_invoke_static(JNIEnv_*, JavaValue*, _jobject*, JNICallType, _jmethodID*, JNI_ArgumentPusher*, Thread*)+0x1bf
V  [libjvm.dylib+0x30ff0c]  jni_CallStaticVoidMethod+0x15d
C  [java+0x399e]  JavaMain+0x9b1
C  [libsystem_pthread.dylib+0x1899]  _pthread_body+0x8a
C  [libsystem_pthread.dylib+0x172a]  _pthread_struct_init+0x0
C  [libsystem_pthread.dylib+0x5fc9]  thread_start+0xd
C  0x0000000000000000

Java frames: (J=compiled Java code, j=interpreted, Vv=VM code)
j  org.lwjgl.opengl.GL11.nglDrawArrays(IIIJ)V+0
j  org.lwjgl.opengl.GL11.glDrawArrays(III)V+20
j  luebkeTJ.Main.drawVBOTri(LluebkeTJ/Data;)V+319
j  luebkeTJ.Main.renderSort()V+34
j  luebkeTJ.Main.intro()V+1733
j  luebkeTJ.Main.start()V+888
j  luebkeTJ.Main.main([Ljava/lang/String;)V+9
v  ~StubRoutines::call_stub

---------------  P R O C E S S  ---------------

Java Threads: ( => current thread )
  0x00007fd913043000 JavaThread "AWT-Shutdown" [_thread_blocked, id=31243, stack(0x000000012b25d000,0x000000012b35d000)]
  0x00007fd914802800 JavaThread "AppKit Thread" daemon [_thread_in_native, id=3335, stack(0x00007fff4f947000,0x00007fff50147000)]
  0x00007fd91382a800 JavaThread "Service Thread" daemon [_thread_blocked, id=22275, stack(0x00000001293f0000,0x00000001294f0000)]
  0x00007fd912004800 JavaThread "C1 CompilerThread3" daemon [_thread_blocked, id=21763, stack(0x00000001292ed000,0x00000001293ed000)]
  0x00007fd91080f800 JavaThread "C2 CompilerThread2" daemon [_thread_in_native, id=21251, stack(0x00000001291ea000,0x00000001292ea000)]
  0x00007fd913809800 JavaThread "C2 CompilerThread1" daemon [_thread_blocked, id=20739, stack(0x00000001290e7000,0x00000001291e7000)]
  0x00007fd914018000 JavaThread "C2 CompilerThread0" daemon [_thread_in_native, id=20227, stack(0x0000000128fe4000,0x00000001290e4000)]
  0x00007fd914026000 JavaThread "Signal Dispatcher" daemon [_thread_blocked, id=19715, stack(0x0000000128ee1000,0x0000000128fe1000)]
  0x00007fd913803000 JavaThread "Finalizer" daemon [_thread_blocked, id=14595, stack(0x0000000128c9f000,0x0000000128d9f000)]
  0x00007fd913802000 JavaThread "Reference Handler" daemon [_thread_blocked, id=14083, stack(0x0000000128b9c000,0x0000000128c9c000)]
=>0x00007fd911800800 JavaThread "main" [_thread_in_native, id=6403, stack(0x0000000111b69000,0x0000000111c69000)]

Other Threads:
  0x00007fd911054000 VMThread [stack: 0x0000000128a99000,0x0000000128b99000] [id=13571]
  0x00007fd913806800 WatcherThread [stack: 0x00000001294f3000,0x00000001295f3000] [id=22787]

VM state:not at safepoint (normal execution)

VM Mutex/Monitor currently owned by a thread: None

Heap:
 PSYoungGen      total 38400K, used 15262K [0x0000000795580000, 0x0000000798000000, 0x00000007c0000000)
  eden space 33280K, 36% used [0x0000000795580000,0x00000007961639a8,0x0000000797600000)
  from space 5120K, 60% used [0x0000000797600000,0x0000000797904010,0x0000000797b00000)
  to   space 5120K, 0% used [0x0000000797b00000,0x0000000797b00000,0x0000000798000000)
 ParOldGen       total 87552K, used 24K [0x0000000740000000, 0x0000000745580000, 0x0000000795580000)
  object space 87552K, 0% used [0x0000000740000000,0x0000000740006000,0x0000000745580000)
 Metaspace       used 7780K, capacity 7927K, committed 8064K, reserved 1056768K
  class space    used 741K, capacity 804K, committed 896K, reserved 1048576K

Card table byte_map: [0x0000000121060000,0x0000000121461000] byte_map_base: 0x000000011d660000

Marking Bits: (ParMarkBitMap*) 0x00000001114c26c0
 Begin Bits: [0x0000000121f24000, 0x0000000123f24000)
 End Bits:   [0x0000000123f24000, 0x0000000125f24000)

Polling page: 0x000000010fbdc000

CodeCache: size=245760Kb used=3389Kb max_used=3403Kb free=242370Kb
 bounds [0x0000000111ca0000, 0x0000000112000000, 0x0000000120ca0000]
 total_blobs=1203 nmethods=777 adapters=340
 compilation: enabled

Compilation events (10 events):
Event: 1.819 Thread 0x00007fd914018000 nmethod 774 0x0000000111ff0890 code [0x0000000111ff09e0, 0x0000000111ff0b38]
Event: 1.819 Thread 0x00007fd914018000  775 % !   4       java.io.BufferedReader::readLine @ 131 (304 bytes)
Event: 1.822 Thread 0x00007fd912004800  776       3       java.nio.HeapByteBuffer::compact (52 bytes)
Event: 1.823 Thread 0x00007fd912004800 nmethod 776 0x0000000111fefcd0 code [0x0000000111fefe80, 0x0000000111ff06c8]
Event: 1.823 Thread 0x00007fd912004800  777       3       java.nio.Buffer::discardMark (6 bytes)
Event: 1.823 Thread 0x00007fd912004800 nmethod 777 0x0000000111fc6c50 code [0x0000000111fc6da0, 0x0000000111fc6ef0]
Event: 1.823 Thread 0x00007fd912004800  778       3       luebkeTJ.Vector::divide (49 bytes)
Event: 1.824 Thread 0x00007fd912004800 nmethod 778 0x0000000111fef750 code [0x0000000111fef8c0, 0x0000000111fefb70]
Event: 1.824 Thread 0x00007fd912004800  779       3       luebkeTJ.Vector::dot (30 bytes)
Event: 1.824 Thread 0x00007fd912004800 nmethod 779 0x0000000111fef390 code [0x0000000111fef500, 0x0000000111fef690]

GC Heap History (6 events):
Event: 0.604 GC heap before
{Heap before GC invocations=1 (full 0):
 PSYoungGen      total 38400K, used 33280K [0x0000000795580000, 0x0000000798000000, 0x00000007c0000000)
  eden space 33280K, 100% used [0x0000000795580000,0x0000000797600000,0x0000000797600000)
  from space 5120K, 0% used [0x0000000797b00000,0x0000000797b00000,0x0000000798000000)
  to   space 5120K, 0% used [0x0000000797600000,0x0000000797600000,0x0000000797b00000)
 ParOldGen       total 87552K, used 0K [0x0000000740000000, 0x0000000745580000, 0x0000000795580000)
  object space 87552K, 0% used [0x0000000740000000,0x0000000740000000,0x0000000745580000)
 Metaspace       used 6976K, capacity 7147K, committed 7168K, reserved 1056768K
  class space    used 678K, capacity 758K, committed 768K, reserved 1048576K
Event: 0.608 GC heap after
Heap after GC invocations=1 (full 0):
 PSYoungGen      total 38400K, used 3375K [0x0000000795580000, 0x0000000798000000, 0x00000007c0000000)
  eden space 33280K, 0% used [0x0000000795580000,0x0000000795580000,0x0000000797600000)
  from space 5120K, 65% used [0x0000000797600000,0x000000079794bd10,0x0000000797b00000)
  to   space 5120K, 0% used [0x0000000797b00000,0x0000000797b00000,0x0000000798000000)
 ParOldGen       total 87552K, used 8K [0x0000000740000000, 0x0000000745580000, 0x0000000795580000)
  object space 87552K, 0% used [0x0000000740000000,0x0000000740002000,0x0000000745580000)
 Metaspace       used 6976K, capacity 7147K, committed 7168K, reserved 1056768K
  class space    used 678K, capacity 758K, committed 768K, reserved 1048576K
}
Event: 0.793 GC heap before
{Heap before GC invocations=2 (full 0):
 PSYoungGen      total 38400K, used 36655K [0x0000000795580000, 0x0000000798000000, 0x00000007c0000000)
  eden space 33280K, 100% used [0x0000000795580000,0x0000000797600000,0x0000000797600000)
  from space 5120K, 65% used [0x0000000797600000,0x000000079794bd10,0x0000000797b00000)
  to   space 5120K, 0% used [0x0000000797b00000,0x0000000797b00000,0x0000000798000000)
 ParOldGen       total 87552K, used 8K [0x0000000740000000, 0x0000000745580000, 0x0000000795580000)
  object space 87552K, 0% used [0x0000000740000000,0x0000000740002000,0x0000000745580000)
 Metaspace       used 7016K, capacity 7147K, committed 7168K, reserved 1056768K
  class space    used 678K, capacity 758K, committed 768K, reserved 1048576K
Event: 0.796 GC heap after
Heap after GC invocations=2 (full 0):
 PSYoungGen      total 38400K, used 2848K [0x0000000795580000, 0x000000079a080000, 0x00000007c0000000)
  eden space 33280K, 0% used [0x0000000795580000,0x0000000795580000,0x0000000797600000)
  from space 5120K, 55% used [0x0000000797b00000,0x0000000797dc8020,0x0000000798000000)
  to   space 5120K, 0% used [0x0000000797600000,0x0000000797600000,0x0000000797b00000)
 ParOldGen       total 87552K, used 16K [0x0000000740000000, 0x0000000745580000, 0x0000000795580000)
  object space 87552K, 0% used [0x0000000740000000,0x0000000740004000,0x0000000745580000)
 Metaspace       used 7016K, capacity 7147K, committed 7168K, reserved 1056768K
  class space    used 678K, capacity 758K, committed 768K, reserved 1048576K
}
Event: 0.988 GC heap before
{Heap before GC invocations=3 (full 0):
 PSYoungGen      total 38400K, used 36128K [0x0000000795580000, 0x000000079a080000, 0x00000007c0000000)
  eden space 33280K, 100% used [0x0000000795580000,0x0000000797600000,0x0000000797600000)
  from space 5120K, 55% used [0x0000000797b00000,0x0000000797dc8020,0x0000000798000000)
  to   space 5120K, 0% used [0x0000000797600000,0x0000000797600000,0x0000000797b00000)
 ParOldGen       total 87552K, used 16K [0x0000000740000000, 0x0000000745580000, 0x0000000795580000)
  object space 87552K, 0% used [0x0000000740000000,0x0000000740004000,0x0000000745580000)
 Metaspace       used 7417K, capacity 7563K, committed 7808K, reserved 1056768K
  class space    used 712K, capacity 790K, committed 896K, reserved 1048576K
Event: 0.990 GC heap after
Heap after GC invocations=3 (full 0):
 PSYoungGen      total 38400K, used 3088K [0x0000000795580000, 0x0000000798000000, 0x00000007c0000000)
  eden space 33280K, 0% used [0x0000000795580000,0x0000000795580000,0x0000000797600000)
  from space 5120K, 60% used [0x0000000797600000,0x0000000797904010,0x0000000797b00000)
  to   space 5120K, 0% used [0x0000000797b00000,0x0000000797b00000,0x0000000798000000)
 ParOldGen       total 87552K, used 24K [0x0000000740000000, 0x0000000745580000, 0x0000000795580000)
  object space 87552K, 0% used [0x0000000740000000,0x0000000740006000,0x0000000745580000)
 Metaspace       used 7417K, capacity 7563K, committed 7808K, reserved 1056768K
  class space    used 712K, capacity 790K, committed 896K, reserved 1048576K
}

Deoptimization events (2 events):
Event: 0.345 Thread 0x00007fd911800800 Uncommon trap: reason=unstable_if action=reinterpret pc=0x0000000111e94f38 method=luebkeTJ.Vector.equals(LluebkeTJ/Vector;)Z @ 33
Event: 0.397 Thread 0x00007fd911800800 Uncommon trap: reason=unstable_if action=reinterpret pc=0x0000000111e5fa1c method=java.lang.String.replace(CC)Ljava/lang/String; @ 26

Internal exceptions (10 events):
Event: 0.181 Thread 0x00007fd911800800 Exception <a 'java/io/FileNotFoundException'> (0x0000000795933f08) thrown at [/Users/java_re/workspace/8-2-build-macosx-x86_64/jdk8u40/2379.nc/hotspot/src/share/vm/prims/jni.cpp, line 709]
Event: 0.187 Thread 0x00007fd911800800 Exception <a 'java/lang/UnsatisfiedLinkError'> (0x0000000795940d90) thrown at [/Users/java_re/workspace/8-2-build-macosx-x86_64/jdk8u40/2379.nc/hotspot/src/share/vm/prims/jvm.cpp, line 1386]
Event: 0.215 Thread 0x00007fd914802800 Exception <a 'java/lang/NoSuchFieldError': method resolution failed> (0x0000000795a62ef8) thrown at [/Users/java_re/workspace/8-2-build-macosx-x86_64/jdk8u40/2379.nc/hotspot/src/share/vm/prims/methodHandles.cpp, line 1125]
Event: 0.216 Thread 0x00007fd914802800 Exception <a 'java/lang/NoSuchFieldError': method resolution failed> (0x0000000795a71598) thrown at [/Users/java_re/workspace/8-2-build-macosx-x86_64/jdk8u40/2379.nc/hotspot/src/share/vm/prims/methodHandles.cpp, line 1125]
Event: 0.478 Thread 0x00007fd911800800 Exception <a 'java/security/PrivilegedActionException'> (0x00000007960c09f8) thrown at [/Users/java_re/workspace/8-2-build-macosx-x86_64/jdk8u40/2379.nc/hotspot/src/share/vm/prims/jvm.cpp, line 1382]
Event: 0.478 Thread 0x00007fd911800800 Exception <a 'java/security/PrivilegedActionException'> (0x00000007960c2530) thrown at [/Users/java_re/workspace/8-2-build-macosx-x86_64/jdk8u40/2379.nc/hotspot/src/share/vm/prims/jvm.cpp, line 1382]
Event: 0.478 Thread 0x00007fd911800800 Exception <a 'java/security/PrivilegedActionException'> (0x00000007960c35a0) thrown at [/Users/java_re/workspace/8-2-build-macosx-x86_64/jdk8u40/2379.nc/hotspot/src/share/vm/prims/jvm.cpp, line 1382]
Event: 0.479 Thread 0x00007fd911800800 Exception <a 'java/security/PrivilegedActionException'> (0x00000007960c8550) thrown at [/Users/java_re/workspace/8-2-build-macosx-x86_64/jdk8u40/2379.nc/hotspot/src/share/vm/prims/jvm.cpp, line 1382]
Event: 0.479 Thread 0x00007fd911800800 Exception <a 'java/security/PrivilegedActionException'> (0x00000007960c90f8) thrown at [/Users/java_re/workspace/8-2-build-macosx-x86_64/jdk8u40/2379.nc/hotspot/src/share/vm/prims/jvm.cpp, line 1382]
Event: 0.479 Thread 0x00007fd911800800 Exception <a 'java/security/PrivilegedActionException'> (0x00000007960c9c70) thrown at [/Users/java_re/workspace/8-2-build-macosx-x86_64/jdk8u40/2379.nc/hotspot/src/share/vm/prims/jvm.cpp, line 1382]

Events (10 events):
Event: 1.001 loading class org/lwjgl/util/glu/Util
Event: 1.001 loading class org/lwjgl/util/glu/Util done
Event: 1.002 loading class java/lang/StrictMath
Event: 1.002 loading class java/lang/StrictMath done
Event: 1.799 loading class sun/misc/FloatingDecimal$ASCIIToBinaryBuffer
Event: 1.799 loading class sun/misc/FloatingDecimal$ASCIIToBinaryBuffer done
Event: 1.820 loading class org/lwjgl/input/Cursor
Event: 1.820 loading class org/lwjgl/input/Cursor done
Event: 1.823 loading class luebkeTJ/Plane
Event: 1.823 loading class luebkeTJ/Plane done


Dynamic libraries:
0x0000000003c75000 	/System/Library/Frameworks/Cocoa.framework/Versions/A/Cocoa
0x0000000003c75000 	/System/Library/Frameworks/Security.framework/Versions/A/Security
0x0000000003c75000 	/System/Library/Frameworks/ApplicationServices.framework/Versions/A/ApplicationServices
0x0000000003c75000 	/usr/lib/libz.1.dylib
0x0000000003c75000 	/usr/lib/libSystem.B.dylib
0x0000000003c75000 	/usr/lib/libobjc.A.dylib
0x0000000003c75000 	/System/Library/Frameworks/CoreFoundation.framework/Versions/A/CoreFoundation
0x0000000003c75000 	/System/Library/Frameworks/Foundation.framework/Versions/C/Foundation
0x0000000003c75000 	/System/Library/Frameworks/AppKit.framework/Versions/C/AppKit
0x0000000003c75000 	/System/Library/Frameworks/CoreData.framework/Versions/A/CoreData
0x0000000003c75000 	/System/Library/PrivateFrameworks/RemoteViewServices.framework/Versions/A/RemoteViewServices
0x0000000003c75000 	/System/Library/Frameworks/AudioToolbox.framework/Versions/A/AudioToolbox
0x0000000003c75000 	/System/Library/Frameworks/AudioUnit.framework/Versions/A/AudioUnit
0x0000000003c75000 	/System/Library/PrivateFrameworks/DataDetectorsCore.framework/Versions/A/DataDetectorsCore
0x0000000003c75000 	/System/Library/PrivateFrameworks/DesktopServicesPriv.framework/Versions/A/DesktopServicesPriv
0x0000000003c75000 	/System/Library/Frameworks/Carbon.framework/Versions/A/Frameworks/HIToolbox.framework/Versions/A/HIToolbox
0x0000000003c75000 	/System/Library/Frameworks/QuartzCore.framework/Versions/A/QuartzCore
0x0000000003c75000 	/System/Library/Frameworks/Carbon.framework/Versions/A/Frameworks/SpeechRecognition.framework/Versions/A/SpeechRecognition
0x0000000003c75000 	/usr/lib/libauto.dylib
0x0000000003c75000 	/usr/lib/libicucore.A.dylib
0x0000000003c75000 	/usr/lib/libxml2.2.dylib
0x0000000003c75000 	/System/Library/PrivateFrameworks/CoreUI.framework/Versions/A/CoreUI
0x0000000003c75000 	/System/Library/Frameworks/CoreAudio.framework/Versions/A/CoreAudio
0x0000000003c75000 	/System/Library/Frameworks/DiskArbitration.framework/Versions/A/DiskArbitration
0x0000000003c75000 	/usr/lib/liblangid.dylib
0x0000000003c75000 	/System/Library/PrivateFrameworks/MultitouchSupport.framework/Versions/A/MultitouchSupport
0x0000000003c75000 	/System/Library/Frameworks/IOKit.framework/Versions/A/IOKit
0x0000000003c75000 	/usr/lib/libDiagnosticMessagesClient.dylib
0x0000000003c75000 	/System/Library/Frameworks/CoreServices.framework/Versions/A/CoreServices
0x0000000003c75000 	/System/Library/PrivateFrameworks/PerformanceAnalysis.framework/Versions/A/PerformanceAnalysis
0x0000000003c75000 	/System/Library/PrivateFrameworks/GenerationalStorage.framework/Versions/A/GenerationalStorage
0x0000000003c75000 	/System/Library/Frameworks/OpenGL.framework/Versions/A/OpenGL
0x0000000003c75000 	/System/Library/PrivateFrameworks/Sharing.framework/Versions/A/Sharing
0x0000000003c75000 	/System/Library/Frameworks/ImageIO.framework/Versions/A/ImageIO
0x0000000003c75000 	/System/Library/Frameworks/CoreText.framework/Versions/A/CoreText
0x0000000003c75000 	/System/Library/Frameworks/CoreGraphics.framework/Versions/A/CoreGraphics
0x0000000003c75000 	/System/Library/PrivateFrameworks/Backup.framework/Versions/A/Backup
0x0000000003c75000 	/System/Library/Frameworks/CFNetwork.framework/Versions/A/CFNetwork
0x0000000003c75000 	/System/Library/Frameworks/SystemConfiguration.framework/Versions/A/SystemConfiguration
0x0000000003c75000 	/usr/lib/libCRFSuite.dylib
0x0000000003c75000 	/usr/lib/libc++.1.dylib
0x0000000003c75000 	/usr/lib/libc++abi.dylib
0x0000000003c75000 	/usr/lib/system/libcache.dylib
0x0000000003c75000 	/usr/lib/system/libcommonCrypto.dylib
0x0000000003c75000 	/usr/lib/system/libcompiler_rt.dylib
0x0000000003c75000 	/usr/lib/system/libcopyfile.dylib
0x0000000003c75000 	/usr/lib/system/libcorecrypto.dylib
0x0000000003c75000 	/usr/lib/system/libdispatch.dylib
0x0000000003c75000 	/usr/lib/system/libdyld.dylib
0x0000000003c75000 	/usr/lib/system/libkeymgr.dylib
0x0000000003c75000 	/usr/lib/system/liblaunch.dylib
0x0000000003c75000 	/usr/lib/system/libmacho.dylib
0x0000000003c75000 	/usr/lib/system/libquarantine.dylib
0x0000000003c75000 	/usr/lib/system/libremovefile.dylib
0x0000000003c75000 	/usr/lib/system/libsystem_asl.dylib
0x0000000003c75000 	/usr/lib/system/libsystem_blocks.dylib
0x0000000003c75000 	/usr/lib/system/libsystem_c.dylib
0x0000000003c75000 	/usr/lib/system/libsystem_configuration.dylib
0x0000000003c75000 	/usr/lib/system/libsystem_dnssd.dylib
0x0000000003c75000 	/usr/lib/system/libsystem_info.dylib
0x0000000003c75000 	/usr/lib/system/libsystem_kernel.dylib
0x0000000003c75000 	/usr/lib/system/libsystem_m.dylib
0x0000000003c75000 	/usr/lib/system/libsystem_malloc.dylib
0x0000000003c75000 	/usr/lib/system/libsystem_network.dylib
0x0000000003c75000 	/usr/lib/system/libsystem_notify.dylib
0x0000000003c75000 	/usr/lib/system/libsystem_platform.dylib
0x0000000003c75000 	/usr/lib/system/libsystem_pthread.dylib
0x0000000003c75000 	/usr/lib/system/libsystem_sandbox.dylib
0x0000000003c75000 	/usr/lib/system/libsystem_stats.dylib
0x0000000003c75000 	/usr/lib/system/libunc.dylib
0x0000000003c75000 	/usr/lib/system/libunwind.dylib
0x0000000003c75000 	/usr/lib/system/libxpc.dylib
0x0000000003c75000 	/usr/lib/libbsm.0.dylib
0x0000000003c75000 	/usr/lib/libsqlite3.dylib
0x0000000003c75000 	/usr/lib/libxar.1.dylib
0x0000000003c75000 	/usr/lib/libpam.2.dylib
0x0000000003c75000 	/usr/lib/libOpenScriptingUtil.dylib
0x0000000003c75000 	/usr/lib/libbz2.1.0.dylib
0x0000000003c75000 	/System/Library/Frameworks/CoreServices.framework/Versions/A/Frameworks/CarbonCore.framework/Versions/A/CarbonCore
0x0000000003c75000 	/System/Library/Frameworks/CoreServices.framework/Versions/A/Frameworks/Metadata.framework/Versions/A/Metadata
0x0000000003c75000 	/System/Library/Frameworks/CoreServices.framework/Versions/A/Frameworks/OSServices.framework/Versions/A/OSServices
0x0000000003c75000 	/System/Library/Frameworks/CoreServices.framework/Versions/A/Frameworks/SearchKit.framework/Versions/A/SearchKit
0x0000000003c75000 	/System/Library/Frameworks/CoreServices.framework/Versions/A/Frameworks/AE.framework/Versions/A/AE
0x0000000003c75000 	/System/Library/Frameworks/CoreServices.framework/Versions/A/Frameworks/LaunchServices.framework/Versions/A/LaunchServices
0x0000000003c75000 	/System/Library/Frameworks/CoreServices.framework/Versions/A/Frameworks/DictionaryServices.framework/Versions/A/DictionaryServices
0x0000000003c75000 	/System/Library/Frameworks/NetFS.framework/Versions/A/NetFS
0x0000000003c75000 	/usr/lib/system/libkxld.dylib
0x0000000003c75000 	/System/Library/PrivateFrameworks/NetAuth.framework/Versions/A/NetAuth
0x0000000003c75000 	/System/Library/PrivateFrameworks/TCC.framework/Versions/A/TCC
0x0000000003c75000 	/System/Library/Frameworks/OpenDirectory.framework/Versions/A/Frameworks/CFOpenDirectory.framework/Versions/A/CFOpenDirectory
0x0000000003c75000 	/System/Library/Frameworks/ServiceManagement.framework/Versions/A/ServiceManagement
0x0000000003c75000 	/usr/lib/libxslt.1.dylib
0x0000000003c75000 	/System/Library/Frameworks/Carbon.framework/Versions/A/Frameworks/Ink.framework/Versions/A/Ink
0x0000000003c75000 	/System/Library/Frameworks/ApplicationServices.framework/Versions/A/Frameworks/ATS.framework/Versions/A/ATS
0x0000000003c75000 	/System/Library/Frameworks/ApplicationServices.framework/Versions/A/Frameworks/ColorSync.framework/Versions/A/ColorSync
0x0000000003c75000 	/System/Library/Frameworks/ApplicationServices.framework/Versions/A/Frameworks/HIServices.framework/Versions/A/HIServices
0x0000000003c75000 	/System/Library/Frameworks/ApplicationServices.framework/Versions/A/Frameworks/LangAnalysis.framework/Versions/A/LangAnalysis
0x0000000003c75000 	/System/Library/Frameworks/ApplicationServices.framework/Versions/A/Frameworks/PrintCore.framework/Versions/A/PrintCore
0x0000000003c75000 	/System/Library/Frameworks/ApplicationServices.framework/Versions/A/Frameworks/QD.framework/Versions/A/QD
0x0000000003c75000 	/System/Library/Frameworks/ApplicationServices.framework/Versions/A/Frameworks/SpeechSynthesis.framework/Versions/A/SpeechSynthesis
0x0000000003c75000 	/System/Library/Frameworks/IOSurface.framework/Versions/A/IOSurface
0x0000000003c75000 	/System/Library/Frameworks/Accelerate.framework/Versions/A/Accelerate
0x0000000003c75000 	/System/Library/Frameworks/Accelerate.framework/Versions/A/Frameworks/vImage.framework/Versions/A/vImage
0x0000000003c75000 	/System/Library/Frameworks/Accelerate.framework/Versions/A/Frameworks/vecLib.framework/Versions/A/vecLib
0x0000000003c75000 	/System/Library/Frameworks/Accelerate.framework/Versions/A/Frameworks/vecLib.framework/Versions/A/libvDSP.dylib
0x0000000003c75000 	/System/Library/Frameworks/Accelerate.framework/Versions/A/Frameworks/vecLib.framework/Versions/A/libvMisc.dylib
0x0000000003c75000 	/System/Library/Frameworks/Accelerate.framework/Versions/A/Frameworks/vecLib.framework/Versions/A/libLAPACK.dylib
0x0000000003c75000 	/System/Library/Frameworks/Accelerate.framework/Versions/A/Frameworks/vecLib.framework/Versions/A/libBLAS.dylib
0x0000000003c75000 	/System/Library/Frameworks/ApplicationServices.framework/Versions/A/Frameworks/ATS.framework/Versions/A/Resources/libFontParser.dylib
0x0000000003c75000 	/System/Library/Frameworks/ApplicationServices.framework/Versions/A/Frameworks/ATS.framework/Versions/A/Resources/libFontRegistry.dylib
0x0000000003c75000 	/System/Library/Frameworks/ImageIO.framework/Versions/A/Resources/libJPEG.dylib
0x0000000003c75000 	/System/Library/Frameworks/ImageIO.framework/Versions/A/Resources/libTIFF.dylib
0x0000000003c75000 	/System/Library/Frameworks/ImageIO.framework/Versions/A/Resources/libPng.dylib
0x0000000003c75000 	/System/Library/Frameworks/ImageIO.framework/Versions/A/Resources/libGIF.dylib
0x0000000003c75000 	/System/Library/Frameworks/ImageIO.framework/Versions/A/Resources/libJP2.dylib
0x0000000003c75000 	/System/Library/Frameworks/ImageIO.framework/Versions/A/Resources/libRadiance.dylib
0x0000000003c75000 	/usr/lib/libcups.2.dylib
0x0000000003c75000 	/System/Library/Frameworks/Kerberos.framework/Versions/A/Kerberos
0x0000000003c75000 	/System/Library/Frameworks/GSS.framework/Versions/A/GSS
0x0000000003c75000 	/usr/lib/libresolv.9.dylib
0x0000000003c75000 	/usr/lib/libiconv.2.dylib
0x0000000003c75000 	/System/Library/PrivateFrameworks/Heimdal.framework/Versions/A/Heimdal
0x0000000003c75000 	/System/Library/PrivateFrameworks/TrustEvaluationAgent.framework/Versions/A/TrustEvaluationAgent
0x0000000003c75000 	/usr/lib/libheimdal-asn1.dylib
0x0000000003c75000 	/System/Library/Frameworks/OpenDirectory.framework/Versions/A/OpenDirectory
0x0000000003c75000 	/System/Library/PrivateFrameworks/CommonAuth.framework/Versions/A/CommonAuth
0x0000000003c75000 	/System/Library/Frameworks/SecurityFoundation.framework/Versions/A/SecurityFoundation
0x0000000003c75000 	/System/Library/PrivateFrameworks/Bom.framework/Versions/A/Bom
0x0000000003c75000 	/System/Library/Frameworks/CoreVideo.framework/Versions/A/CoreVideo
0x0000000003c75000 	/System/Library/Frameworks/QuartzCore.framework/Versions/A/Frameworks/CoreImage.framework/Versions/A/CoreImage
0x0000000003c75000 	/System/Library/Frameworks/QuartzCore.framework/Versions/A/Frameworks/ScalableUserInterface.framework/Versions/A/ScalableUserInterface
0x0000000003c75000 	/System/Library/Frameworks/OpenGL.framework/Versions/A/Libraries/libGLU.dylib
0x0000000003c75000 	/System/Library/Frameworks/OpenGL.framework/Versions/A/Libraries/libGFXShared.dylib
0x0000000003c75000 	/System/Library/Frameworks/OpenGL.framework/Versions/A/Libraries/libGL.dylib
0x0000000003c75000 	/System/Library/Frameworks/OpenGL.framework/Versions/A/Libraries/libGLImage.dylib
0x0000000003c75000 	/System/Library/Frameworks/OpenGL.framework/Versions/A/Libraries/libCVMSPluginSupport.dylib
0x0000000003c75000 	/System/Library/Frameworks/OpenGL.framework/Versions/A/Libraries/libCoreVMClient.dylib
0x0000000003c75000 	/System/Library/PrivateFrameworks/FaceCore.framework/Versions/A/FaceCore
0x0000000003c75000 	/System/Library/PrivateFrameworks/CrashReporterSupport.framework/Versions/A/CrashReporterSupport
0x0000000003c75000 	/System/Library/Frameworks/OpenCL.framework/Versions/A/OpenCL
0x0000000003c75000 	/System/Library/PrivateFrameworks/AppleFSCompression.framework/Versions/A/AppleFSCompression
0x0000000003c75000 	/System/Library/PrivateFrameworks/Ubiquity.framework/Versions/A/Ubiquity
0x0000000003c75000 	/System/Library/PrivateFrameworks/IconServices.framework/Versions/A/IconServices
0x0000000003c75000 	/System/Library/PrivateFrameworks/ChunkingLibrary.framework/Versions/A/ChunkingLibrary
0x0000000003c75000 	/System/Library/PrivateFrameworks/CoreSymbolication.framework/Versions/A/CoreSymbolication
0x0000000003c75000 	/System/Library/PrivateFrameworks/Symbolication.framework/Versions/A/Symbolication
0x0000000003c75000 	/System/Library/PrivateFrameworks/DebugSymbols.framework/Versions/A/DebugSymbols
0x0000000110c00000 	/Library/Java/JavaVirtualMachines/jdk1.8.0_40.jdk/Contents/Home/jre/lib/server/libjvm.dylib
0x0000000003c75000 	/usr/lib/libstdc++.6.dylib
0x000000010fbce000 	/Library/Java/JavaVirtualMachines/jdk1.8.0_40.jdk/Contents/Home/jre/lib/libverify.dylib
0x0000000111c6b000 	/Library/Java/JavaVirtualMachines/jdk1.8.0_40.jdk/Contents/Home/jre/lib/libjava.dylib
0x000000010fbe6000 	/Library/Java/JavaVirtualMachines/jdk1.8.0_40.jdk/Contents/Home/jre/lib/libzip.dylib
0x0000000128da1000 	/System/Library/Frameworks/JavaVM.framework/Frameworks/JavaRuntimeSupport.framework/JavaRuntimeSupport
0x0000000128db9000 	/System/Library/Frameworks/JavaVM.framework/Versions/A/Frameworks/JavaNativeFoundation.framework/Versions/A/JavaNativeFoundation
0x000000010fbf0000 	/System/Library/Frameworks/JavaVM.framework/Versions/A/JavaVM
0x0000000003c75000 	/System/Library/Frameworks/Carbon.framework/Versions/A/Carbon
0x0000000128dce000 	/System/Library/PrivateFrameworks/JavaLaunching.framework/Versions/A/JavaLaunching
0x0000000003c75000 	/System/Library/Frameworks/Carbon.framework/Versions/A/Frameworks/CommonPanels.framework/Versions/A/CommonPanels
0x0000000003c75000 	/System/Library/Frameworks/Carbon.framework/Versions/A/Frameworks/Help.framework/Versions/A/Help
0x0000000003c75000 	/System/Library/Frameworks/Carbon.framework/Versions/A/Frameworks/ImageCapture.framework/Versions/A/ImageCapture
0x0000000003c75000 	/System/Library/Frameworks/Carbon.framework/Versions/A/Frameworks/OpenScripting.framework/Versions/A/OpenScripting
0x0000000003c75000 	/System/Library/Frameworks/Carbon.framework/Versions/A/Frameworks/Print.framework/Versions/A/Print
0x0000000003c75000 	/System/Library/Frameworks/Carbon.framework/Versions/A/Frameworks/SecurityHI.framework/Versions/A/SecurityHI
0x000000012967a000 	/Library/Java/JavaVirtualMachines/jdk1.8.0_40.jdk/Contents/Home/jre/lib/libawt.dylib
0x0000000129722000 	/Library/Java/JavaVirtualMachines/jdk1.8.0_40.jdk/Contents/Home/jre/lib/./libmlib_image.dylib
0x00000001297ee000 	/Library/Java/JavaVirtualMachines/jdk1.8.0_40.jdk/Contents/Home/jre/lib/libawt_lwawt.dylib
0x00000001298a2000 	/Library/Java/JavaVirtualMachines/jdk1.8.0_40.jdk/Contents/Home/jre/lib/./libosxapp.dylib
0x0000000003c75000 	/System/Library/Frameworks/ExceptionHandling.framework/Versions/A/ExceptionHandling
0x0000000003c75000 	/System/Library/PrivateFrameworks/CoreServicesInternal.framework/Versions/A/CoreServicesInternal
0x0000000003c75000 	/System/Library/PrivateFrameworks/Librarian.framework/Versions/A/Librarian
0x0000000003c75000 	/System/Library/Frameworks/CoreGraphics.framework/Versions/A/Resources/libCGCMS.A.dylib
0x0000000003c75000 	/System/Library/Frameworks/CoreGraphics.framework/Versions/A/Resources/libRIP.A.dylib
0x0000000003c75000 	/System/Library/Frameworks/CoreGraphics.framework/Versions/A/Resources/libCGXType.A.dylib
0x0000000003c75000 	/System/Library/PrivateFrameworks/FamilyControls.framework/Versions/A/FamilyControls
0x0000000003c75000 	/System/Library/PrivateFrameworks/CommerceKit.framework/Versions/A/Frameworks/CommerceCore.framework/Versions/A/CommerceCore
0x0000000003c75000 	/System/Library/PrivateFrameworks/SystemAdministration.framework/Versions/A/SystemAdministration
0x0000000003c75000 	/System/Library/Frameworks/DirectoryService.framework/Versions/A/DirectoryService
0x0000000003c75000 	/System/Library/PrivateFrameworks/DiskImages.framework/Versions/A/DiskImages
0x0000000003c75000 	/System/Library/PrivateFrameworks/LoginUIKit.framework/Versions/A/Frameworks/LoginUICore.framework/Versions/A/LoginUICore
0x0000000003c75000 	/usr/lib/libCoreStorage.dylib
0x0000000003c75000 	/usr/lib/libcsfde.dylib
0x0000000003c75000 	/usr/lib/libodfde.dylib
0x0000000003c75000 	/System/Library/Frameworks/DiscRecording.framework/Versions/A/DiscRecording
0x0000000003c75000 	/usr/lib/libcurl.4.dylib
0x0000000003c75000 	/System/Library/PrivateFrameworks/MediaKit.framework/Versions/A/MediaKit
0x0000000003c75000 	/System/Library/PrivateFrameworks/EFILogin.framework/Versions/A/EFILogin
0x0000000003c75000 	/usr/lib/libutil.dylib
0x0000000003c75000 	/System/Library/PrivateFrameworks/AOSNotification.framework/Versions/A/AOSNotification
0x0000000003c75000 	/System/Library/Frameworks/LDAP.framework/Versions/A/LDAP
0x0000000003c75000 	/usr/lib/libsasl2.2.dylib
0x0000000003c75000 	/usr/lib/libcrypto.0.9.8.dylib
0x0000000003c75000 	/usr/lib/libssl.0.9.8.dylib
0x000000012d995000 	/Library/Java/JavaVirtualMachines/jdk1.8.0_40.jdk/Contents/Home/jre/lib/libfontmanager.dylib
0x000000012d9fc000 	/Users/tjluebke/Documents/workspace/BallRoll/lib/natives-mac/liblwjgl.jnilib
0x000000012b0e5000 	/Library/Java/JavaVirtualMachines/jdk1.8.0_40.jdk/Contents/Home/jre/lib/libjawt.dylib
0x0000000003c75000 	/System/Library/Frameworks/OpenGL.framework/Versions/A/Resources/GLEngine.bundle/GLEngine
0x0000000003c75000 	/System/Library/Frameworks/OpenGL.framework/Versions/A/Libraries/libGLProgrammability.dylib
0x0000000000000000 	/System/Library/Extensions/GeForceGLDriver.bundle/Contents/MacOS/GeForceGLDriver
0x0000000003c75000 	/System/Library/PrivateFrameworks/IOAccelerator.framework/Versions/A/IOAccelerator
0x0000000003c75000 	/System/Library/PrivateFrameworks/GPUSupport.framework/Versions/A/Libraries/libGPUSupportMercury.dylib
0x0000000003c75000 	/System/Library/Extensions/GeForceGLDriver.bundle/Contents/MacOS/libclh.dylib
0x0000000003c75000 	/System/Library/Frameworks/OpenGL.framework/Versions/A/Resources/GLRendererFloat.bundle/GLRendererFloat
0x0000000003c75000 	/System/Library/Frameworks/OpenCL.framework/Versions/A/Libraries/libcldcpuengine.dylib
0x0000000131bb6000 	/Users/tjluebke/Documents/workspace/BallRoll/lib/natives-mac/openal.dylib
0x0000000131c3a000 	/System/Library/Components/CoreAudio.component/Contents/MacOS/CoreAudio
0x0000000131eb6000 	/System/Library/Extensions/AppleHDA.kext/Contents/PlugIns/AppleHDAHALPlugIn.bundle/Contents/MacOS/AppleHDAHALPlugIn
0x000000012ebe1000 	cl_kernels
0x00000001359cd000 	/System/Library/Frameworks/OpenCL.framework/Versions/A/Libraries/ImageFormats/unorm8_bgra.dylib
0x000000012ebd2000 	cl_kernels

VM Arguments:
jvm_args: -Djava.library.path=/Users/tjluebke/Documents/workspace/BallRoll/lib/natives-mac -Dfile.encoding=UTF-8 
java_command: luebkeTJ.Main
java_class_path (initial): /Users/tjluebke/Documents/workspace/Buffering BallRoll/bin:/Users/tjluebke/Documents/workspace/BallRoll/lib/jars/lwjgl_util.jar:/Users/tjluebke/Documents/workspace/BallRoll/lib/jars/lwjgl.jar:/Users/tjluebke/Documents/workspace/BallRoll/lib/jars/slick-util.jar
Launcher Type: SUN_STANDARD

Environment Variables:
PATH=/usr/bin:/bin:/usr/sbin:/sbin
SHELL=/bin/bash

Signal Handlers:
SIGSEGV: [libjvm.dylib+0x58f13d], sa_mask[0]=11111111011111110111111111111111, sa_flags=SA_ONSTACK|SA_RESTART|SA_SIGINFO
SIGBUS: [libjvm.dylib+0x58f13d], sa_mask[0]=11111111011111110111111111111111, sa_flags=SA_RESTART|SA_SIGINFO
SIGFPE: [libjvm.dylib+0x46c854], sa_mask[0]=11111111011111110111111111111111, sa_flags=SA_RESTART|SA_SIGINFO
SIGPIPE: [libjvm.dylib+0x46c854], sa_mask[0]=11111111011111110111111111111111, sa_flags=SA_RESTART|SA_SIGINFO
SIGXFSZ: [libjvm.dylib+0x46c854], sa_mask[0]=11111111011111110111111111111111, sa_flags=SA_RESTART|SA_SIGINFO
SIGILL: [libjvm.dylib+0x46c854], sa_mask[0]=11111111011111110111111111111111, sa_flags=SA_RESTART|SA_SIGINFO
SIGUSR1: SIG_DFL, sa_mask[0]=00000000000000000000000000000000, sa_flags=SA_RESTART
SIGUSR2: [libjvm.dylib+0x46c372], sa_mask[0]=00100000000000000000000000000000, sa_flags=SA_RESTART|SA_SIGINFO
SIGHUP: [libjvm.dylib+0x46a945], sa_mask[0]=11111111011111110111111111111111, sa_flags=SA_RESTART|SA_SIGINFO
SIGINT: [libjvm.dylib+0x46a945], sa_mask[0]=11111111011111110111111111111111, sa_flags=SA_RESTART|SA_SIGINFO
SIGTERM: [libjvm.dylib+0x46a945], sa_mask[0]=11111111011111110111111111111111, sa_flags=SA_RESTART|SA_SIGINFO
SIGQUIT: [libjvm.dylib+0x46a945], sa_mask[0]=11111111011111110111111111111111, sa_flags=SA_RESTART|SA_SIGINFO


---------------  S Y S T E M  ---------------

OS:Bsduname:Darwin 13.3.0 Darwin Kernel Version 13.3.0: Tue Jun  3 21:27:35 PDT 2014; root:xnu-2422.110.17~1/RELEASE_X86_64 x86_64
rlimit: STACK 8192k, CORE 0k, NPROC 709, NOFILE 10240, AS infinity
load average:1.82 1.65 1.60

CPU:total 8 (4 cores per cpu, 2 threads per core) family 6 model 60 stepping 3, cmov, cx8, fxsr, mmx, sse, sse2, sse3, ssse3, sse4.1, sse4.2, popcnt, avx, avx2, aes, clmul, erms, rtm, lzcnt, ht, tsc, tscinvbit, bmi1, bmi2

Memory: 4k page, physical 8388608k(3461152k free)

/proc/meminfo:


vm_info: Java HotSpot(TM) 64-Bit Server VM (25.40-b23) for bsd-amd64 JRE (1.8.0_40-ea-b19), built on Dec 16 2014 18:34:50 by "java_re" with gcc 4.2.1 (Based on Apple Inc. build 5658) (LLVM build 2336.11.00)

time: Fri Jan  9 17:04:03 2015
elapsed time: 1 seconds (0d 0h 0m 1s)

