#
# A fatal error has been detected by the Java Runtime Environment:
#
#  SIGSEGV (0xb) at pc=0x00007fff90d88097, pid=1864, tid=3335
#
# JRE version: Java(TM) SE Runtime Environment (8.0_40-b19) (build 1.8.0_40-ea-b19)
# Java VM: Java HotSpot(TM) 64-Bit Server VM (25.40-b23 mixed mode bsd-amd64 compressed oops)
# Problematic frame:
# C  [libobjc.A.dylib+0x5097]  objc_msgSend+0x17
#
# Failed to write core dump. Core dumps have been disabled. To enable core dumping, try "ulimit -c unlimited" before starting Java again
#
# If you would like to submit a bug report, please visit:
#   http://bugreport.java.com/bugreport/crash.jsp
# The crash happened outside the Java Virtual Machine in native code.
# See problematic frame for where to report the bug.
#

---------------  T H R E A D  ---------------

Current thread (0x00007fa2d40c5800):  JavaThread "AppKit Thread" daemon [_thread_in_native, id=3335, stack(0x00007fff589b1000,0x00007fff591b1000)]

siginfo: si_signo: 11 (SIGSEGV), si_code: 0 (unknown), si_addr: 0x0000000000000000

Registers:
RAX=0x00007fa2d5b0c850, RBX=0x00000000000f42ee, RCX=0x0000000000000000, RDX=0x00007fa2d9a6ea00
RSP=0x00007fff591ac648, RBP=0x00007fff591ac650, RSI=0x00007fff8d082b9f, RDI=0x00007fa2d5b0c850
R8 =0x0000000000000040, R9 =0x00007fff591ac600, R10=0x00007fff8d082b9f, R11=0x300007fa2d5b0d38
R12=0x00000000000f42ee, R13=0x00007fff591ac818, R14=0x00007fa2d37d0b40, R15=0x00007fff591ac778
RIP=0x00007fff90d88097, EFLAGS=0x0000000000010246, ERR=0x0000000000000000
  TRAPNO=0x000000000000000d

Top of Stack: (sp=0x00007fff591ac648)
0x00007fff591ac648:   00007fff92460e0c 00007fff591ac9b0
0x00007fff591ac658:   00007fff9235482d 00007fff591ac740
0x00007fff591ac668:   00007fff883456ca 00007fff591ac6b0
0x00007fff591ac678:   00007fff88344fa9 0000000000000798
0x00007fff591ac688:   00000000000f42f0 0000000000000002
0x00007fff591ac698:   00007fa2d3733c40 00007fa2d3733580
0x00007fff591ac6a8:   00007fa2d5901750 00007fa2d9a6ea00
0x00007fff591ac6b8:   00007fff591ac770 0000000000000000
0x00007fff591ac6c8:   00000000000f42ee 0000000000000051
0x00007fff591ac6d8:   00007fff591ac7f0 0000000000000000
0x00007fff591ac6e8:   0000000000000001 00007fa2d5901740
0x00007fff591ac6f8:   000000000000004f 00000000002f6804
0x00007fff591ac708:   0000010000000000 00007fff77790a60
0x00007fff591ac718:   00002060009e66ea 00007fff591ac870
0x00007fff591ac728:   0000000000000000 00007fff591ac808
0x00007fff591ac738:   00007fff591ac7e8 00007fff77790a48
0x00007fff591ac748:   0000000000000000 000000000000000d
0x00007fff591ac758:   00007fff909e66ea 00007fff76b70d38
0x00007fff591ac768:   0000000000000000 00007fa2d3733cc0
0x00007fff591ac778:   00007fa2d37d0b40 00007fff8e8d5b08
0x00007fff591ac788:   0000000000000000 00007fff591ac850
0x00007fff591ac798:   00007fff9204adde 00007fff76f040d0
0x00007fff591ac7a8:   0000000042000000 00007fff920531d1
0x00007fff591ac7b8:   00007fff7776cb40 00007fff591ac8b8
0x00007fff591ac7c8:   00007fff591ac7e8 00007fff591ac808
0x00007fff591ac7d8:   0000000000000000 0000000106a69001
0x00007fff591ac7e8:   0000000000000000 000000000000004d
0x00007fff591ac7f8:   0000000000000000 00000000000f42df
0x00007fff591ac808:   000000000000004f 0000000000000000
0x00007fff591ac818:   00000000000f42ee 00000001591ac8c0
0x00007fff591ac828:   00007fff909e7261 00007fff77404748
0x00007fff591ac838:   00007fff7740474c 00000000774001b8 

Instructions: (pc=0x00007fff90d88097)
0x00007fff90d88077:   90 90 90 90 90 90 90 90 90 48 85 ff 2e 74 72 40
0x00007fff90d88087:   f6 c7 01 2e 0f 85 7e 00 00 00 4c 8b 1f 49 89 f2
0x00007fff90d88097:   45 23 53 18 49 c1 e2 04 4d 03 53 10 49 3b 32 75
0x00007fff90d880a7:   04 41 ff 62 08 49 83 3a 00 74 74 4d 3b 53 10 74 

Register to memory mapping:

RAX=0x00007fa2d5b0c850 is an unknown value
RBX=0x00000000000f42ee is an unknown value
RCX=0x0000000000000000 is an unknown value
RDX=0x00007fa2d9a6ea00 is an unknown value
RSP=0x00007fff591ac648 is pointing into the stack for thread: 0x00007fa2d40c5800
RBP=0x00007fff591ac650 is pointing into the stack for thread: 0x00007fa2d40c5800
RSI=0x00007fff8d082b9f: NSAppKitVersionNumber+0x5358f in /System/Library/Frameworks/AppKit.framework/Versions/C/AppKit at 0x00007fff8c5df000
RDI=0x00007fa2d5b0c850 is an unknown value
R8 =0x0000000000000040 is an unknown value
R9 =0x00007fff591ac600 is pointing into the stack for thread: 0x00007fa2d40c5800
R10=0x00007fff8d082b9f: NSAppKitVersionNumber+0x5358f in /System/Library/Frameworks/AppKit.framework/Versions/C/AppKit at 0x00007fff8c5df000
R11=0x300007fa2d5b0d38 is an unknown value
R12=0x00000000000f42ee is an unknown value
R13=0x00007fff591ac818 is pointing into the stack for thread: 0x00007fa2d40c5800
R14=0x00007fa2d37d0b40 is an unknown value
R15=0x00007fff591ac778 is pointing into the stack for thread: 0x00007fa2d40c5800


Stack: [0x00007fff589b1000,0x00007fff591b1000],  sp=0x00007fff591ac648,  free space=8173k
Native frames: (J=compiled Java code, j=interpreted, Vv=VM code, C=native code)
C  [libobjc.A.dylib+0x5097]  objc_msgSend+0x17
C  [CoreFoundation+0x1082d]  _CFXNotificationPost+0xb4d
C  [Foundation+0x27ba]  -[NSNotificationCenter postNotificationName:object:userInfo:]+0x44
C  [AppKit+0x10f5a9]  -[NSSurface _disposeSurface]+0x98
C  [AppKit+0x10f045]  -[NSSurface setWindow:]+0x46
C  [AppKit+0x3af27]  -[NSView _setWindow:]+0x8ea
C  [AppKit+0x3bf7a]  -[NSView removeFromSuperview]+0x15e
C  [AppKit+0x986e9]  -[NSView removeFromSuperviewWithoutNeedingDisplay]+0x26
C  [liblwjgl.jnilib+0x9c3e]  +[MacOSXKeyableWindow destroyWindow]+0xde
C  [Foundation+0x6313e]  __NSThreadPerformPerform+0xe5
C  [CoreFoundation+0x7f5b1]  __CFRUNLOOP_IS_CALLING_OUT_TO_A_SOURCE0_PERFORM_FUNCTION__+0x11
C  [CoreFoundation+0x70c62]  __CFRunLoopDoSources0+0xf2
C  [CoreFoundation+0x703ef]  __CFRunLoopRun+0x33f
C  [CoreFoundation+0x6fe75]  CFRunLoopRunSpecific+0x135
C  [HIToolbox+0x2ea0d]  RunCurrentEventLoopInMode+0xe2
C  [HIToolbox+0x2e7b7]  ReceiveNextEventCommon+0x1df
C  [HIToolbox+0x2e5bc]  _BlockUntilNextEventMatchingListInModeWithFilter+0x41
C  [AppKit+0x2424e]  _DPSNextEvent+0x59a
C  [AppKit+0x2389b]  -[NSApplication nextEventMatchingMask:untilDate:inMode:dequeue:]+0x7a
C  [libosxapp.dylib+0x242a]  -[NSApplicationAWT nextEventMatchingMask:untilDate:inMode:dequeue:]+0x7c
C  [AppKit+0x1799c]  -[NSApplication run]+0x229
C  [libosxapp.dylib+0x223e]  +[NSApplicationAWT runAWTLoopWithApp:]+0x9c
C  [libawt_lwawt.dylib+0x4463b]  -[AWTStarter starter:]+0x389
C  [Foundation+0x6313e]  __NSThreadPerformPerform+0xe5
C  [CoreFoundation+0x7f5b1]  __CFRUNLOOP_IS_CALLING_OUT_TO_A_SOURCE0_PERFORM_FUNCTION__+0x11
C  [CoreFoundation+0x70c62]  __CFRunLoopDoSources0+0xf2
C  [CoreFoundation+0x703ef]  __CFRunLoopRun+0x33f
C  [CoreFoundation+0x6fe75]  CFRunLoopRunSpecific+0x135
C  [java+0x6480]  CreateExecutionEnvironment+0x367
C  [java+0x220c]  JLI_Launch+0x7a0
C  [java+0x84dd]  main+0x65
C  [java+0x1a64]  start+0x34
C  0x0000000000000006


---------------  P R O C E S S  ---------------

Java Threads: ( => current thread )
  0x00007fa2d780c000 JavaThread "AWT-Shutdown" [_thread_blocked, id=31503, stack(0x000000012557d000,0x000000012567d000)]
=>0x00007fa2d40c5800 JavaThread "AppKit Thread" daemon [_thread_in_native, id=3335, stack(0x00007fff589b1000,0x00007fff591b1000)]
  0x00007fa2d4814000 JavaThread "Service Thread" daemon [_thread_blocked, id=22275, stack(0x0000000120388000,0x0000000120488000)]
  0x00007fa2d781a000 JavaThread "C1 CompilerThread3" daemon [_thread_blocked, id=21763, stack(0x0000000120285000,0x0000000120385000)]
  0x00007fa2d7819000 JavaThread "C2 CompilerThread2" daemon [_thread_blocked, id=21251, stack(0x0000000120182000,0x0000000120282000)]
  0x00007fa2d5002000 JavaThread "C2 CompilerThread1" daemon [_thread_blocked, id=20739, stack(0x000000012007f000,0x000000012017f000)]
  0x00007fa2d4030000 JavaThread "C2 CompilerThread0" daemon [_thread_blocked, id=20227, stack(0x000000011ff7c000,0x000000012007c000)]
  0x00007fa2d406a000 JavaThread "Signal Dispatcher" daemon [_thread_blocked, id=19715, stack(0x000000011fe79000,0x000000011ff79000)]
  0x00007fa2d5000000 JavaThread "Finalizer" daemon [_thread_blocked, id=14595, stack(0x000000011fc42000,0x000000011fd42000)]
  0x00007fa2d405b800 JavaThread "Reference Handler" daemon [_thread_blocked, id=14083, stack(0x000000011fb3f000,0x000000011fc3f000)]
  0x00007fa2d4801000 JavaThread "main" [_thread_in_native, id=6403, stack(0x0000000108b69000,0x0000000108c69000)]

Other Threads:
  0x00007fa2d4059000 VMThread [stack: 0x000000011fa3c000,0x000000011fb3c000] [id=13571]
  0x00007fa2d480c000 WatcherThread [stack: 0x000000012048b000,0x000000012058b000] [id=22787]

VM state:not at safepoint (normal execution)

VM Mutex/Monitor currently owned by a thread: None

Heap:
 PSYoungGen      total 219648K, used 209789K [0x0000000795580000, 0x00000007ab980000, 0x00000007c0000000)
  eden space 205312K, 95% used [0x0000000795580000,0x00000007a145f798,0x00000007a1e00000)
  from space 14336K, 100% used [0x00000007a1e00000,0x00000007a2c00000,0x00000007a2c00000)
  to   space 17920K, 0% used [0x00000007aa800000,0x00000007aa800000,0x00000007ab980000)
 ParOldGen       total 87552K, used 18608K [0x0000000740000000, 0x0000000745580000, 0x0000000795580000)
  object space 87552K, 21% used [0x0000000740000000,0x000000074122c078,0x0000000745580000)
 Metaspace       used 8255K, capacity 8423K, committed 8576K, reserved 1056768K
  class space    used 792K, capacity 868K, committed 896K, reserved 1048576K

Card table byte_map: [0x000000011802b000,0x000000011842c000] byte_map_base: 0x000000011462b000

Marking Bits: (ParMarkBitMap*) 0x00000001084c26c0
 Begin Bits: [0x0000000118eef000, 0x000000011aeef000)
 End Bits:   [0x000000011aeef000, 0x000000011ceef000)

Polling page: 0x0000000106ba7000

CodeCache: size=245760Kb used=4741Kb max_used=4741Kb free=241018Kb
 bounds [0x0000000108c6b000, 0x000000010911b000, 0x0000000117c6b000]
 total_blobs=1438 nmethods=1003 adapters=349
 compilation: enabled

Compilation events (10 events):
Event: 4.559 Thread 0x00007fa2d781a000  998       3       java.time.LocalDateTime::toLocalDate (5 bytes)
Event: 4.559 Thread 0x00007fa2d781a000 nmethod 998 0x00000001090fe350 code [0x00000001090fe4c0, 0x00000001090fe6b0]
Event: 4.559 Thread 0x00007fa2d781a000  999       3       java.time.LocalTime::toSecondOfDay (28 bytes)
Event: 4.560 Thread 0x00007fa2d781a000 nmethod 999 0x00000001090fe010 code [0x00000001090fe160, 0x00000001090fe2d0]
Event: 4.560 Thread 0x00007fa2d781a000 1000       3       java.time.Instant::getEpochSecond (5 bytes)
Event: 4.560 Thread 0x00007fa2d781a000 nmethod 1000 0x00000001090fdd10 code [0x00000001090fde60, 0x00000001090fdfb0]
Event: 4.583 Thread 0x00007fa2d781a000 1001       3       luebkeTJ.Main::Make2D (88 bytes)
Event: 4.586 Thread 0x00007fa2d781a000 nmethod 1001 0x0000000109108110 code [0x0000000109108900, 0x000000010910d058]
Event: 4.798 Thread 0x00007fa2d781a000 1003       3       luebkeTJ.Plane::returnPlane (86 bytes)
Event: 4.798 Thread 0x00007fa2d781a000 nmethod 1003 0x00000001090fd350 code [0x00000001090fd4e0, 0x00000001090fd7e8]

GC Heap History (10 events):
Event: 1.750 GC heap before
{Heap before GC invocations=7 (full 0):
 PSYoungGen      total 69632K, used 69616K [0x0000000795580000, 0x000000079a080000, 0x00000007c0000000)
  eden space 65536K, 100% used [0x0000000795580000,0x0000000799580000,0x0000000799580000)
  from space 4096K, 99% used [0x0000000799a80000,0x0000000799e7c010,0x0000000799e80000)
  to   space 5120K, 0% used [0x0000000799580000,0x0000000799580000,0x0000000799a80000)
 ParOldGen       total 87552K, used 1248K [0x0000000740000000, 0x0000000745580000, 0x0000000795580000)
  object space 87552K, 1% used [0x0000000740000000,0x0000000740138000,0x0000000745580000)
 Metaspace       used 8152K, capacity 8295K, committed 8576K, reserved 1056768K
  class space    used 788K, capacity 868K, committed 896K, reserved 1048576K
Event: 1.764 GC heap after
Heap after GC invocations=7 (full 0):
 PSYoungGen      total 70656K, used 5120K [0x0000000795580000, 0x000000079e480000, 0x00000007c0000000)
  eden space 65536K, 0% used [0x0000000795580000,0x0000000795580000,0x0000000799580000)
  from space 5120K, 100% used [0x0000000799580000,0x0000000799a80000,0x0000000799a80000)
  to   space 7680K, 0% used [0x000000079dd00000,0x000000079dd00000,0x000000079e480000)
 ParOldGen       total 87552K, used 4908K [0x0000000740000000, 0x0000000745580000, 0x0000000795580000)
  object space 87552K, 5% used [0x0000000740000000,0x00000007404cb068,0x0000000745580000)
 Metaspace       used 8152K, capacity 8295K, committed 8576K, reserved 1056768K
  class space    used 788K, capacity 868K, committed 896K, reserved 1048576K
}
Event: 2.046 GC heap before
{Heap before GC invocations=8 (full 0):
 PSYoungGen      total 70656K, used 70656K [0x0000000795580000, 0x000000079e480000, 0x00000007c0000000)
  eden space 65536K, 100% used [0x0000000795580000,0x0000000799580000,0x0000000799580000)
  from space 5120K, 100% used [0x0000000799580000,0x0000000799a80000,0x0000000799a80000)
  to   space 7680K, 0% used [0x000000079dd00000,0x000000079dd00000,0x000000079e480000)
 ParOldGen       total 87552K, used 4908K [0x0000000740000000, 0x0000000745580000, 0x0000000795580000)
  object space 87552K, 5% used [0x0000000740000000,0x00000007404cb068,0x0000000745580000)
 Metaspace       used 8159K, capacity 8359K, committed 8576K, reserved 1056768K
  class space    used 788K, capacity 868K, committed 896K, reserved 1048576K
Event: 2.060 GC heap after
Heap after GC invocations=8 (full 0):
 PSYoungGen      total 136704K, used 7680K [0x0000000795580000, 0x000000079e880000, 0x00000007c0000000)
  eden space 129024K, 0% used [0x0000000795580000,0x0000000795580000,0x000000079d380000)
  from space 7680K, 100% used [0x000000079dd00000,0x000000079e480000,0x000000079e480000)
  to   space 9728K, 0% used [0x000000079d380000,0x000000079d380000,0x000000079dd00000)
 ParOldGen       total 87552K, used 6584K [0x0000000740000000, 0x0000000745580000, 0x0000000795580000)
  object space 87552K, 7% used [0x0000000740000000,0x000000074066e078,0x0000000745580000)
 Metaspace       used 8159K, capacity 8359K, committed 8576K, reserved 1056768K
  class space    used 788K, capacity 868K, committed 896K, reserved 1048576K
}
Event: 2.596 GC heap before
{Heap before GC invocations=9 (full 0):
 PSYoungGen      total 136704K, used 136704K [0x0000000795580000, 0x000000079e880000, 0x00000007c0000000)
  eden space 129024K, 100% used [0x0000000795580000,0x000000079d380000,0x000000079d380000)
  from space 7680K, 100% used [0x000000079dd00000,0x000000079e480000,0x000000079e480000)
  to   space 9728K, 0% used [0x000000079d380000,0x000000079d380000,0x000000079dd00000)
 ParOldGen       total 87552K, used 6584K [0x0000000740000000, 0x0000000745580000, 0x0000000795580000)
  object space 87552K, 7% used [0x0000000740000000,0x000000074066e078,0x0000000745580000)
 Metaspace       used 8168K, capacity 8359K, committed 8576K, reserved 1056768K
  class space    used 788K, capacity 868K, committed 896K, reserved 1048576K
Event: 2.624 GC heap after
Heap after GC invocations=9 (full 0):
 PSYoungGen      total 138752K, used 9728K [0x0000000795580000, 0x00000007a3880000, 0x00000007c0000000)
  eden space 129024K, 0% used [0x0000000795580000,0x0000000795580000,0x000000079d380000)
  from space 9728K, 100% used [0x000000079d380000,0x000000079dd00000,0x000000079dd00000)
  to   space 12800K, 0% used [0x00000007a2c00000,0x00000007a2c00000,0x00000007a3880000)
 ParOldGen       total 87552K, used 11040K [0x0000000740000000, 0x0000000745580000, 0x0000000795580000)
  object space 87552K, 12% used [0x0000000740000000,0x0000000740ac8078,0x0000000745580000)
 Metaspace       used 8168K, capacity 8359K, committed 8576K, reserved 1056768K
  class space    used 788K, capacity 868K, committed 896K, reserved 1048576K
}
Event: 3.111 GC heap before
{Heap before GC invocations=10 (full 0):
 PSYoungGen      total 138752K, used 138752K [0x0000000795580000, 0x00000007a3880000, 0x00000007c0000000)
  eden space 129024K, 100% used [0x0000000795580000,0x000000079d380000,0x000000079d380000)
  from space 9728K, 100% used [0x000000079d380000,0x000000079dd00000,0x000000079dd00000)
  to   space 12800K, 0% used [0x00000007a2c00000,0x00000007a2c00000,0x00000007a3880000)
 ParOldGen       total 87552K, used 11040K [0x0000000740000000, 0x0000000745580000, 0x0000000795580000)
  object space 87552K, 12% used [0x0000000740000000,0x0000000740ac8078,0x0000000745580000)
 Metaspace       used 8215K, capacity 8423K, committed 8576K, reserved 1056768K
  class space    used 792K, capacity 868K, committed 896K, reserved 1048576K
Event: 3.136 GC heap after
Heap after GC invocations=10 (full 0):
 PSYoungGen      total 218112K, used 11744K [0x0000000795580000, 0x00000007a3b80000, 0x00000007c0000000)
  eden space 205312K, 0% used [0x0000000795580000,0x0000000795580000,0x00000007a1e00000)
  from space 12800K, 91% used [0x00000007a2c00000,0x00000007a3778000,0x00000007a3880000)
  to   space 14336K, 0% used [0x00000007a1e00000,0x00000007a1e00000,0x00000007a2c00000)
 ParOldGen       total 87552K, used 14392K [0x0000000740000000, 0x0000000745580000, 0x0000000795580000)
  object space 87552K, 16% used [0x0000000740000000,0x0000000740e0e078,0x0000000745580000)
 Metaspace       used 8215K, capacity 8423K, committed 8576K, reserved 1056768K
  class space    used 792K, capacity 868K, committed 896K, reserved 1048576K
}
Event: 3.999 GC heap before
{Heap before GC invocations=11 (full 0):
 PSYoungGen      total 218112K, used 217056K [0x0000000795580000, 0x00000007a3b80000, 0x00000007c0000000)
  eden space 205312K, 100% used [0x0000000795580000,0x00000007a1e00000,0x00000007a1e00000)
  from space 12800K, 91% used [0x00000007a2c00000,0x00000007a3778000,0x00000007a3880000)
  to   space 14336K, 0% used [0x00000007a1e00000,0x00000007a1e00000,0x00000007a2c00000)
 ParOldGen       total 87552K, used 14392K [0x0000000740000000, 0x0000000745580000, 0x0000000795580000)
  object space 87552K, 16% used [0x0000000740000000,0x0000000740e0e078,0x0000000745580000)
 Metaspace       used 8243K, capacity 8423K, committed 8576K, reserved 1056768K
  class space    used 792K, capacity 868K, committed 896K, reserved 1048576K
Event: 4.039 GC heap after
Heap after GC invocations=11 (full 0):
 PSYoungGen      total 219648K, used 14336K [0x0000000795580000, 0x00000007ab980000, 0x00000007c0000000)
  eden space 205312K, 0% used [0x0000000795580000,0x0000000795580000,0x00000007a1e00000)
  from space 14336K, 100% used [0x00000007a1e00000,0x00000007a2c00000,0x00000007a2c00000)
  to   space 17920K, 0% used [0x00000007aa800000,0x00000007aa800000,0x00000007ab980000)
 ParOldGen       total 87552K, used 18608K [0x0000000740000000, 0x0000000745580000, 0x0000000795580000)
  object space 87552K, 21% used [0x0000000740000000,0x000000074122c078,0x0000000745580000)
 Metaspace       used 8243K, capacity 8423K, committed 8576K, reserved 1056768K
  class space    used 792K, capacity 868K, committed 896K, reserved 1048576K
}

Deoptimization events (10 events):
Event: 1.098 Thread 0x00007fa2d4801000 Uncommon trap: reason=unstable_if action=reinterpret pc=0x0000000108f7549c method=sun.misc.FloatingDecimal$ASCIIToBinaryBuffer.doubleValue()D @ 1141
Event: 1.099 Thread 0x00007fa2d4801000 Uncommon trap: reason=unstable_if action=reinterpret pc=0x0000000108f6fe48 method=sun.misc.FDBigInteger.leftShift(I)Lsun/misc/FDBigInteger; @ 90
Event: 1.122 Thread 0x00007fa2d4801000 Uncommon trap: reason=unstable_if action=reinterpret pc=0x0000000108f64bfc method=sun.misc.FloatingDecimal.readJavaFormatString(Ljava/lang/String;)Lsun/misc/FloatingDecimal$ASCIIToBinaryConverter; @ 445
Event: 1.146 Thread 0x00007fa2d4801000 Uncommon trap: reason=unstable_if action=reinterpret pc=0x0000000108f332b0 method=java.lang.String.regionMatches(ZILjava/lang/String;II)Z @ 123
Event: 1.146 Thread 0x00007fa2d4801000 Uncommon trap: reason=unstable_if action=reinterpret pc=0x0000000108f306c0 method=java.lang.String.regionMatches(ZILjava/lang/String;II)Z @ 123
Event: 1.258 Thread 0x00007fa2d4801000 Uncommon trap: reason=unstable_if action=reinterpret pc=0x0000000108fee4d0 method=luebkeTJ.Main.drawRotatedSphere()V @ 62
Event: 1.472 Thread 0x00007fa2d4801000 Uncommon trap: reason=unstable_if action=reinterpret pc=0x0000000109014bdc method=luebkeTJ.Main.checkCollision(LluebkeTJ/CollisionPacket;LluebkeTJ/Vector;LluebkeTJ/Vector;LluebkeTJ/Vector;LluebkeTJ/Data;)V @ 932
Event: 2.179 Thread 0x00007fa2d4801000 Uncommon trap: reason=unstable_if action=reinterpret pc=0x000000010903b4c0 method=luebkeTJ.Main.getLowestRoot(DDDD)Z @ 111
Event: 2.313 Thread 0x00007fa2d4801000 Uncommon trap: reason=unstable_if action=reinterpret pc=0x00000001090611a4 method=luebkeTJ.Main.checkCollision(LluebkeTJ/CollisionPacket;LluebkeTJ/Vector;LluebkeTJ/Vector;LluebkeTJ/Vector;LluebkeTJ/Data;)V @ 188
Event: 2.382 Thread 0x00007fa2d4801000 Uncommon trap: reason=unstable_if action=reinterpret pc=0x00000001090124b4 method=org.newdawn.slick.opengl.TextureImpl.bind()V @ 4

Internal exceptions (10 events):
Event: 0.179 Thread 0x00007fa2d4801000 Exception <a 'java/io/FileNotFoundException'> (0x0000000795954280) thrown at [/Users/java_re/workspace/8-2-build-macosx-x86_64/jdk8u40/2379.nc/hotspot/src/share/vm/prims/jni.cpp, line 709]
Event: 0.185 Thread 0x00007fa2d4801000 Exception <a 'java/lang/UnsatisfiedLinkError'> (0x0000000795960fc0) thrown at [/Users/java_re/workspace/8-2-build-macosx-x86_64/jdk8u40/2379.nc/hotspot/src/share/vm/prims/jvm.cpp, line 1386]
Event: 0.218 Thread 0x00007fa2d40c5800 Exception <a 'java/lang/NoSuchFieldError': method resolution failed> (0x0000000795ae0ce8) thrown at [/Users/java_re/workspace/8-2-build-macosx-x86_64/jdk8u40/2379.nc/hotspot/src/share/vm/prims/methodHandles.cpp, line 1125]
Event: 0.219 Thread 0x00007fa2d40c5800 Exception <a 'java/lang/NoSuchFieldError': method resolution failed> (0x0000000795aef358) thrown at [/Users/java_re/workspace/8-2-build-macosx-x86_64/jdk8u40/2379.nc/hotspot/src/share/vm/prims/methodHandles.cpp, line 1125]
Event: 0.453 Thread 0x00007fa2d4801000 Exception <a 'java/security/PrivilegedActionException'> (0x0000000795fe64d0) thrown at [/Users/java_re/workspace/8-2-build-macosx-x86_64/jdk8u40/2379.nc/hotspot/src/share/vm/prims/jvm.cpp, line 1382]
Event: 0.453 Thread 0x00007fa2d4801000 Exception <a 'java/security/PrivilegedActionException'> (0x0000000795fe8008) thrown at [/Users/java_re/workspace/8-2-build-macosx-x86_64/jdk8u40/2379.nc/hotspot/src/share/vm/prims/jvm.cpp, line 1382]
Event: 0.453 Thread 0x00007fa2d4801000 Exception <a 'java/security/PrivilegedActionException'> (0x0000000795fe9078) thrown at [/Users/java_re/workspace/8-2-build-macosx-x86_64/jdk8u40/2379.nc/hotspot/src/share/vm/prims/jvm.cpp, line 1382]
Event: 0.453 Thread 0x00007fa2d4801000 Exception <a 'java/security/PrivilegedActionException'> (0x0000000795fee028) thrown at [/Users/java_re/workspace/8-2-build-macosx-x86_64/jdk8u40/2379.nc/hotspot/src/share/vm/prims/jvm.cpp, line 1382]
Event: 0.453 Thread 0x00007fa2d4801000 Exception <a 'java/security/PrivilegedActionException'> (0x0000000795feebd0) thrown at [/Users/java_re/workspace/8-2-build-macosx-x86_64/jdk8u40/2379.nc/hotspot/src/share/vm/prims/jvm.cpp, line 1382]
Event: 0.453 Thread 0x00007fa2d4801000 Exception <a 'java/security/PrivilegedActionException'> (0x0000000795fef748) thrown at [/Users/java_re/workspace/8-2-build-macosx-x86_64/jdk8u40/2379.nc/hotspot/src/share/vm/prims/jvm.cpp, line 1382]

Events (10 events):
Event: 4.074 Executing VM operation: EnableBiasedLocking
Event: 4.074 Executing VM operation: EnableBiasedLocking done
Event: 4.148 Thread 0x00007fa2d4801000 DEOPT PACKING pc=0x00000001090870fd sp=0x0000000108c68720
Event: 4.148 Thread 0x00007fa2d4801000 DEOPT UNPACKING pc=0x0000000108cb2633 sp=0x0000000108c684b0 mode 0
Event: 4.180 Thread 0x00007fa2d4801000 DEOPT PACKING pc=0x0000000109085c3a sp=0x0000000108c68720
Event: 4.180 Thread 0x00007fa2d4801000 DEOPT UNPACKING pc=0x0000000108cb2633 sp=0x0000000108c684b0 mode 0
Event: 4.305 Thread 0x00007fa2d4801000 DEOPT PACKING pc=0x00000001090842f3 sp=0x0000000108c68690
Event: 4.305 Thread 0x00007fa2d4801000 DEOPT UNPACKING pc=0x0000000108cb2633 sp=0x0000000108c684c0 mode 0
Event: 4.914 loading class org/lwjgl/opengl/CallbackUtil
Event: 4.914 loading class org/lwjgl/opengl/CallbackUtil done


Dynamic libraries:
0x0000000005140000 	/System/Library/Frameworks/Cocoa.framework/Versions/A/Cocoa
0x0000000005140000 	/System/Library/Frameworks/Security.framework/Versions/A/Security
0x0000000005140000 	/System/Library/Frameworks/ApplicationServices.framework/Versions/A/ApplicationServices
0x0000000005140000 	/usr/lib/libz.1.dylib
0x0000000005140000 	/usr/lib/libSystem.B.dylib
0x0000000005140000 	/usr/lib/libobjc.A.dylib
0x0000000005140000 	/System/Library/Frameworks/CoreFoundation.framework/Versions/A/CoreFoundation
0x0000000005140000 	/System/Library/Frameworks/Foundation.framework/Versions/C/Foundation
0x0000000005140000 	/System/Library/Frameworks/AppKit.framework/Versions/C/AppKit
0x0000000005140000 	/System/Library/Frameworks/CoreData.framework/Versions/A/CoreData
0x0000000005140000 	/System/Library/PrivateFrameworks/RemoteViewServices.framework/Versions/A/RemoteViewServices
0x0000000005140000 	/System/Library/Frameworks/AudioToolbox.framework/Versions/A/AudioToolbox
0x0000000005140000 	/System/Library/Frameworks/AudioUnit.framework/Versions/A/AudioUnit
0x0000000005140000 	/System/Library/PrivateFrameworks/DataDetectorsCore.framework/Versions/A/DataDetectorsCore
0x0000000005140000 	/System/Library/PrivateFrameworks/DesktopServicesPriv.framework/Versions/A/DesktopServicesPriv
0x0000000005140000 	/System/Library/Frameworks/Carbon.framework/Versions/A/Frameworks/HIToolbox.framework/Versions/A/HIToolbox
0x0000000005140000 	/System/Library/Frameworks/QuartzCore.framework/Versions/A/QuartzCore
0x0000000005140000 	/System/Library/Frameworks/Carbon.framework/Versions/A/Frameworks/SpeechRecognition.framework/Versions/A/SpeechRecognition
0x0000000005140000 	/usr/lib/libauto.dylib
0x0000000005140000 	/usr/lib/libicucore.A.dylib
0x0000000005140000 	/usr/lib/libxml2.2.dylib
0x0000000005140000 	/System/Library/PrivateFrameworks/CoreUI.framework/Versions/A/CoreUI
0x0000000005140000 	/System/Library/Frameworks/CoreAudio.framework/Versions/A/CoreAudio
0x0000000005140000 	/System/Library/Frameworks/DiskArbitration.framework/Versions/A/DiskArbitration
0x0000000005140000 	/usr/lib/liblangid.dylib
0x0000000005140000 	/System/Library/PrivateFrameworks/MultitouchSupport.framework/Versions/A/MultitouchSupport
0x0000000005140000 	/System/Library/Frameworks/IOKit.framework/Versions/A/IOKit
0x0000000005140000 	/usr/lib/libDiagnosticMessagesClient.dylib
0x0000000005140000 	/System/Library/Frameworks/CoreServices.framework/Versions/A/CoreServices
0x0000000005140000 	/System/Library/PrivateFrameworks/PerformanceAnalysis.framework/Versions/A/PerformanceAnalysis
0x0000000005140000 	/System/Library/PrivateFrameworks/GenerationalStorage.framework/Versions/A/GenerationalStorage
0x0000000005140000 	/System/Library/Frameworks/OpenGL.framework/Versions/A/OpenGL
0x0000000005140000 	/System/Library/PrivateFrameworks/Sharing.framework/Versions/A/Sharing
0x0000000005140000 	/System/Library/Frameworks/ImageIO.framework/Versions/A/ImageIO
0x0000000005140000 	/System/Library/Frameworks/CoreText.framework/Versions/A/CoreText
0x0000000005140000 	/System/Library/Frameworks/CoreGraphics.framework/Versions/A/CoreGraphics
0x0000000005140000 	/System/Library/PrivateFrameworks/Backup.framework/Versions/A/Backup
0x0000000005140000 	/System/Library/Frameworks/CFNetwork.framework/Versions/A/CFNetwork
0x0000000005140000 	/System/Library/Frameworks/SystemConfiguration.framework/Versions/A/SystemConfiguration
0x0000000005140000 	/usr/lib/libCRFSuite.dylib
0x0000000005140000 	/usr/lib/libc++.1.dylib
0x0000000005140000 	/usr/lib/libc++abi.dylib
0x0000000005140000 	/usr/lib/system/libcache.dylib
0x0000000005140000 	/usr/lib/system/libcommonCrypto.dylib
0x0000000005140000 	/usr/lib/system/libcompiler_rt.dylib
0x0000000005140000 	/usr/lib/system/libcopyfile.dylib
0x0000000005140000 	/usr/lib/system/libcorecrypto.dylib
0x0000000005140000 	/usr/lib/system/libdispatch.dylib
0x0000000005140000 	/usr/lib/system/libdyld.dylib
0x0000000005140000 	/usr/lib/system/libkeymgr.dylib
0x0000000005140000 	/usr/lib/system/liblaunch.dylib
0x0000000005140000 	/usr/lib/system/libmacho.dylib
0x0000000005140000 	/usr/lib/system/libquarantine.dylib
0x0000000005140000 	/usr/lib/system/libremovefile.dylib
0x0000000005140000 	/usr/lib/system/libsystem_asl.dylib
0x0000000005140000 	/usr/lib/system/libsystem_blocks.dylib
0x0000000005140000 	/usr/lib/system/libsystem_c.dylib
0x0000000005140000 	/usr/lib/system/libsystem_configuration.dylib
0x0000000005140000 	/usr/lib/system/libsystem_dnssd.dylib
0x0000000005140000 	/usr/lib/system/libsystem_info.dylib
0x0000000005140000 	/usr/lib/system/libsystem_kernel.dylib
0x0000000005140000 	/usr/lib/system/libsystem_m.dylib
0x0000000005140000 	/usr/lib/system/libsystem_malloc.dylib
0x0000000005140000 	/usr/lib/system/libsystem_network.dylib
0x0000000005140000 	/usr/lib/system/libsystem_notify.dylib
0x0000000005140000 	/usr/lib/system/libsystem_platform.dylib
0x0000000005140000 	/usr/lib/system/libsystem_pthread.dylib
0x0000000005140000 	/usr/lib/system/libsystem_sandbox.dylib
0x0000000005140000 	/usr/lib/system/libsystem_stats.dylib
0x0000000005140000 	/usr/lib/system/libunc.dylib
0x0000000005140000 	/usr/lib/system/libunwind.dylib
0x0000000005140000 	/usr/lib/system/libxpc.dylib
0x0000000005140000 	/usr/lib/libbsm.0.dylib
0x0000000005140000 	/usr/lib/libsqlite3.dylib
0x0000000005140000 	/usr/lib/libxar.1.dylib
0x0000000005140000 	/usr/lib/libpam.2.dylib
0x0000000005140000 	/usr/lib/libOpenScriptingUtil.dylib
0x0000000005140000 	/usr/lib/libbz2.1.0.dylib
0x0000000005140000 	/System/Library/Frameworks/CoreServices.framework/Versions/A/Frameworks/CarbonCore.framework/Versions/A/CarbonCore
0x0000000005140000 	/System/Library/Frameworks/CoreServices.framework/Versions/A/Frameworks/Metadata.framework/Versions/A/Metadata
0x0000000005140000 	/System/Library/Frameworks/CoreServices.framework/Versions/A/Frameworks/OSServices.framework/Versions/A/OSServices
0x0000000005140000 	/System/Library/Frameworks/CoreServices.framework/Versions/A/Frameworks/SearchKit.framework/Versions/A/SearchKit
0x0000000005140000 	/System/Library/Frameworks/CoreServices.framework/Versions/A/Frameworks/AE.framework/Versions/A/AE
0x0000000005140000 	/System/Library/Frameworks/CoreServices.framework/Versions/A/Frameworks/LaunchServices.framework/Versions/A/LaunchServices
0x0000000005140000 	/System/Library/Frameworks/CoreServices.framework/Versions/A/Frameworks/DictionaryServices.framework/Versions/A/DictionaryServices
0x0000000005140000 	/System/Library/Frameworks/NetFS.framework/Versions/A/NetFS
0x0000000005140000 	/usr/lib/system/libkxld.dylib
0x0000000005140000 	/System/Library/PrivateFrameworks/NetAuth.framework/Versions/A/NetAuth
0x0000000005140000 	/System/Library/PrivateFrameworks/TCC.framework/Versions/A/TCC
0x0000000005140000 	/System/Library/Frameworks/OpenDirectory.framework/Versions/A/Frameworks/CFOpenDirectory.framework/Versions/A/CFOpenDirectory
0x0000000005140000 	/System/Library/Frameworks/ServiceManagement.framework/Versions/A/ServiceManagement
0x0000000005140000 	/usr/lib/libxslt.1.dylib
0x0000000005140000 	/System/Library/Frameworks/Carbon.framework/Versions/A/Frameworks/Ink.framework/Versions/A/Ink
0x0000000005140000 	/System/Library/Frameworks/ApplicationServices.framework/Versions/A/Frameworks/ATS.framework/Versions/A/ATS
0x0000000005140000 	/System/Library/Frameworks/ApplicationServices.framework/Versions/A/Frameworks/ColorSync.framework/Versions/A/ColorSync
0x0000000005140000 	/System/Library/Frameworks/ApplicationServices.framework/Versions/A/Frameworks/HIServices.framework/Versions/A/HIServices
0x0000000005140000 	/System/Library/Frameworks/ApplicationServices.framework/Versions/A/Frameworks/LangAnalysis.framework/Versions/A/LangAnalysis
0x0000000005140000 	/System/Library/Frameworks/ApplicationServices.framework/Versions/A/Frameworks/PrintCore.framework/Versions/A/PrintCore
0x0000000005140000 	/System/Library/Frameworks/ApplicationServices.framework/Versions/A/Frameworks/QD.framework/Versions/A/QD
0x0000000005140000 	/System/Library/Frameworks/ApplicationServices.framework/Versions/A/Frameworks/SpeechSynthesis.framework/Versions/A/SpeechSynthesis
0x0000000005140000 	/System/Library/Frameworks/IOSurface.framework/Versions/A/IOSurface
0x0000000005140000 	/System/Library/Frameworks/Accelerate.framework/Versions/A/Accelerate
0x0000000005140000 	/System/Library/Frameworks/Accelerate.framework/Versions/A/Frameworks/vImage.framework/Versions/A/vImage
0x0000000005140000 	/System/Library/Frameworks/Accelerate.framework/Versions/A/Frameworks/vecLib.framework/Versions/A/vecLib
0x0000000005140000 	/System/Library/Frameworks/Accelerate.framework/Versions/A/Frameworks/vecLib.framework/Versions/A/libvDSP.dylib
0x0000000005140000 	/System/Library/Frameworks/Accelerate.framework/Versions/A/Frameworks/vecLib.framework/Versions/A/libvMisc.dylib
0x0000000005140000 	/System/Library/Frameworks/Accelerate.framework/Versions/A/Frameworks/vecLib.framework/Versions/A/libLAPACK.dylib
0x0000000005140000 	/System/Library/Frameworks/Accelerate.framework/Versions/A/Frameworks/vecLib.framework/Versions/A/libBLAS.dylib
0x0000000005140000 	/System/Library/Frameworks/ApplicationServices.framework/Versions/A/Frameworks/ATS.framework/Versions/A/Resources/libFontParser.dylib
0x0000000005140000 	/System/Library/Frameworks/ApplicationServices.framework/Versions/A/Frameworks/ATS.framework/Versions/A/Resources/libFontRegistry.dylib
0x0000000005140000 	/System/Library/Frameworks/ImageIO.framework/Versions/A/Resources/libJPEG.dylib
0x0000000005140000 	/System/Library/Frameworks/ImageIO.framework/Versions/A/Resources/libTIFF.dylib
0x0000000005140000 	/System/Library/Frameworks/ImageIO.framework/Versions/A/Resources/libPng.dylib
0x0000000005140000 	/System/Library/Frameworks/ImageIO.framework/Versions/A/Resources/libGIF.dylib
0x0000000005140000 	/System/Library/Frameworks/ImageIO.framework/Versions/A/Resources/libJP2.dylib
0x0000000005140000 	/System/Library/Frameworks/ImageIO.framework/Versions/A/Resources/libRadiance.dylib
0x0000000005140000 	/usr/lib/libcups.2.dylib
0x0000000005140000 	/System/Library/Frameworks/Kerberos.framework/Versions/A/Kerberos
0x0000000005140000 	/System/Library/Frameworks/GSS.framework/Versions/A/GSS
0x0000000005140000 	/usr/lib/libresolv.9.dylib
0x0000000005140000 	/usr/lib/libiconv.2.dylib
0x0000000005140000 	/System/Library/PrivateFrameworks/Heimdal.framework/Versions/A/Heimdal
0x0000000005140000 	/System/Library/PrivateFrameworks/TrustEvaluationAgent.framework/Versions/A/TrustEvaluationAgent
0x0000000005140000 	/usr/lib/libheimdal-asn1.dylib
0x0000000005140000 	/System/Library/Frameworks/OpenDirectory.framework/Versions/A/OpenDirectory
0x0000000005140000 	/System/Library/PrivateFrameworks/CommonAuth.framework/Versions/A/CommonAuth
0x0000000005140000 	/System/Library/Frameworks/SecurityFoundation.framework/Versions/A/SecurityFoundation
0x0000000005140000 	/System/Library/PrivateFrameworks/Bom.framework/Versions/A/Bom
0x0000000005140000 	/System/Library/Frameworks/CoreVideo.framework/Versions/A/CoreVideo
0x0000000005140000 	/System/Library/Frameworks/QuartzCore.framework/Versions/A/Frameworks/CoreImage.framework/Versions/A/CoreImage
0x0000000005140000 	/System/Library/Frameworks/QuartzCore.framework/Versions/A/Frameworks/ScalableUserInterface.framework/Versions/A/ScalableUserInterface
0x0000000005140000 	/System/Library/Frameworks/OpenGL.framework/Versions/A/Libraries/libGLU.dylib
0x0000000005140000 	/System/Library/Frameworks/OpenGL.framework/Versions/A/Libraries/libGFXShared.dylib
0x0000000005140000 	/System/Library/Frameworks/OpenGL.framework/Versions/A/Libraries/libGL.dylib
0x0000000005140000 	/System/Library/Frameworks/OpenGL.framework/Versions/A/Libraries/libGLImage.dylib
0x0000000005140000 	/System/Library/Frameworks/OpenGL.framework/Versions/A/Libraries/libCVMSPluginSupport.dylib
0x0000000005140000 	/System/Library/Frameworks/OpenGL.framework/Versions/A/Libraries/libCoreVMClient.dylib
0x0000000005140000 	/System/Library/PrivateFrameworks/FaceCore.framework/Versions/A/FaceCore
0x0000000005140000 	/System/Library/PrivateFrameworks/CrashReporterSupport.framework/Versions/A/CrashReporterSupport
0x0000000005140000 	/System/Library/Frameworks/OpenCL.framework/Versions/A/OpenCL
0x0000000005140000 	/System/Library/PrivateFrameworks/AppleFSCompression.framework/Versions/A/AppleFSCompression
0x0000000005140000 	/System/Library/PrivateFrameworks/Ubiquity.framework/Versions/A/Ubiquity
0x0000000005140000 	/System/Library/PrivateFrameworks/IconServices.framework/Versions/A/IconServices
0x0000000005140000 	/System/Library/PrivateFrameworks/ChunkingLibrary.framework/Versions/A/ChunkingLibrary
0x0000000005140000 	/System/Library/PrivateFrameworks/CoreSymbolication.framework/Versions/A/CoreSymbolication
0x0000000005140000 	/System/Library/PrivateFrameworks/Symbolication.framework/Versions/A/Symbolication
0x0000000005140000 	/System/Library/PrivateFrameworks/DebugSymbols.framework/Versions/A/DebugSymbols
0x0000000107c00000 	/Library/Java/JavaVirtualMachines/jdk1.8.0_40.jdk/Contents/Home/jre/lib/server/libjvm.dylib
0x0000000005140000 	/usr/lib/libstdc++.6.dylib
0x0000000106b64000 	/Library/Java/JavaVirtualMachines/jdk1.8.0_40.jdk/Contents/Home/jre/lib/libverify.dylib
0x0000000106b72000 	/Library/Java/JavaVirtualMachines/jdk1.8.0_40.jdk/Contents/Home/jre/lib/libjava.dylib
0x0000000106bb1000 	/Library/Java/JavaVirtualMachines/jdk1.8.0_40.jdk/Contents/Home/jre/lib/libzip.dylib
0x0000000106be3000 	/System/Library/Frameworks/JavaVM.framework/Frameworks/JavaRuntimeSupport.framework/JavaRuntimeSupport
0x000000011fd44000 	/System/Library/Frameworks/JavaVM.framework/Versions/A/Frameworks/JavaNativeFoundation.framework/Versions/A/JavaNativeFoundation
0x000000011fd59000 	/System/Library/Frameworks/JavaVM.framework/Versions/A/JavaVM
0x0000000005140000 	/System/Library/Frameworks/Carbon.framework/Versions/A/Carbon
0x000000011fd66000 	/System/Library/PrivateFrameworks/JavaLaunching.framework/Versions/A/JavaLaunching
0x0000000005140000 	/System/Library/Frameworks/Carbon.framework/Versions/A/Frameworks/CommonPanels.framework/Versions/A/CommonPanels
0x0000000005140000 	/System/Library/Frameworks/Carbon.framework/Versions/A/Frameworks/Help.framework/Versions/A/Help
0x0000000005140000 	/System/Library/Frameworks/Carbon.framework/Versions/A/Frameworks/ImageCapture.framework/Versions/A/ImageCapture
0x0000000005140000 	/System/Library/Frameworks/Carbon.framework/Versions/A/Frameworks/OpenScripting.framework/Versions/A/OpenScripting
0x0000000005140000 	/System/Library/Frameworks/Carbon.framework/Versions/A/Frameworks/Print.framework/Versions/A/Print
0x0000000005140000 	/System/Library/Frameworks/Carbon.framework/Versions/A/Frameworks/SecurityHI.framework/Versions/A/SecurityHI
0x0000000120632000 	/Library/Java/JavaVirtualMachines/jdk1.8.0_40.jdk/Contents/Home/jre/lib/libawt.dylib
0x00000001206da000 	/Library/Java/JavaVirtualMachines/jdk1.8.0_40.jdk/Contents/Home/jre/lib/./libmlib_image.dylib
0x00000001207a6000 	/Library/Java/JavaVirtualMachines/jdk1.8.0_40.jdk/Contents/Home/jre/lib/libawt_lwawt.dylib
0x000000012085a000 	/Library/Java/JavaVirtualMachines/jdk1.8.0_40.jdk/Contents/Home/jre/lib/./libosxapp.dylib
0x0000000005140000 	/System/Library/Frameworks/ExceptionHandling.framework/Versions/A/ExceptionHandling
0x0000000005140000 	/System/Library/PrivateFrameworks/CoreServicesInternal.framework/Versions/A/CoreServicesInternal
0x0000000005140000 	/System/Library/PrivateFrameworks/Librarian.framework/Versions/A/Librarian
0x0000000005140000 	/System/Library/Frameworks/CoreGraphics.framework/Versions/A/Resources/libCGCMS.A.dylib
0x0000000005140000 	/System/Library/Frameworks/CoreGraphics.framework/Versions/A/Resources/libRIP.A.dylib
0x0000000005140000 	/System/Library/Frameworks/CoreGraphics.framework/Versions/A/Resources/libCGXType.A.dylib
0x0000000005140000 	/System/Library/PrivateFrameworks/FamilyControls.framework/Versions/A/FamilyControls
0x0000000005140000 	/System/Library/PrivateFrameworks/CommerceKit.framework/Versions/A/Frameworks/CommerceCore.framework/Versions/A/CommerceCore
0x0000000005140000 	/System/Library/PrivateFrameworks/SystemAdministration.framework/Versions/A/SystemAdministration
0x0000000005140000 	/System/Library/Frameworks/DirectoryService.framework/Versions/A/DirectoryService
0x0000000005140000 	/System/Library/PrivateFrameworks/DiskImages.framework/Versions/A/DiskImages
0x0000000005140000 	/System/Library/PrivateFrameworks/LoginUIKit.framework/Versions/A/Frameworks/LoginUICore.framework/Versions/A/LoginUICore
0x0000000005140000 	/usr/lib/libCoreStorage.dylib
0x0000000005140000 	/usr/lib/libcsfde.dylib
0x0000000005140000 	/usr/lib/libodfde.dylib
0x0000000005140000 	/System/Library/Frameworks/DiscRecording.framework/Versions/A/DiscRecording
0x0000000005140000 	/usr/lib/libcurl.4.dylib
0x0000000005140000 	/System/Library/PrivateFrameworks/MediaKit.framework/Versions/A/MediaKit
0x0000000005140000 	/System/Library/PrivateFrameworks/EFILogin.framework/Versions/A/EFILogin
0x0000000005140000 	/usr/lib/libutil.dylib
0x0000000005140000 	/System/Library/PrivateFrameworks/AOSNotification.framework/Versions/A/AOSNotification
0x0000000005140000 	/System/Library/Frameworks/LDAP.framework/Versions/A/LDAP
0x0000000005140000 	/usr/lib/libsasl2.2.dylib
0x0000000005140000 	/usr/lib/libcrypto.0.9.8.dylib
0x0000000005140000 	/usr/lib/libssl.0.9.8.dylib
0x0000000124945000 	/Library/Java/JavaVirtualMachines/jdk1.8.0_40.jdk/Contents/Home/jre/lib/libfontmanager.dylib
0x00000001249ac000 	/Users/tjluebke/Documents/workspace/BallRoll/lib/natives-mac/liblwjgl.jnilib
0x000000012205b000 	/Library/Java/JavaVirtualMachines/jdk1.8.0_40.jdk/Contents/Home/jre/lib/libjawt.dylib
0x0000000005140000 	/System/Library/Frameworks/OpenGL.framework/Versions/A/Resources/GLEngine.bundle/GLEngine
0x0000000005140000 	/System/Library/Frameworks/OpenGL.framework/Versions/A/Libraries/libGLProgrammability.dylib
0x0000000000000000 	/System/Library/Extensions/GeForceGLDriver.bundle/Contents/MacOS/GeForceGLDriver
0x0000000005140000 	/System/Library/PrivateFrameworks/IOAccelerator.framework/Versions/A/IOAccelerator
0x0000000005140000 	/System/Library/PrivateFrameworks/GPUSupport.framework/Versions/A/Libraries/libGPUSupportMercury.dylib
0x0000000005140000 	/System/Library/Extensions/GeForceGLDriver.bundle/Contents/MacOS/libclh.dylib
0x0000000005140000 	/System/Library/Frameworks/OpenGL.framework/Versions/A/Resources/GLRendererFloat.bundle/GLRendererFloat
0x0000000005140000 	/System/Library/Frameworks/OpenCL.framework/Versions/A/Libraries/libcldcpuengine.dylib
0x000000012805c000 	/Users/tjluebke/Documents/workspace/BallRoll/lib/natives-mac/openal.dylib
0x00000001280d5000 	/System/Library/Components/CoreAudio.component/Contents/MacOS/CoreAudio
0x0000000128351000 	/System/Library/Extensions/AppleHDA.kext/Contents/PlugIns/AppleHDAHALPlugIn.bundle/Contents/MacOS/AppleHDAHALPlugIn
0x000000012b869000 	cl_kernels
0x000000012b86c000 	/System/Library/Frameworks/OpenCL.framework/Versions/A/Libraries/ImageFormats/unorm8_bgra.dylib
0x000000012b85a000 	cl_kernels

VM Arguments:
jvm_args: -Djava.library.path=/Users/tjluebke/Documents/workspace/BallRoll/lib/natives-mac -Dfile.encoding=UTF-8 
java_command: luebkeTJ.Main
java_class_path (initial): /Users/tjluebke/Documents/workspace/BallRoll/bin:/Users/tjluebke/Documents/workspace/BallRoll/lib/jars/lwjgl_util.jar:/Users/tjluebke/Documents/workspace/BallRoll/lib/jars/lwjgl.jar:/Users/tjluebke/Documents/workspace/BallRoll/lib/jars/slick-util.jar
Launcher Type: SUN_STANDARD

Environment Variables:
PATH=/usr/bin:/bin:/usr/sbin:/sbin
SHELL=/bin/bash

Signal Handlers:
SIGSEGV: [libjvm.dylib+0x58f13d], sa_mask[0]=11111111011111110111111111111111, sa_flags=SA_ONSTACK|SA_RESTART|SA_SIGINFO
SIGBUS: [libjvm.dylib+0x58f13d], sa_mask[0]=11111111011111110111111111111111, sa_flags=SA_RESTART|SA_SIGINFO
SIGFPE: [libjvm.dylib+0x46c854], sa_mask[0]=11111111011111110111111111111111, sa_flags=SA_RESTART|SA_SIGINFO
SIGPIPE: [libjvm.dylib+0x46c854], sa_mask[0]=11111111011111110111111111111111, sa_flags=SA_RESTART|SA_SIGINFO
SIGXFSZ: [libjvm.dylib+0x46c854], sa_mask[0]=11111111011111110111111111111111, sa_flags=SA_RESTART|SA_SIGINFO
SIGILL: [libjvm.dylib+0x46c854], sa_mask[0]=11111111011111110111111111111111, sa_flags=SA_RESTART|SA_SIGINFO
SIGUSR1: SIG_DFL, sa_mask[0]=00000000000000000000000000000000, sa_flags=SA_RESTART
SIGUSR2: [libjvm.dylib+0x46c372], sa_mask[0]=00100000000000000000000000000000, sa_flags=SA_RESTART|SA_SIGINFO
SIGHUP: [libjvm.dylib+0x46a945], sa_mask[0]=11111111011111110111111111111111, sa_flags=SA_RESTART|SA_SIGINFO
SIGINT: [libjvm.dylib+0x46a945], sa_mask[0]=11111111011111110111111111111111, sa_flags=SA_RESTART|SA_SIGINFO
SIGTERM: [libjvm.dylib+0x46a945], sa_mask[0]=11111111011111110111111111111111, sa_flags=SA_RESTART|SA_SIGINFO
SIGQUIT: [libjvm.dylib+0x46a945], sa_mask[0]=11111111011111110111111111111111, sa_flags=SA_RESTART|SA_SIGINFO


---------------  S Y S T E M  ---------------

OS:Bsduname:Darwin 13.3.0 Darwin Kernel Version 13.3.0: Tue Jun  3 21:27:35 PDT 2014; root:xnu-2422.110.17~1/RELEASE_X86_64 x86_64
rlimit: STACK 8192k, CORE 0k, NPROC 709, NOFILE 10240, AS infinity
load average:1.94 1.95 1.78

CPU:total 8 (4 cores per cpu, 2 threads per core) family 6 model 60 stepping 3, cmov, cx8, fxsr, mmx, sse, sse2, sse3, ssse3, sse4.1, sse4.2, popcnt, avx, avx2, aes, clmul, erms, rtm, lzcnt, ht, tsc, tscinvbit, bmi1, bmi2

Memory: 4k page, physical 8388608k(3401704k free)

/proc/meminfo:


vm_info: Java HotSpot(TM) 64-Bit Server VM (25.40-b23) for bsd-amd64 JRE (1.8.0_40-ea-b19), built on Dec 16 2014 18:34:50 by "java_re" with gcc 4.2.1 (Based on Apple Inc. build 5658) (LLVM build 2336.11.00)

time: Mon Dec 29 22:00:20 2014
elapsed time: 4 seconds (0d 0h 0m 4s)

